[2024-08-13 16:40:19,367] [TapTapLogin-<module>][PhiQRCodeLogin] [DEBUG] - Logger is loading completed.
[2024-08-13 16:40:19,371] [connectionpool-_new_conn][urllib3.connectionpool] [DEBUG] - Starting new HTTPS connection (1): accounts.tapapis.cn:443
[2024-08-13 16:40:19,844] [connectionpool-_make_request][urllib3.connectionpool] [DEBUG] - https://accounts.tapapis.cn:443 "POST /oauth2/v1/device/code HTTP/11" 200 None
[2024-08-13 16:40:19,845] [TapTapLogin-Request][PhiQRCodeLogin] [DEBUG] - Request type£ºPOST
[2024-08-13 16:40:19,845] [TapTapLogin-Request][PhiQRCodeLogin] [DEBUG] - Request URL£ºhttps://accounts.tapapis.cn/oauth2/v1/device/code
[2024-08-13 16:40:19,845] [TapTapLogin-Request][PhiQRCodeLogin] [DEBUG] - Request header£º{'X-LC-Sign': '9dc946b9917e10186b0d24b0540ef9b3,1723538419367'}
[2024-08-13 16:40:19,845] [TapTapLogin-Request][PhiQRCodeLogin] [DEBUG] - Request data£º{'client_id': 'rAK3FfdieFob2Nn8Am', 'response_type': 'device_code', 'scope': 'public_profile', 'version': '2.1', 'platform': 'unity', 'info': "{'device_id': 'a3a8fd89873848cab649dd32645f838a'}"}
[2024-08-13 16:40:19,845] [TapTapLogin-Request][PhiQRCodeLogin] [DEBUG] - Return header£º{'Date': 'Tue, 13 Aug 2024 08:39:55 GMT', 'Content-Type': 'application/json; charset=utf-8', 'Transfer-Encoding': 'chunked', 'Connection': 'keep-alive', 'access-control-allow-origin': '*', 'cache-control': 'no-store', 'set-cookie': 'ACCOUNTS_USER_ID=0; Path=/; Domain=tapapis.cn; Max-Age=0; Secure', 'content-encoding': 'gzip', 'vary': 'Accept-Encoding', 'Strict-Transport-Security': 'max-age=31536000'}
[2024-08-13 16:40:19,845] [TapTapLogin-Request][PhiQRCodeLogin] [DEBUG] - Status code£º200
[2024-08-13 16:40:19,845] [TapTapLogin-Request][PhiQRCodeLogin] [DEBUG] - Return data£º{"data":{"device_code":"7HHsJMjW79WfwM82TbZ1SAtME3eqlsVx8FltI0qy","user_code":"zemyk","verification_url":"https://accounts.taptap.cn/device","expires_in":300,"interval":2,"qrcode_url":"https://accounts.taptap.cn/device?qrcode=1\u0026user_code=zemyk"},"now":1723538395,"success":true}
[2024-08-13 16:40:19,845] [QRCodeGetToken-get_token][PhiQRCodeLogin] [INFO] - »ñÈ¡¶þÎ¬ÂëÐÅÏ¢³É¹¦£º{'device_id': 'a3a8fd89873848cab649dd32645f838a', 'device_code': '7HHsJMjW79WfwM82TbZ1SAtME3eqlsVx8FltI0qy', 'user_code': 'zemyk', 'verification_url': 'https://accounts.taptap.cn/device', 'expires_in': 300, 'interval': 2, 'qrcode_url': 'https://accounts.taptap.cn/device?qrcode=1&user_code=zemyk'}
[2024-08-13 16:40:19,846] [QRCodeGetToken-get_token][PhiQRCodeLogin] [INFO] - ÒÑÉú³É¶þÎ¬Âë£¡
[2024-08-13 16:40:19,974] [connectionpool-_make_request][urllib3.connectionpool] [DEBUG] - https://accounts.tapapis.cn:443 "POST /oauth2/v1/token HTTP/11" 400 225
[2024-08-13 16:40:19,975] [TapTapLogin-Request][PhiQRCodeLogin] [DEBUG] - Request type£ºPOST
[2024-08-13 16:40:19,975] [TapTapLogin-Request][PhiQRCodeLogin] [DEBUG] - Request URL£ºhttps://accounts.tapapis.cn/oauth2/v1/token
[2024-08-13 16:40:19,975] [TapTapLogin-Request][PhiQRCodeLogin] [DEBUG] - Request header£º{'X-LC-Sign': 'ffe1b03c43e97bd8485b65e66db4a123,1723538419873'}
[2024-08-13 16:40:19,975] [TapTapLogin-Request][PhiQRCodeLogin] [DEBUG] - Request data£º{'grant_type': 'device_token', 'client_id': 'rAK3FfdieFob2Nn8Am', 'secret_type': 'hmac-sha-1', 'code': '7HHsJMjW79WfwM82TbZ1SAtME3eqlsVx8FltI0qy', 'version': '1.0', 'platform': 'unity', 'info': '{"device_id": "a3a8fd89873848cab649dd32645f838a"}'}
[2024-08-13 16:40:19,975] [TapTapLogin-Request][PhiQRCodeLogin] [DEBUG] - Return header£º{'Date': 'Tue, 13 Aug 2024 08:39:55 GMT', 'Content-Type': 'application/json; charset=utf-8', 'Content-Length': '225', 'Connection': 'keep-alive', 'access-control-allow-origin': '*', 'cache-control': 'no-store', 'set-cookie': 'ACCOUNTS_USER_ID=0; Path=/; Domain=tapapis.cn; Max-Age=0; Secure', 'Strict-Transport-Security': 'max-age=31536000'}
[2024-08-13 16:40:19,975] [TapTapLogin-Request][PhiQRCodeLogin] [DEBUG] - Status code£º400
[2024-08-13 16:40:19,975] [TapTapLogin-Request][PhiQRCodeLogin] [DEBUG] - Return data£º{"data":{"code":-1,"msg":"ÇëÇó´íÎó","error":"authorization_pending","error_description":"oauth2.tapapis.com.AUTHORIZATION_PENDING: InvalidArgument: the end-user authorization is pending"},"now":1723538395,"success":false}
[2024-08-13 16:40:19,975] [QRCodeGetToken-get_token][PhiQRCodeLogin] [DEBUG] - ¶þÎ¬ÂëµÇÂ¼Î´ÊÚÈ¨...
[2024-08-13 16:40:22,080] [connectionpool-_make_request][urllib3.connectionpool] [DEBUG] - https://accounts.tapapis.cn:443 "POST /oauth2/v1/token HTTP/11" 400 225
[2024-08-13 16:40:22,080] [TapTapLogin-Request][PhiQRCodeLogin] [DEBUG] - Request type£ºPOST
[2024-08-13 16:40:22,080] [TapTapLogin-Request][PhiQRCodeLogin] [DEBUG] - Request URL£ºhttps://accounts.tapapis.cn/oauth2/v1/token
[2024-08-13 16:40:22,080] [TapTapLogin-Request][PhiQRCodeLogin] [DEBUG] - Request header£º{'X-LC-Sign': '120a03c00bf2866067c9137239d65ac1,1723538421975'}
[2024-08-13 16:40:22,080] [TapTapLogin-Request][PhiQRCodeLogin] [DEBUG] - Request data£º{'grant_type': 'device_token', 'client_id': 'rAK3FfdieFob2Nn8Am', 'secret_type': 'hmac-sha-1', 'code': '7HHsJMjW79WfwM82TbZ1SAtME3eqlsVx8FltI0qy', 'version': '1.0', 'platform': 'unity', 'info': '{"device_id": "a3a8fd89873848cab649dd32645f838a"}'}
[2024-08-13 16:40:22,080] [TapTapLogin-Request][PhiQRCodeLogin] [DEBUG] - Return header£º{'Date': 'Tue, 13 Aug 2024 08:39:57 GMT', 'Content-Type': 'application/json; charset=utf-8', 'Content-Length': '225', 'Connection': 'keep-alive', 'access-control-allow-origin': '*', 'cache-control': 'no-store', 'set-cookie': 'ACCOUNTS_USER_ID=0; Path=/; Domain=tapapis.cn; Max-Age=0; Secure', 'Strict-Transport-Security': 'max-age=31536000'}
[2024-08-13 16:40:22,080] [TapTapLogin-Request][PhiQRCodeLogin] [DEBUG] - Status code£º400
[2024-08-13 16:40:22,080] [TapTapLogin-Request][PhiQRCodeLogin] [DEBUG] - Return data£º{"data":{"code":-1,"msg":"ÇëÇó´íÎó","error":"authorization_pending","error_description":"oauth2.tapapis.com.AUTHORIZATION_PENDING: InvalidArgument: the end-user authorization is pending"},"now":1723538397,"success":false}
[2024-08-13 16:40:22,080] [QRCodeGetToken-get_token][PhiQRCodeLogin] [DEBUG] - ¶þÎ¬ÂëµÇÂ¼Î´ÊÚÈ¨...
[2024-08-13 16:40:24,194] [connectionpool-_make_request][urllib3.connectionpool] [DEBUG] - https://accounts.tapapis.cn:443 "POST /oauth2/v1/token HTTP/11" 400 225
[2024-08-13 16:40:24,194] [TapTapLogin-Request][PhiQRCodeLogin] [DEBUG] - Request type£ºPOST
[2024-08-13 16:40:24,194] [TapTapLogin-Request][PhiQRCodeLogin] [DEBUG] - Request URL£ºhttps://accounts.tapapis.cn/oauth2/v1/token
[2024-08-13 16:40:24,194] [TapTapLogin-Request][PhiQRCodeLogin] [DEBUG] - Request header£º{'X-LC-Sign': '8b7341cf16a732680b1f8629596007a6,1723538424082'}
[2024-08-13 16:40:24,194] [TapTapLogin-Request][PhiQRCodeLogin] [DEBUG] - Request data£º{'grant_type': 'device_token', 'client_id': 'rAK3FfdieFob2Nn8Am', 'secret_type': 'hmac-sha-1', 'code': '7HHsJMjW79WfwM82TbZ1SAtME3eqlsVx8FltI0qy', 'version': '1.0', 'platform': 'unity', 'info': '{"device_id": "a3a8fd89873848cab649dd32645f838a"}'}
[2024-08-13 16:40:24,194] [TapTapLogin-Request][PhiQRCodeLogin] [DEBUG] - Return header£º{'Date': 'Tue, 13 Aug 2024 08:39:59 GMT', 'Content-Type': 'application/json; charset=utf-8', 'Content-Length': '225', 'Connection': 'keep-alive', 'access-control-allow-origin': '*', 'cache-control': 'no-store', 'set-cookie': 'ACCOUNTS_USER_ID=0; Path=/; Domain=tapapis.cn; Max-Age=0; Secure', 'Strict-Transport-Security': 'max-age=31536000'}
[2024-08-13 16:40:24,194] [TapTapLogin-Request][PhiQRCodeLogin] [DEBUG] - Status code£º400
[2024-08-13 16:40:24,194] [TapTapLogin-Request][PhiQRCodeLogin] [DEBUG] - Return data£º{"data":{"code":-1,"msg":"ÇëÇó´íÎó","error":"authorization_pending","error_description":"oauth2.tapapis.com.AUTHORIZATION_PENDING: InvalidArgument: the end-user authorization is pending"},"now":1723538399,"success":false}
[2024-08-13 16:40:24,194] [QRCodeGetToken-get_token][PhiQRCodeLogin] [DEBUG] - ¶þÎ¬ÂëµÇÂ¼Î´ÊÚÈ¨...
[2024-08-13 16:40:26,306] [connectionpool-_make_request][urllib3.connectionpool] [DEBUG] - https://accounts.tapapis.cn:443 "POST /oauth2/v1/token HTTP/11" 400 225
[2024-08-13 16:40:26,306] [TapTapLogin-Request][PhiQRCodeLogin] [DEBUG] - Request type£ºPOST
[2024-08-13 16:40:26,306] [TapTapLogin-Request][PhiQRCodeLogin] [DEBUG] - Request URL£ºhttps://accounts.tapapis.cn/oauth2/v1/token
[2024-08-13 16:40:26,306] [TapTapLogin-Request][PhiQRCodeLogin] [DEBUG] - Request header£º{'X-LC-Sign': '5d15af4eeea69aad2505c2593be45e5d,1723538426195'}
[2024-08-13 16:40:26,306] [TapTapLogin-Request][PhiQRCodeLogin] [DEBUG] - Request data£º{'grant_type': 'device_token', 'client_id': 'rAK3FfdieFob2Nn8Am', 'secret_type': 'hmac-sha-1', 'code': '7HHsJMjW79WfwM82TbZ1SAtME3eqlsVx8FltI0qy', 'version': '1.0', 'platform': 'unity', 'info': '{"device_id": "a3a8fd89873848cab649dd32645f838a"}'}
[2024-08-13 16:40:26,306] [TapTapLogin-Request][PhiQRCodeLogin] [DEBUG] - Return header£º{'Date': 'Tue, 13 Aug 2024 08:40:01 GMT', 'Content-Type': 'application/json; charset=utf-8', 'Content-Length': '225', 'Connection': 'keep-alive', 'access-control-allow-origin': '*', 'cache-control': 'no-store', 'set-cookie': 'ACCOUNTS_USER_ID=0; Path=/; Domain=tapapis.cn; Max-Age=0; Secure', 'Strict-Transport-Security': 'max-age=31536000'}
[2024-08-13 16:40:26,306] [TapTapLogin-Request][PhiQRCodeLogin] [DEBUG] - Status code£º400
[2024-08-13 16:40:26,306] [TapTapLogin-Request][PhiQRCodeLogin] [DEBUG] - Return data£º{"data":{"code":-1,"msg":"ÇëÇó´íÎó","error":"authorization_pending","error_description":"oauth2.tapapis.com.AUTHORIZATION_PENDING: InvalidArgument: the end-user authorization is pending"},"now":1723538401,"success":false}
[2024-08-13 16:40:26,306] [QRCodeGetToken-get_token][PhiQRCodeLogin] [DEBUG] - ¶þÎ¬ÂëµÇÂ¼Î´ÊÚÈ¨...
[2024-08-13 16:40:28,470] [connectionpool-_make_request][urllib3.connectionpool] [DEBUG] - https://accounts.tapapis.cn:443 "POST /oauth2/v1/token HTTP/11" 400 225
[2024-08-13 16:40:28,471] [TapTapLogin-Request][PhiQRCodeLogin] [DEBUG] - Request type£ºPOST
[2024-08-13 16:40:28,471] [TapTapLogin-Request][PhiQRCodeLogin] [DEBUG] - Request URL£ºhttps://accounts.tapapis.cn/oauth2/v1/token
[2024-08-13 16:40:28,471] [TapTapLogin-Request][PhiQRCodeLogin] [DEBUG] - Request header£º{'X-LC-Sign': '26889032b39e5b57ceca03f48bafa90b,1723538428307'}
[2024-08-13 16:40:28,471] [TapTapLogin-Request][PhiQRCodeLogin] [DEBUG] - Request data£º{'grant_type': 'device_token', 'client_id': 'rAK3FfdieFob2Nn8Am', 'secret_type': 'hmac-sha-1', 'code': '7HHsJMjW79WfwM82TbZ1SAtME3eqlsVx8FltI0qy', 'version': '1.0', 'platform': 'unity', 'info': '{"device_id": "a3a8fd89873848cab649dd32645f838a"}'}
[2024-08-13 16:40:28,471] [TapTapLogin-Request][PhiQRCodeLogin] [DEBUG] - Return header£º{'Date': 'Tue, 13 Aug 2024 08:40:03 GMT', 'Content-Type': 'application/json; charset=utf-8', 'Content-Length': '225', 'Connection': 'keep-alive', 'access-control-allow-origin': '*', 'cache-control': 'no-store', 'set-cookie': 'ACCOUNTS_USER_ID=0; Path=/; Domain=tapapis.cn; Max-Age=0; Secure', 'Strict-Transport-Security': 'max-age=31536000'}
[2024-08-13 16:40:28,471] [TapTapLogin-Request][PhiQRCodeLogin] [DEBUG] - Status code£º400
[2024-08-13 16:40:28,472] [TapTapLogin-Request][PhiQRCodeLogin] [DEBUG] - Return data£º{"data":{"code":-1,"msg":"ÇëÇó´íÎó","error":"authorization_pending","error_description":"oauth2.tapapis.com.AUTHORIZATION_PENDING: InvalidArgument: the end-user authorization is pending"},"now":1723538403,"success":false}
[2024-08-13 16:40:28,472] [QRCodeGetToken-get_token][PhiQRCodeLogin] [DEBUG] - ¶þÎ¬ÂëµÇÂ¼Î´ÊÚÈ¨...
[2024-08-13 16:40:30,576] [connectionpool-_make_request][urllib3.connectionpool] [DEBUG] - https://accounts.tapapis.cn:443 "POST /oauth2/v1/token HTTP/11" 400 225
[2024-08-13 16:40:30,576] [TapTapLogin-Request][PhiQRCodeLogin] [DEBUG] - Request type£ºPOST
[2024-08-13 16:40:30,576] [TapTapLogin-Request][PhiQRCodeLogin] [DEBUG] - Request URL£ºhttps://accounts.tapapis.cn/oauth2/v1/token
[2024-08-13 16:40:30,576] [TapTapLogin-Request][PhiQRCodeLogin] [DEBUG] - Request header£º{'X-LC-Sign': '2f256ae44a12dc4b8a5e1592207da79a,1723538430473'}
[2024-08-13 16:40:30,576] [TapTapLogin-Request][PhiQRCodeLogin] [DEBUG] - Request data£º{'grant_type': 'device_token', 'client_id': 'rAK3FfdieFob2Nn8Am', 'secret_type': 'hmac-sha-1', 'code': '7HHsJMjW79WfwM82TbZ1SAtME3eqlsVx8FltI0qy', 'version': '1.0', 'platform': 'unity', 'info': '{"device_id": "a3a8fd89873848cab649dd32645f838a"}'}
[2024-08-13 16:40:30,576] [TapTapLogin-Request][PhiQRCodeLogin] [DEBUG] - Return header£º{'Date': 'Tue, 13 Aug 2024 08:40:06 GMT', 'Content-Type': 'application/json; charset=utf-8', 'Content-Length': '225', 'Connection': 'keep-alive', 'access-control-allow-origin': '*', 'cache-control': 'no-store', 'set-cookie': 'ACCOUNTS_USER_ID=0; Path=/; Domain=tapapis.cn; Max-Age=0; Secure', 'Strict-Transport-Security': 'max-age=31536000'}
[2024-08-13 16:40:30,577] [TapTapLogin-Request][PhiQRCodeLogin] [DEBUG] - Status code£º400
[2024-08-13 16:40:30,577] [TapTapLogin-Request][PhiQRCodeLogin] [DEBUG] - Return data£º{"data":{"code":-1,"msg":"ÇëÇó´íÎó","error":"authorization_pending","error_description":"oauth2.tapapis.com.AUTHORIZATION_PENDING: InvalidArgument: the end-user authorization is pending"},"now":1723538406,"success":false}
[2024-08-13 16:40:30,577] [QRCodeGetToken-get_token][PhiQRCodeLogin] [DEBUG] - ¶þÎ¬ÂëµÇÂ¼Î´ÊÚÈ¨...
[2024-08-13 16:40:32,685] [connectionpool-_make_request][urllib3.connectionpool] [DEBUG] - https://accounts.tapapis.cn:443 "POST /oauth2/v1/token HTTP/11" 400 225
[2024-08-13 16:40:32,685] [TapTapLogin-Request][PhiQRCodeLogin] [DEBUG] - Request type£ºPOST
[2024-08-13 16:40:32,685] [TapTapLogin-Request][PhiQRCodeLogin] [DEBUG] - Request URL£ºhttps://accounts.tapapis.cn/oauth2/v1/token
[2024-08-13 16:40:32,685] [TapTapLogin-Request][PhiQRCodeLogin] [DEBUG] - Request header£º{'X-LC-Sign': '85abb4205be0bc8268c09a7accf8de63,1723538432577'}
[2024-08-13 16:40:32,685] [TapTapLogin-Request][PhiQRCodeLogin] [DEBUG] - Request data£º{'grant_type': 'device_token', 'client_id': 'rAK3FfdieFob2Nn8Am', 'secret_type': 'hmac-sha-1', 'code': '7HHsJMjW79WfwM82TbZ1SAtME3eqlsVx8FltI0qy', 'version': '1.0', 'platform': 'unity', 'info': '{"device_id": "a3a8fd89873848cab649dd32645f838a"}'}
[2024-08-13 16:40:32,685] [TapTapLogin-Request][PhiQRCodeLogin] [DEBUG] - Return header£º{'Date': 'Tue, 13 Aug 2024 08:40:08 GMT', 'Content-Type': 'application/json; charset=utf-8', 'Content-Length': '225', 'Connection': 'keep-alive', 'access-control-allow-origin': '*', 'cache-control': 'no-store', 'set-cookie': 'ACCOUNTS_USER_ID=0; Path=/; Domain=tapapis.cn; Max-Age=0; Secure', 'Strict-Transport-Security': 'max-age=31536000'}
[2024-08-13 16:40:32,685] [TapTapLogin-Request][PhiQRCodeLogin] [DEBUG] - Status code£º400
[2024-08-13 16:40:32,685] [TapTapLogin-Request][PhiQRCodeLogin] [DEBUG] - Return data£º{"data":{"code":-1,"msg":"ÇëÇó´íÎó","error":"authorization_pending","error_description":"oauth2.tapapis.com.AUTHORIZATION_PENDING: InvalidArgument: the end-user authorization is pending"},"now":1723538408,"success":false}
[2024-08-13 16:40:32,685] [QRCodeGetToken-get_token][PhiQRCodeLogin] [DEBUG] - ¶þÎ¬ÂëµÇÂ¼Î´ÊÚÈ¨...
[2024-08-13 16:40:34,812] [connectionpool-_make_request][urllib3.connectionpool] [DEBUG] - https://accounts.tapapis.cn:443 "POST /oauth2/v1/token HTTP/11" 400 225
[2024-08-13 16:40:34,812] [TapTapLogin-Request][PhiQRCodeLogin] [DEBUG] - Request type£ºPOST
[2024-08-13 16:40:34,812] [TapTapLogin-Request][PhiQRCodeLogin] [DEBUG] - Request URL£ºhttps://accounts.tapapis.cn/oauth2/v1/token
[2024-08-13 16:40:34,812] [TapTapLogin-Request][PhiQRCodeLogin] [DEBUG] - Request header£º{'X-LC-Sign': 'de732139ca6657583525104129730c93,1723538434686'}
[2024-08-13 16:40:34,812] [TapTapLogin-Request][PhiQRCodeLogin] [DEBUG] - Request data£º{'grant_type': 'device_token', 'client_id': 'rAK3FfdieFob2Nn8Am', 'secret_type': 'hmac-sha-1', 'code': '7HHsJMjW79WfwM82TbZ1SAtME3eqlsVx8FltI0qy', 'version': '1.0', 'platform': 'unity', 'info': '{"device_id": "a3a8fd89873848cab649dd32645f838a"}'}
[2024-08-13 16:40:34,812] [TapTapLogin-Request][PhiQRCodeLogin] [DEBUG] - Return header£º{'Date': 'Tue, 13 Aug 2024 08:40:10 GMT', 'Content-Type': 'application/json; charset=utf-8', 'Content-Length': '225', 'Connection': 'keep-alive', 'access-control-allow-origin': '*', 'cache-control': 'no-store', 'set-cookie': 'ACCOUNTS_USER_ID=0; Path=/; Domain=tapapis.cn; Max-Age=0; Secure', 'Strict-Transport-Security': 'max-age=31536000'}
[2024-08-13 16:40:34,812] [TapTapLogin-Request][PhiQRCodeLogin] [DEBUG] - Status code£º400
[2024-08-13 16:40:34,812] [TapTapLogin-Request][PhiQRCodeLogin] [DEBUG] - Return data£º{"data":{"code":-1,"msg":"ÇëÇó´íÎó","error":"authorization_pending","error_description":"oauth2.tapapis.com.AUTHORIZATION_PENDING: InvalidArgument: the end-user authorization is pending"},"now":1723538410,"success":false}
[2024-08-13 16:40:34,812] [QRCodeGetToken-get_token][PhiQRCodeLogin] [DEBUG] - ¶þÎ¬ÂëµÇÂ¼Î´ÊÚÈ¨...
