[2024-08-13 16:43:10,832] [TapTapLogin-<module>][PhiQRCodeLogin] [DEBUG] - Logger is loading completed.
[2024-08-13 16:43:10,834] [connectionpool-_new_conn][urllib3.connectionpool] [DEBUG] - Starting new HTTPS connection (1): accounts.tapapis.cn:443
[2024-08-13 16:43:11,252] [connectionpool-_make_request][urllib3.connectionpool] [DEBUG] - https://accounts.tapapis.cn:443 "POST /oauth2/v1/device/code HTTP/11" 200 None
[2024-08-13 16:43:11,252] [TapTapLogin-Request][PhiQRCodeLogin] [DEBUG] - Request type：POST
[2024-08-13 16:43:11,252] [TapTapLogin-Request][PhiQRCodeLogin] [DEBUG] - Request URL：https://accounts.tapapis.cn/oauth2/v1/device/code
[2024-08-13 16:43:11,255] [TapTapLogin-Request][PhiQRCodeLogin] [DEBUG] - Request header：{'X-LC-Sign': '58b1698147ebdb66df338a6106f409f8,1723538590832'}
[2024-08-13 16:43:11,255] [TapTapLogin-Request][PhiQRCodeLogin] [DEBUG] - Request data：{'client_id': 'rAK3FfdieFob2Nn8Am', 'response_type': 'device_code', 'scope': 'public_profile', 'version': '2.1', 'platform': 'unity', 'info': "{'device_id': '5e6753c22a124d2780716590d3a04480'}"}
[2024-08-13 16:43:11,255] [TapTapLogin-Request][PhiQRCodeLogin] [DEBUG] - Return header：{'Date': 'Tue, 13 Aug 2024 08:42:46 GMT', 'Content-Type': 'application/json; charset=utf-8', 'Transfer-Encoding': 'chunked', 'Connection': 'keep-alive', 'access-control-allow-origin': '*', 'cache-control': 'no-store', 'set-cookie': 'ACCOUNTS_USER_ID=0; Path=/; Domain=tapapis.cn; Max-Age=0; Secure', 'content-encoding': 'gzip', 'vary': 'Accept-Encoding', 'Strict-Transport-Security': 'max-age=31536000'}
[2024-08-13 16:43:11,255] [TapTapLogin-Request][PhiQRCodeLogin] [DEBUG] - Status code：200
[2024-08-13 16:43:11,255] [TapTapLogin-Request][PhiQRCodeLogin] [DEBUG] - Return data：{"data":{"device_code":"TrxUl1o7aS9zM7lsVa7f00XgS79rau4GASDXxvZd","user_code":"llsba","verification_url":"https://accounts.taptap.cn/device","expires_in":300,"interval":2,"qrcode_url":"https://accounts.taptap.cn/device?qrcode=1\u0026user_code=llsba"},"now":1723538566,"success":true}
[2024-08-13 16:43:11,255] [QRCodeGetToken-get_token][PhiQRCodeLogin] [INFO] - 获取二维码信息成功：{'device_id': '5e6753c22a124d2780716590d3a04480', 'device_code': 'TrxUl1o7aS9zM7lsVa7f00XgS79rau4GASDXxvZd', 'user_code': 'llsba', 'verification_url': 'https://accounts.taptap.cn/device', 'expires_in': 300, 'interval': 2, 'qrcode_url': 'https://accounts.taptap.cn/device?qrcode=1&user_code=llsba'}
[2024-08-13 16:43:11,255] [QRCodeGetToken-get_token][PhiQRCodeLogin] [INFO] - 已生成二维码！
[2024-08-13 16:43:11,397] [connectionpool-_make_request][urllib3.connectionpool] [DEBUG] - https://accounts.tapapis.cn:443 "POST /oauth2/v1/token HTTP/11" 400 225
[2024-08-13 16:43:11,397] [TapTapLogin-Request][PhiQRCodeLogin] [DEBUG] - Request type：POST
[2024-08-13 16:43:11,397] [TapTapLogin-Request][PhiQRCodeLogin] [DEBUG] - Request URL：https://accounts.tapapis.cn/oauth2/v1/token
[2024-08-13 16:43:11,397] [TapTapLogin-Request][PhiQRCodeLogin] [DEBUG] - Request header：{'X-LC-Sign': '8c05e3fe0bb309be7066d0407b9ea488,1723538591281'}
[2024-08-13 16:43:11,397] [TapTapLogin-Request][PhiQRCodeLogin] [DEBUG] - Request data：{'grant_type': 'device_token', 'client_id': 'rAK3FfdieFob2Nn8Am', 'secret_type': 'hmac-sha-1', 'code': 'TrxUl1o7aS9zM7lsVa7f00XgS79rau4GASDXxvZd', 'version': '1.0', 'platform': 'unity', 'info': '{"device_id": "5e6753c22a124d2780716590d3a04480"}'}
[2024-08-13 16:43:11,397] [TapTapLogin-Request][PhiQRCodeLogin] [DEBUG] - Return header：{'Date': 'Tue, 13 Aug 2024 08:42:46 GMT', 'Content-Type': 'application/json; charset=utf-8', 'Content-Length': '225', 'Connection': 'keep-alive', 'access-control-allow-origin': '*', 'cache-control': 'no-store', 'set-cookie': 'ACCOUNTS_USER_ID=0; Path=/; Domain=tapapis.cn; Max-Age=0; Secure', 'Strict-Transport-Security': 'max-age=31536000'}
[2024-08-13 16:43:11,397] [TapTapLogin-Request][PhiQRCodeLogin] [DEBUG] - Status code：400
[2024-08-13 16:43:11,397] [TapTapLogin-Request][PhiQRCodeLogin] [DEBUG] - Return data：{"data":{"code":-1,"msg":"请求错误","error":"authorization_pending","error_description":"oauth2.tapapis.com.AUTHORIZATION_PENDING: InvalidArgument: the end-user authorization is pending"},"now":1723538566,"success":false}
[2024-08-13 16:43:11,397] [QRCodeGetToken-get_token][PhiQRCodeLogin] [DEBUG] - 二维码登录未授权...
[2024-08-13 16:43:13,503] [connectionpool-_make_request][urllib3.connectionpool] [DEBUG] - https://accounts.tapapis.cn:443 "POST /oauth2/v1/token HTTP/11" 400 225
[2024-08-13 16:43:13,503] [TapTapLogin-Request][PhiQRCodeLogin] [DEBUG] - Request type：POST
[2024-08-13 16:43:13,503] [TapTapLogin-Request][PhiQRCodeLogin] [DEBUG] - Request URL：https://accounts.tapapis.cn/oauth2/v1/token
[2024-08-13 16:43:13,503] [TapTapLogin-Request][PhiQRCodeLogin] [DEBUG] - Request header：{'X-LC-Sign': '70585a8f4511c58c2ff502bfe1b14f71,1723538593398'}
[2024-08-13 16:43:13,503] [TapTapLogin-Request][PhiQRCodeLogin] [DEBUG] - Request data：{'grant_type': 'device_token', 'client_id': 'rAK3FfdieFob2Nn8Am', 'secret_type': 'hmac-sha-1', 'code': 'TrxUl1o7aS9zM7lsVa7f00XgS79rau4GASDXxvZd', 'version': '1.0', 'platform': 'unity', 'info': '{"device_id": "5e6753c22a124d2780716590d3a04480"}'}
[2024-08-13 16:43:13,503] [TapTapLogin-Request][PhiQRCodeLogin] [DEBUG] - Return header：{'Date': 'Tue, 13 Aug 2024 08:42:49 GMT', 'Content-Type': 'application/json; charset=utf-8', 'Content-Length': '225', 'Connection': 'keep-alive', 'access-control-allow-origin': '*', 'cache-control': 'no-store', 'set-cookie': 'ACCOUNTS_USER_ID=0; Path=/; Domain=tapapis.cn; Max-Age=0; Secure', 'Strict-Transport-Security': 'max-age=31536000'}
[2024-08-13 16:43:13,503] [TapTapLogin-Request][PhiQRCodeLogin] [DEBUG] - Status code：400
[2024-08-13 16:43:13,503] [TapTapLogin-Request][PhiQRCodeLogin] [DEBUG] - Return data：{"data":{"code":-1,"msg":"请求错误","error":"authorization_pending","error_description":"oauth2.tapapis.com.AUTHORIZATION_PENDING: InvalidArgument: the end-user authorization is pending"},"now":1723538568,"success":false}
[2024-08-13 16:43:13,503] [QRCodeGetToken-get_token][PhiQRCodeLogin] [DEBUG] - 二维码登录未授权...
[2024-08-13 16:43:15,635] [connectionpool-_make_request][urllib3.connectionpool] [DEBUG] - https://accounts.tapapis.cn:443 "POST /oauth2/v1/token HTTP/11" 400 225
[2024-08-13 16:43:15,635] [TapTapLogin-Request][PhiQRCodeLogin] [DEBUG] - Request type：POST
[2024-08-13 16:43:15,635] [TapTapLogin-Request][PhiQRCodeLogin] [DEBUG] - Request URL：https://accounts.tapapis.cn/oauth2/v1/token
[2024-08-13 16:43:15,635] [TapTapLogin-Request][PhiQRCodeLogin] [DEBUG] - Request header：{'X-LC-Sign': '90771d26a0d3154c6519d9aba27e9c87,1723538595504'}
[2024-08-13 16:43:15,635] [TapTapLogin-Request][PhiQRCodeLogin] [DEBUG] - Request data：{'grant_type': 'device_token', 'client_id': 'rAK3FfdieFob2Nn8Am', 'secret_type': 'hmac-sha-1', 'code': 'TrxUl1o7aS9zM7lsVa7f00XgS79rau4GASDXxvZd', 'version': '1.0', 'platform': 'unity', 'info': '{"device_id": "5e6753c22a124d2780716590d3a04480"}'}
[2024-08-13 16:43:15,635] [TapTapLogin-Request][PhiQRCodeLogin] [DEBUG] - Return header：{'Date': 'Tue, 13 Aug 2024 08:42:51 GMT', 'Content-Type': 'application/json; charset=utf-8', 'Content-Length': '225', 'Connection': 'keep-alive', 'access-control-allow-origin': '*', 'cache-control': 'no-store', 'set-cookie': 'ACCOUNTS_USER_ID=0; Path=/; Domain=tapapis.cn; Max-Age=0; Secure', 'Strict-Transport-Security': 'max-age=31536000'}
[2024-08-13 16:43:15,635] [TapTapLogin-Request][PhiQRCodeLogin] [DEBUG] - Status code：400
[2024-08-13 16:43:15,635] [TapTapLogin-Request][PhiQRCodeLogin] [DEBUG] - Return data：{"data":{"code":-1,"msg":"请求错误","error":"authorization_pending","error_description":"oauth2.tapapis.com.AUTHORIZATION_PENDING: InvalidArgument: the end-user authorization is pending"},"now":1723538571,"success":false}
[2024-08-13 16:43:15,636] [QRCodeGetToken-get_token][PhiQRCodeLogin] [DEBUG] - 二维码登录未授权...
[2024-08-13 16:43:17,740] [connectionpool-_make_request][urllib3.connectionpool] [DEBUG] - https://accounts.tapapis.cn:443 "POST /oauth2/v1/token HTTP/11" 400 225
[2024-08-13 16:43:17,740] [TapTapLogin-Request][PhiQRCodeLogin] [DEBUG] - Request type：POST
[2024-08-13 16:43:17,740] [TapTapLogin-Request][PhiQRCodeLogin] [DEBUG] - Request URL：https://accounts.tapapis.cn/oauth2/v1/token
[2024-08-13 16:43:17,740] [TapTapLogin-Request][PhiQRCodeLogin] [DEBUG] - Request header：{'X-LC-Sign': '8b34ba3a4552b1523d7e2e6919693f9a,1723538597637'}
[2024-08-13 16:43:17,740] [TapTapLogin-Request][PhiQRCodeLogin] [DEBUG] - Request data：{'grant_type': 'device_token', 'client_id': 'rAK3FfdieFob2Nn8Am', 'secret_type': 'hmac-sha-1', 'code': 'TrxUl1o7aS9zM7lsVa7f00XgS79rau4GASDXxvZd', 'version': '1.0', 'platform': 'unity', 'info': '{"device_id": "5e6753c22a124d2780716590d3a04480"}'}
[2024-08-13 16:43:17,740] [TapTapLogin-Request][PhiQRCodeLogin] [DEBUG] - Return header：{'Date': 'Tue, 13 Aug 2024 08:42:53 GMT', 'Content-Type': 'application/json; charset=utf-8', 'Content-Length': '225', 'Connection': 'keep-alive', 'access-control-allow-origin': '*', 'cache-control': 'no-store', 'set-cookie': 'ACCOUNTS_USER_ID=0; Path=/; Domain=tapapis.cn; Max-Age=0; Secure', 'Strict-Transport-Security': 'max-age=31536000'}
[2024-08-13 16:43:17,740] [TapTapLogin-Request][PhiQRCodeLogin] [DEBUG] - Status code：400
[2024-08-13 16:43:17,740] [TapTapLogin-Request][PhiQRCodeLogin] [DEBUG] - Return data：{"data":{"code":-1,"msg":"请求错误","error":"authorization_pending","error_description":"oauth2.tapapis.com.AUTHORIZATION_PENDING: InvalidArgument: the end-user authorization is pending"},"now":1723538573,"success":false}
[2024-08-13 16:43:17,740] [QRCodeGetToken-get_token][PhiQRCodeLogin] [DEBUG] - 二维码登录未授权...
[2024-08-13 16:43:19,842] [connectionpool-_make_request][urllib3.connectionpool] [DEBUG] - https://accounts.tapapis.cn:443 "POST /oauth2/v1/token HTTP/11" 400 225
[2024-08-13 16:43:19,843] [TapTapLogin-Request][PhiQRCodeLogin] [DEBUG] - Request type：POST
[2024-08-13 16:43:19,843] [TapTapLogin-Request][PhiQRCodeLogin] [DEBUG] - Request URL：https://accounts.tapapis.cn/oauth2/v1/token
[2024-08-13 16:43:19,843] [TapTapLogin-Request][PhiQRCodeLogin] [DEBUG] - Request header：{'X-LC-Sign': 'b77f1464e141d81dfa7cdbe4aa58ed4a,1723538599742'}
[2024-08-13 16:43:19,843] [TapTapLogin-Request][PhiQRCodeLogin] [DEBUG] - Request data：{'grant_type': 'device_token', 'client_id': 'rAK3FfdieFob2Nn8Am', 'secret_type': 'hmac-sha-1', 'code': 'TrxUl1o7aS9zM7lsVa7f00XgS79rau4GASDXxvZd', 'version': '1.0', 'platform': 'unity', 'info': '{"device_id": "5e6753c22a124d2780716590d3a04480"}'}
[2024-08-13 16:43:19,843] [TapTapLogin-Request][PhiQRCodeLogin] [DEBUG] - Return header：{'Date': 'Tue, 13 Aug 2024 08:42:55 GMT', 'Content-Type': 'application/json; charset=utf-8', 'Content-Length': '225', 'Connection': 'keep-alive', 'access-control-allow-origin': '*', 'cache-control': 'no-store', 'set-cookie': 'ACCOUNTS_USER_ID=0; Path=/; Domain=tapapis.cn; Max-Age=0; Secure', 'Strict-Transport-Security': 'max-age=31536000'}
[2024-08-13 16:43:19,843] [TapTapLogin-Request][PhiQRCodeLogin] [DEBUG] - Status code：400
[2024-08-13 16:43:19,843] [TapTapLogin-Request][PhiQRCodeLogin] [DEBUG] - Return data：{"data":{"code":-1,"msg":"请求错误","error":"authorization_pending","error_description":"oauth2.tapapis.com.AUTHORIZATION_PENDING: InvalidArgument: the end-user authorization is pending"},"now":1723538575,"success":false}
[2024-08-13 16:43:19,843] [QRCodeGetToken-get_token][PhiQRCodeLogin] [DEBUG] - 二维码登录未授权...
[2024-08-13 16:43:21,944] [connectionpool-_make_request][urllib3.connectionpool] [DEBUG] - https://accounts.tapapis.cn:443 "POST /oauth2/v1/token HTTP/11" 400 225
[2024-08-13 16:43:21,944] [TapTapLogin-Request][PhiQRCodeLogin] [DEBUG] - Request type：POST
[2024-08-13 16:43:21,945] [TapTapLogin-Request][PhiQRCodeLogin] [DEBUG] - Request URL：https://accounts.tapapis.cn/oauth2/v1/token
[2024-08-13 16:43:21,945] [TapTapLogin-Request][PhiQRCodeLogin] [DEBUG] - Request header：{'X-LC-Sign': 'cd0b35d3b50acb32bea36855daf9d2eb,1723538601844'}
[2024-08-13 16:43:21,945] [TapTapLogin-Request][PhiQRCodeLogin] [DEBUG] - Request data：{'grant_type': 'device_token', 'client_id': 'rAK3FfdieFob2Nn8Am', 'secret_type': 'hmac-sha-1', 'code': 'TrxUl1o7aS9zM7lsVa7f00XgS79rau4GASDXxvZd', 'version': '1.0', 'platform': 'unity', 'info': '{"device_id": "5e6753c22a124d2780716590d3a04480"}'}
[2024-08-13 16:43:21,945] [TapTapLogin-Request][PhiQRCodeLogin] [DEBUG] - Return header：{'Date': 'Tue, 13 Aug 2024 08:42:57 GMT', 'Content-Type': 'application/json; charset=utf-8', 'Content-Length': '225', 'Connection': 'keep-alive', 'access-control-allow-origin': '*', 'cache-control': 'no-store', 'set-cookie': 'ACCOUNTS_USER_ID=0; Path=/; Domain=tapapis.cn; Max-Age=0; Secure', 'Strict-Transport-Security': 'max-age=31536000'}
[2024-08-13 16:43:21,945] [TapTapLogin-Request][PhiQRCodeLogin] [DEBUG] - Status code：400
[2024-08-13 16:43:21,945] [TapTapLogin-Request][PhiQRCodeLogin] [DEBUG] - Return data：{"data":{"code":-1,"msg":"请求错误","error":"authorization_pending","error_description":"oauth2.tapapis.com.AUTHORIZATION_PENDING: InvalidArgument: the end-user authorization is pending"},"now":1723538577,"success":false}
[2024-08-13 16:43:21,945] [QRCodeGetToken-get_token][PhiQRCodeLogin] [DEBUG] - 二维码登录未授权...
[2024-08-13 16:43:24,049] [connectionpool-_make_request][urllib3.connectionpool] [DEBUG] - https://accounts.tapapis.cn:443 "POST /oauth2/v1/token HTTP/11" 400 225
[2024-08-13 16:43:24,050] [TapTapLogin-Request][PhiQRCodeLogin] [DEBUG] - Request type：POST
[2024-08-13 16:43:24,050] [TapTapLogin-Request][PhiQRCodeLogin] [DEBUG] - Request URL：https://accounts.tapapis.cn/oauth2/v1/token
[2024-08-13 16:43:24,050] [TapTapLogin-Request][PhiQRCodeLogin] [DEBUG] - Request header：{'X-LC-Sign': '160698035ce4546eac8614970438d723,1723538603946'}
[2024-08-13 16:43:24,050] [TapTapLogin-Request][PhiQRCodeLogin] [DEBUG] - Request data：{'grant_type': 'device_token', 'client_id': 'rAK3FfdieFob2Nn8Am', 'secret_type': 'hmac-sha-1', 'code': 'TrxUl1o7aS9zM7lsVa7f00XgS79rau4GASDXxvZd', 'version': '1.0', 'platform': 'unity', 'info': '{"device_id": "5e6753c22a124d2780716590d3a04480"}'}
[2024-08-13 16:43:24,050] [TapTapLogin-Request][PhiQRCodeLogin] [DEBUG] - Return header：{'Date': 'Tue, 13 Aug 2024 08:42:59 GMT', 'Content-Type': 'application/json; charset=utf-8', 'Content-Length': '225', 'Connection': 'keep-alive', 'access-control-allow-origin': '*', 'cache-control': 'no-store', 'set-cookie': 'ACCOUNTS_USER_ID=0; Path=/; Domain=tapapis.cn; Max-Age=0; Secure', 'Strict-Transport-Security': 'max-age=31536000'}
[2024-08-13 16:43:24,050] [TapTapLogin-Request][PhiQRCodeLogin] [DEBUG] - Status code：400
[2024-08-13 16:43:24,050] [TapTapLogin-Request][PhiQRCodeLogin] [DEBUG] - Return data：{"data":{"code":-1,"msg":"请求错误","error":"authorization_pending","error_description":"oauth2.tapapis.com.AUTHORIZATION_PENDING: InvalidArgument: the end-user authorization is pending"},"now":1723538579,"success":false}
[2024-08-13 16:43:24,050] [QRCodeGetToken-get_token][PhiQRCodeLogin] [DEBUG] - 二维码登录未授权...
[2024-08-13 16:43:26,177] [connectionpool-_make_request][urllib3.connectionpool] [DEBUG] - https://accounts.tapapis.cn:443 "POST /oauth2/v1/token HTTP/11" 200 None
[2024-08-13 16:43:26,177] [TapTapLogin-Request][PhiQRCodeLogin] [DEBUG] - Request type：POST
[2024-08-13 16:43:26,178] [TapTapLogin-Request][PhiQRCodeLogin] [DEBUG] - Request URL：https://accounts.tapapis.cn/oauth2/v1/token
[2024-08-13 16:43:26,178] [TapTapLogin-Request][PhiQRCodeLogin] [DEBUG] - Request header：{'X-LC-Sign': '72d8ef67f06b1bc5c90c5402d479d93f,1723538606051'}
[2024-08-13 16:43:26,178] [TapTapLogin-Request][PhiQRCodeLogin] [DEBUG] - Request data：{'grant_type': 'device_token', 'client_id': 'rAK3FfdieFob2Nn8Am', 'secret_type': 'hmac-sha-1', 'code': 'TrxUl1o7aS9zM7lsVa7f00XgS79rau4GASDXxvZd', 'version': '1.0', 'platform': 'unity', 'info': '{"device_id": "5e6753c22a124d2780716590d3a04480"}'}
[2024-08-13 16:43:26,178] [TapTapLogin-Request][PhiQRCodeLogin] [DEBUG] - Return header：{'Date': 'Tue, 13 Aug 2024 08:43:01 GMT', 'Content-Type': 'application/json; charset=utf-8', 'Transfer-Encoding': 'chunked', 'Connection': 'keep-alive', 'access-control-allow-origin': '*', 'cache-control': 'no-store', 'set-cookie': 'ACCOUNTS_USER_ID=0; Path=/; Domain=tapapis.cn; Max-Age=0; Secure', 'content-encoding': 'gzip', 'vary': 'Accept-Encoding', 'Strict-Transport-Security': 'max-age=31536000'}
[2024-08-13 16:43:26,178] [TapTapLogin-Request][PhiQRCodeLogin] [DEBUG] - Status code：200
[2024-08-13 16:43:26,178] [TapTapLogin-Request][PhiQRCodeLogin] [DEBUG] - Return data：{"data":{"kid":"1/kaQoIM3nydw9q8ODgW6TSmS08Pya9ghank7I-O4Rx-KTUu3s2HKIeOYzUTKT0MVfw2dEXxlYF1K71egf6wmWixumWTjT_eVcaK5lvZBK7tYODOTmwmejzYP_HtjdBhlOS0dR5BAmm4Du00Zr_oBFshcln3ppDsM2oBwMaUMMeqVSv3bJRsHiozhaRe9YzaKYh6HF7dJhhgrtni0tSQ2icjaObW7o3cOkyVgUQkwv3eF8sqEMLtZ4cdh2Ko4Kdwdf8lSDPq9RiHOQ9jac5EbcaN3OwwfjDsf7tYN1XmCg3DpJxJLZKS2mwmkq1p4DGspwx4W-riLKihIuEsgvTVq7gA","access_token":"1/kaQoIM3nydw9q8ODgW6TSmS08Pya9ghank7I-O4Rx-KTUu3s2HKIeOYzUTKT0MVfw2dEXxlYF1K71egf6wmWixumWTjT_eVcaK5lvZBK7tYODOTmwmejzYP_HtjdBhlOS0dR5BAmm4Du00Zr_oBFshcln3ppDsM2oBwMaUMMeqVSv3bJRsHiozhaRe9YzaKYh6HF7dJhhgrtni0tSQ2icjaObW7o3cOkyVgUQkwv3eF8sqEMLtZ4cdh2Ko4Kdwdf8lSDPq9RiHOQ9jac5EbcaN3OwwfjDsf7tYN1XmCg3DpJxJLZKS2mwmkq1p4DGspwx4W-riLKihIuEsgvTVq7gA","token_type":"mac","mac_key":"boDv19Xxx88zm5Xeo7AeaIrI8SG7OmYbMfA4tHxD","mac_algorithm":"hmac-sha-1","scope":"public_profile"},"now":1723538581,"success":true}
[2024-08-13 16:43:26,178] [QRCodeGetToken-get_token][PhiQRCodeLogin] [INFO] - 登录成功：{'data': {'kid': '1/kaQoIM3nydw9q8ODgW6TSmS08Pya9ghank7I-O4Rx-KTUu3s2HKIeOYzUTKT0MVfw2dEXxlYF1K71egf6wmWixumWTjT_eVcaK5lvZBK7tYODOTmwmejzYP_HtjdBhlOS0dR5BAmm4Du00Zr_oBFshcln3ppDsM2oBwMaUMMeqVSv3bJRsHiozhaRe9YzaKYh6HF7dJhhgrtni0tSQ2icjaObW7o3cOkyVgUQkwv3eF8sqEMLtZ4cdh2Ko4Kdwdf8lSDPq9RiHOQ9jac5EbcaN3OwwfjDsf7tYN1XmCg3DpJxJLZKS2mwmkq1p4DGspwx4W-riLKihIuEsgvTVq7gA', 'access_token': '1/kaQoIM3nydw9q8ODgW6TSmS08Pya9ghank7I-O4Rx-KTUu3s2HKIeOYzUTKT0MVfw2dEXxlYF1K71egf6wmWixumWTjT_eVcaK5lvZBK7tYODOTmwmejzYP_HtjdBhlOS0dR5BAmm4Du00Zr_oBFshcln3ppDsM2oBwMaUMMeqVSv3bJRsHiozhaRe9YzaKYh6HF7dJhhgrtni0tSQ2icjaObW7o3cOkyVgUQkwv3eF8sqEMLtZ4cdh2Ko4Kdwdf8lSDPq9RiHOQ9jac5EbcaN3OwwfjDsf7tYN1XmCg3DpJxJLZKS2mwmkq1p4DGspwx4W-riLKihIuEsgvTVq7gA', 'token_type': 'mac', 'mac_key': 'boDv19Xxx88zm5Xeo7AeaIrI8SG7OmYbMfA4tHxD', 'mac_algorithm': 'hmac-sha-1', 'scope': 'public_profile'}, 'now': 1723538581, 'success': True}
[2024-08-13 16:43:26,179] [connectionpool-_new_conn][urllib3.connectionpool] [DEBUG] - Starting new HTTPS connection (1): open.tapapis.cn:443
[2024-08-13 16:43:26,723] [connectionpool-_make_request][urllib3.connectionpool] [DEBUG] - https://open.tapapis.cn:443 "GET /account/profile/v1?client_id=rAK3FfdieFob2Nn8Am HTTP/11" 200 None
[2024-08-13 16:43:26,724] [TapTapLogin-Request][PhiQRCodeLogin] [DEBUG] - Request type：GET
[2024-08-13 16:43:26,724] [TapTapLogin-Request][PhiQRCodeLogin] [DEBUG] - Request URL：https://open.tapapis.cn/account/profile/v1?client_id=rAK3FfdieFob2Nn8Am
[2024-08-13 16:43:26,724] [TapTapLogin-Request][PhiQRCodeLogin] [DEBUG] - Request header：{'Authorization': 'MAC id="1/kaQoIM3nydw9q8ODgW6TSmS08Pya9ghank7I-O4Rx-KTUu3s2HKIeOYzUTKT0MVfw2dEXxlYF1K71egf6wmWixumWTjT_eVcaK5lvZBK7tYODOTmwmejzYP_HtjdBhlOS0dR5BAmm4Du00Zr_oBFshcln3ppDsM2oBwMaUMMeqVSv3bJRsHiozhaRe9YzaKYh6HF7dJhhgrtni0tSQ2icjaObW7o3cOkyVgUQkwv3eF8sqEMLtZ4cdh2Ko4Kdwdf8lSDPq9RiHOQ9jac5EbcaN3OwwfjDsf7tYN1XmCg3DpJxJLZKS2mwmkq1p4DGspwx4W-riLKihIuEsgvTVq7gA",ts="1723538606",nonce="1719080626",mac="9whJGWzP3IDcNioWXJ4TvQ5ubl8="', 'X-LC-Sign': '8ccc845fc1aeacd9ca73372e1e933f5c,1723538606178'}
[2024-08-13 16:43:26,724] [TapTapLogin-Request][PhiQRCodeLogin] [DEBUG] - Request data：None
[2024-08-13 16:43:26,724] [TapTapLogin-Request][PhiQRCodeLogin] [DEBUG] - Return header：{'Date': 'Tue, 13 Aug 2024 08:43:02 GMT', 'Content-Type': 'application/json; charset=utf-8', 'Transfer-Encoding': 'chunked', 'Connection': 'keep-alive', 'cache-control': 'no-store', 'content-encoding': 'gzip', 'vary': 'Accept-Encoding', 'Strict-Transport-Security': 'max-age=31536000'}
[2024-08-13 16:43:26,724] [TapTapLogin-Request][PhiQRCodeLogin] [DEBUG] - Status code：200
[2024-08-13 16:43:26,725] [TapTapLogin-Request][PhiQRCodeLogin] [DEBUG] - Return data：{"data":{"avatar":"https://img3.tapimg.com/avatars/etag/FrDCwD7crh0_irQb3IOqEkfrSkdM.png?imageMogr2/auto-orient/strip/thumbnail/!270x270r/gravity/Center/crop/270x270/format/jpg/interlace/1/quality/80","gender":"","name":"Mono","openid":"av4UssVE1hfO5PQzCeCDGQ==","unionid":"cUgNlwHIjTjShGiH1dATbg=="},"now":1723538582,"success":true}
[2024-08-13 16:43:26,725] [QRCodeGetToken-get_token][PhiQRCodeLogin] [INFO] - 获取用户资料成功：{'data': {'avatar': 'https://img3.tapimg.com/avatars/etag/FrDCwD7crh0_irQb3IOqEkfrSkdM.png?imageMogr2/auto-orient/strip/thumbnail/!270x270r/gravity/Center/crop/270x270/format/jpg/interlace/1/quality/80', 'gender': '', 'name': 'Mono', 'openid': 'av4UssVE1hfO5PQzCeCDGQ==', 'unionid': 'cUgNlwHIjTjShGiH1dATbg=='}, 'now': 1723538582, 'success': True}
[2024-08-13 16:43:26,726] [connectionpool-_new_conn][urllib3.connectionpool] [DEBUG] - Starting new HTTPS connection (1): rak3ffdi.cloud.tds1.tapapis.cn:443
[2024-08-13 16:43:27,034] [connectionpool-_make_request][urllib3.connectionpool] [DEBUG] - https://rak3ffdi.cloud.tds1.tapapis.cn:443 "POST /1.1/users HTTP/11" 200 1694
[2024-08-13 16:43:27,034] [TapTapLogin-Request][PhiQRCodeLogin] [DEBUG] - Request type：POST
[2024-08-13 16:43:27,034] [TapTapLogin-Request][PhiQRCodeLogin] [DEBUG] - Request URL：https://rak3ffdi.cloud.tds1.tapapis.cn/1.1/users
[2024-08-13 16:43:27,034] [TapTapLogin-Request][PhiQRCodeLogin] [DEBUG] - Request header：{'X-LC-Id': 'rAK3FfdieFob2Nn8Am', 'Content-Type': 'application/json', 'X-LC-Sign': 'eac183bf49d4cd84840c256b84de412e,1723538606725'}
[2024-08-13 16:43:27,034] [TapTapLogin-Request][PhiQRCodeLogin] [DEBUG] - Request data：{"authData": {"taptap": {"avatar": "https://img3.tapimg.com/avatars/etag/FrDCwD7crh0_irQb3IOqEkfrSkdM.png?imageMogr2/auto-orient/strip/thumbnail/!270x270r/gravity/Center/crop/270x270/format/jpg/interlace/1/quality/80", "gender": "", "name": "Mono", "openid": "av4UssVE1hfO5PQzCeCDGQ==", "unionid": "cUgNlwHIjTjShGiH1dATbg==", "kid": "1/kaQoIM3nydw9q8ODgW6TSmS08Pya9ghank7I-O4Rx-KTUu3s2HKIeOYzUTKT0MVfw2dEXxlYF1K71egf6wmWixumWTjT_eVcaK5lvZBK7tYODOTmwmejzYP_HtjdBhlOS0dR5BAmm4Du00Zr_oBFshcln3ppDsM2oBwMaUMMeqVSv3bJRsHiozhaRe9YzaKYh6HF7dJhhgrtni0tSQ2icjaObW7o3cOkyVgUQkwv3eF8sqEMLtZ4cdh2Ko4Kdwdf8lSDPq9RiHOQ9jac5EbcaN3OwwfjDsf7tYN1XmCg3DpJxJLZKS2mwmkq1p4DGspwx4W-riLKihIuEsgvTVq7gA", "access_token": "1/kaQoIM3nydw9q8ODgW6TSmS08Pya9ghank7I-O4Rx-KTUu3s2HKIeOYzUTKT0MVfw2dEXxlYF1K71egf6wmWixumWTjT_eVcaK5lvZBK7tYODOTmwmejzYP_HtjdBhlOS0dR5BAmm4Du00Zr_oBFshcln3ppDsM2oBwMaUMMeqVSv3bJRsHiozhaRe9YzaKYh6HF7dJhhgrtni0tSQ2icjaObW7o3cOkyVgUQkwv3eF8sqEMLtZ4cdh2Ko4Kdwdf8lSDPq9RiHOQ9jac5EbcaN3OwwfjDsf7tYN1XmCg3DpJxJLZKS2mwmkq1p4DGspwx4W-riLKihIuEsgvTVq7gA", "token_type": "mac", "mac_key": "boDv19Xxx88zm5Xeo7AeaIrI8SG7OmYbMfA4tHxD", "mac_algorithm": "hmac-sha-1", "scope": "public_profile"}}}
[2024-08-13 16:43:27,034] [TapTapLogin-Request][PhiQRCodeLogin] [DEBUG] - Return header：{'content-type': 'application/json; charset=utf-8', 'date': 'Tue, 13 Aug 2024 08:43:02 GMT', 'content-length': '1694', 'x-envoy-upstream-service-time': '95', 'x-service-name': 'kimber-storage', 'server': 'istio-envoy'}
[2024-08-13 16:43:27,034] [TapTapLogin-Request][PhiQRCodeLogin] [DEBUG] - Status code：200
[2024-08-13 16:43:27,034] [TapTapLogin-Request][PhiQRCodeLogin] [DEBUG] - Return data：{"ACL":{"*":{"write":true,"read":true}},"authData":{"taptap":{"access_token":"1/kaQoIM3nydw9q8ODgW6TSmS08Pya9ghank7I-O4Rx-KTUu3s2HKIeOYzUTKT0MVfw2dEXxlYF1K71egf6wmWixumWTjT_eVcaK5lvZBK7tYODOTmwmejzYP_HtjdBhlOS0dR5BAmm4Du00Zr_oBFshcln3ppDsM2oBwMaUMMeqVSv3bJRsHiozhaRe9YzaKYh6HF7dJhhgrtni0tSQ2icjaObW7o3cOkyVgUQkwv3eF8sqEMLtZ4cdh2Ko4Kdwdf8lSDPq9RiHOQ9jac5EbcaN3OwwfjDsf7tYN1XmCg3DpJxJLZKS2mwmkq1p4DGspwx4W-riLKihIuEsgvTVq7gA","avatar":"https://img3.tapimg.com/avatars/etag/FrDCwD7crh0_irQb3IOqEkfrSkdM.png?imageMogr2/auto-orient/strip/thumbnail/!270x270r/gravity/Center/crop/270x270/format/jpg/interlace/1/quality/80","gender":"","kid":"1/kaQoIM3nydw9q8ODgW6TSmS08Pya9ghank7I-O4Rx-KTUu3s2HKIeOYzUTKT0MVfw2dEXxlYF1K71egf6wmWixumWTjT_eVcaK5lvZBK7tYODOTmwmejzYP_HtjdBhlOS0dR5BAmm4Du00Zr_oBFshcln3ppDsM2oBwMaUMMeqVSv3bJRsHiozhaRe9YzaKYh6HF7dJhhgrtni0tSQ2icjaObW7o3cOkyVgUQkwv3eF8sqEMLtZ4cdh2Ko4Kdwdf8lSDPq9RiHOQ9jac5EbcaN3OwwfjDsf7tYN1XmCg3DpJxJLZKS2mwmkq1p4DGspwx4W-riLKihIuEsgvTVq7gA","mac_algorithm":"hmac-sha-1","mac_key":"boDv19Xxx88zm5Xeo7AeaIrI8SG7OmYbMfA4tHxD","name":"Mono","openid":"av4UssVE1hfO5PQzCeCDGQ==","scope":"public_profile","token_type":"mac","unionid":"cUgNlwHIjTjShGiH1dATbg=="}},"avatar":"https://img3.tapimg.com/default_avatars/8d7b8d6bfdbafca5212ba9ab29320611.jpg?imageMogr2/auto-orient/strip/thumbnail/!270x270r/gravity/Center/crop/270x270/format/jpg/interlace/1/quality/80","createdAt":"2023-08-01T07:58:38.393Z","emailVerified":false,"mobilePhoneVerified":false,"nickname":"确实举步维艰","objectId":"64c8bb2ed1a87e1ebfc66dcb","sessionToken":"6r909yj9mlnvxag4ryeyu6sxd","shortId":"wwftjb","updatedAt":"2024-08-13T08:43:02.558Z","username":"c5fxolsbfpvnixsgyim9jl2fk"}
[2024-08-13 16:43:27,034] [QRCodeGetToken-get_token][PhiQRCodeLogin] [INFO] - 获取userdata成功：{'ACL': {'*': {'write': True, 'read': True}}, 'authData': {'taptap': {'access_token': '1/kaQoIM3nydw9q8ODgW6TSmS08Pya9ghank7I-O4Rx-KTUu3s2HKIeOYzUTKT0MVfw2dEXxlYF1K71egf6wmWixumWTjT_eVcaK5lvZBK7tYODOTmwmejzYP_HtjdBhlOS0dR5BAmm4Du00Zr_oBFshcln3ppDsM2oBwMaUMMeqVSv3bJRsHiozhaRe9YzaKYh6HF7dJhhgrtni0tSQ2icjaObW7o3cOkyVgUQkwv3eF8sqEMLtZ4cdh2Ko4Kdwdf8lSDPq9RiHOQ9jac5EbcaN3OwwfjDsf7tYN1XmCg3DpJxJLZKS2mwmkq1p4DGspwx4W-riLKihIuEsgvTVq7gA', 'avatar': 'https://img3.tapimg.com/avatars/etag/FrDCwD7crh0_irQb3IOqEkfrSkdM.png?imageMogr2/auto-orient/strip/thumbnail/!270x270r/gravity/Center/crop/270x270/format/jpg/interlace/1/quality/80', 'gender': '', 'kid': '1/kaQoIM3nydw9q8ODgW6TSmS08Pya9ghank7I-O4Rx-KTUu3s2HKIeOYzUTKT0MVfw2dEXxlYF1K71egf6wmWixumWTjT_eVcaK5lvZBK7tYODOTmwmejzYP_HtjdBhlOS0dR5BAmm4Du00Zr_oBFshcln3ppDsM2oBwMaUMMeqVSv3bJRsHiozhaRe9YzaKYh6HF7dJhhgrtni0tSQ2icjaObW7o3cOkyVgUQkwv3eF8sqEMLtZ4cdh2Ko4Kdwdf8lSDPq9RiHOQ9jac5EbcaN3OwwfjDsf7tYN1XmCg3DpJxJLZKS2mwmkq1p4DGspwx4W-riLKihIuEsgvTVq7gA', 'mac_algorithm': 'hmac-sha-1', 'mac_key': 'boDv19Xxx88zm5Xeo7AeaIrI8SG7OmYbMfA4tHxD', 'name': 'Mono', 'openid': 'av4UssVE1hfO5PQzCeCDGQ==', 'scope': 'public_profile', 'token_type': 'mac', 'unionid': 'cUgNlwHIjTjShGiH1dATbg=='}}, 'avatar': 'https://img3.tapimg.com/default_avatars/8d7b8d6bfdbafca5212ba9ab29320611.jpg?imageMogr2/auto-orient/strip/thumbnail/!270x270r/gravity/Center/crop/270x270/format/jpg/interlace/1/quality/80', 'createdAt': '2023-08-01T07:58:38.393Z', 'emailVerified': False, 'mobilePhoneVerified': False, 'nickname': '确实举步维艰', 'objectId': '64c8bb2ed1a87e1ebfc66dcb', 'sessionToken': '6r909yj9mlnvxag4ryeyu6sxd', 'shortId': 'wwftjb', 'updatedAt': '2024-08-13T08:43:02.558Z', 'username': 'c5fxolsbfpvnixsgyim9jl2fk'}
[2024-08-13 16:43:27,034] [QRCodeGetToken-get_token][PhiQRCodeLogin] [INFO] - 你的sessionToken为：6r909yj9mlnvxag4ryeyu6sxd
