[2024-08-13 16:35:06,345] [TapTapLogin-<module>][PhiQRCodeLogin] [DEBUG] - Logger is loading completed.
[2024-08-13 16:35:06,347] [connectionpool-_new_conn][urllib3.connectionpool] [DEBUG] - Starting new HTTPS connection (1): accounts.tapapis.cn:443
[2024-08-13 16:35:06,841] [connectionpool-_make_request][urllib3.connectionpool] [DEBUG] - https://accounts.tapapis.cn:443 "POST /oauth2/v1/device/code HTTP/11" 200 None
[2024-08-13 16:35:06,842] [TapTapLogin-Request][PhiQRCodeLogin] [DEBUG] - Request type£ºPOST
[2024-08-13 16:35:06,842] [TapTapLogin-Request][PhiQRCodeLogin] [DEBUG] - Request URL£ºhttps://accounts.tapapis.cn/oauth2/v1/device/code
[2024-08-13 16:35:06,843] [TapTapLogin-Request][PhiQRCodeLogin] [DEBUG] - Request header£º{'X-LC-Sign': '81e6d3538b8315e36715aa0ce01fd524,1723538106345'}
[2024-08-13 16:35:06,843] [TapTapLogin-Request][PhiQRCodeLogin] [DEBUG] - Request data£º{'client_id': 'rAK3FfdieFob2Nn8Am', 'response_type': 'device_code', 'scope': 'public_profile', 'version': '2.1', 'platform': 'unity', 'info': "{'device_id': 'bdb123c9030646798d1e9866bcc981e4'}"}
[2024-08-13 16:35:06,843] [TapTapLogin-Request][PhiQRCodeLogin] [DEBUG] - Return header£º{'Date': 'Tue, 13 Aug 2024 08:34:42 GMT', 'Content-Type': 'application/json; charset=utf-8', 'Transfer-Encoding': 'chunked', 'Connection': 'keep-alive', 'access-control-allow-origin': '*', 'cache-control': 'no-store', 'set-cookie': 'ACCOUNTS_USER_ID=0; Path=/; Domain=tapapis.cn; Max-Age=0; Secure', 'content-encoding': 'gzip', 'vary': 'Accept-Encoding', 'Strict-Transport-Security': 'max-age=31536000'}
[2024-08-13 16:35:06,843] [TapTapLogin-Request][PhiQRCodeLogin] [DEBUG] - Status code£º200
[2024-08-13 16:35:06,843] [TapTapLogin-Request][PhiQRCodeLogin] [DEBUG] - Return data£º{"data":{"device_code":"7XJxKpwTdC5vf1GSN9BP8emFOTRwIUZh5hsJdUGF","user_code":"4oyqw","verification_url":"https://accounts.taptap.cn/device","expires_in":300,"interval":2,"qrcode_url":"https://accounts.taptap.cn/device?qrcode=1\u0026user_code=4oyqw"},"now":1723538082,"success":true}
[2024-08-13 16:35:06,843] [QRCodeGetToken-get_token][PhiQRCodeLogin] [INFO] - »ñÈ¡¶þÎ¬ÂëÐÅÏ¢³É¹¦£º{'device_id': 'bdb123c9030646798d1e9866bcc981e4', 'device_code': '7XJxKpwTdC5vf1GSN9BP8emFOTRwIUZh5hsJdUGF', 'user_code': '4oyqw', 'verification_url': 'https://accounts.taptap.cn/device', 'expires_in': 300, 'interval': 2, 'qrcode_url': 'https://accounts.taptap.cn/device?qrcode=1&user_code=4oyqw'}
[2024-08-13 16:35:06,844] [QRCodeGetToken-get_token][PhiQRCodeLogin] [INFO] - ÒÑÉú³É¶þÎ¬Âë£¡
[2024-08-13 16:35:06,986] [connectionpool-_make_request][urllib3.connectionpool] [DEBUG] - https://accounts.tapapis.cn:443 "POST /oauth2/v1/token HTTP/11" 400 225
[2024-08-13 16:35:06,986] [TapTapLogin-Request][PhiQRCodeLogin] [DEBUG] - Request type£ºPOST
[2024-08-13 16:35:06,987] [TapTapLogin-Request][PhiQRCodeLogin] [DEBUG] - Request URL£ºhttps://accounts.tapapis.cn/oauth2/v1/token
[2024-08-13 16:35:06,987] [TapTapLogin-Request][PhiQRCodeLogin] [DEBUG] - Request header£º{'X-LC-Sign': '1b707b2ea917087d911eb269583d3fbf,1723538106863'}
[2024-08-13 16:35:06,987] [TapTapLogin-Request][PhiQRCodeLogin] [DEBUG] - Request data£º{'grant_type': 'device_token', 'client_id': 'rAK3FfdieFob2Nn8Am', 'secret_type': 'hmac-sha-1', 'code': '7XJxKpwTdC5vf1GSN9BP8emFOTRwIUZh5hsJdUGF', 'version': '1.0', 'platform': 'unity', 'info': '{"device_id": "bdb123c9030646798d1e9866bcc981e4"}'}
[2024-08-13 16:35:06,987] [TapTapLogin-Request][PhiQRCodeLogin] [DEBUG] - Return header£º{'Date': 'Tue, 13 Aug 2024 08:34:42 GMT', 'Content-Type': 'application/json; charset=utf-8', 'Content-Length': '225', 'Connection': 'keep-alive', 'access-control-allow-origin': '*', 'cache-control': 'no-store', 'set-cookie': 'ACCOUNTS_USER_ID=0; Path=/; Domain=tapapis.cn; Max-Age=0; Secure', 'Strict-Transport-Security': 'max-age=31536000'}
[2024-08-13 16:35:06,987] [TapTapLogin-Request][PhiQRCodeLogin] [DEBUG] - Status code£º400
[2024-08-13 16:35:06,987] [TapTapLogin-Request][PhiQRCodeLogin] [DEBUG] - Return data£º{"data":{"code":-1,"msg":"ÇëÇó´íÎó","error":"authorization_pending","error_description":"oauth2.tapapis.com.AUTHORIZATION_PENDING: InvalidArgument: the end-user authorization is pending"},"now":1723538082,"success":false}
[2024-08-13 16:35:06,987] [QRCodeGetToken-get_token][PhiQRCodeLogin] [DEBUG] - ¶þÎ¬ÂëµÇÂ¼Î´ÊÚÈ¨...
[2024-08-13 16:35:09,107] [connectionpool-_make_request][urllib3.connectionpool] [DEBUG] - https://accounts.tapapis.cn:443 "POST /oauth2/v1/token HTTP/11" 400 225
[2024-08-13 16:35:09,107] [TapTapLogin-Request][PhiQRCodeLogin] [DEBUG] - Request type£ºPOST
[2024-08-13 16:35:09,108] [TapTapLogin-Request][PhiQRCodeLogin] [DEBUG] - Request URL£ºhttps://accounts.tapapis.cn/oauth2/v1/token
[2024-08-13 16:35:09,108] [TapTapLogin-Request][PhiQRCodeLogin] [DEBUG] - Request header£º{'X-LC-Sign': '41b46ac2c1723afca10fa1420c44bf52,1723538108988'}
[2024-08-13 16:35:09,108] [TapTapLogin-Request][PhiQRCodeLogin] [DEBUG] - Request data£º{'grant_type': 'device_token', 'client_id': 'rAK3FfdieFob2Nn8Am', 'secret_type': 'hmac-sha-1', 'code': '7XJxKpwTdC5vf1GSN9BP8emFOTRwIUZh5hsJdUGF', 'version': '1.0', 'platform': 'unity', 'info': '{"device_id": "bdb123c9030646798d1e9866bcc981e4"}'}
[2024-08-13 16:35:09,108] [TapTapLogin-Request][PhiQRCodeLogin] [DEBUG] - Return header£º{'Date': 'Tue, 13 Aug 2024 08:34:44 GMT', 'Content-Type': 'application/json; charset=utf-8', 'Content-Length': '225', 'Connection': 'keep-alive', 'access-control-allow-origin': '*', 'cache-control': 'no-store', 'set-cookie': 'ACCOUNTS_USER_ID=0; Path=/; Domain=tapapis.cn; Max-Age=0; Secure', 'Strict-Transport-Security': 'max-age=31536000'}
[2024-08-13 16:35:09,108] [TapTapLogin-Request][PhiQRCodeLogin] [DEBUG] - Status code£º400
[2024-08-13 16:35:09,108] [TapTapLogin-Request][PhiQRCodeLogin] [DEBUG] - Return data£º{"data":{"code":-1,"msg":"ÇëÇó´íÎó","error":"authorization_pending","error_description":"oauth2.tapapis.com.AUTHORIZATION_PENDING: InvalidArgument: the end-user authorization is pending"},"now":1723538084,"success":false}
[2024-08-13 16:35:09,108] [QRCodeGetToken-get_token][PhiQRCodeLogin] [DEBUG] - ¶þÎ¬ÂëµÇÂ¼Î´ÊÚÈ¨...
[2024-08-13 16:35:11,221] [connectionpool-_make_request][urllib3.connectionpool] [DEBUG] - https://accounts.tapapis.cn:443 "POST /oauth2/v1/token HTTP/11" 400 225
[2024-08-13 16:35:11,221] [TapTapLogin-Request][PhiQRCodeLogin] [DEBUG] - Request type£ºPOST
[2024-08-13 16:35:11,221] [TapTapLogin-Request][PhiQRCodeLogin] [DEBUG] - Request URL£ºhttps://accounts.tapapis.cn/oauth2/v1/token
[2024-08-13 16:35:11,221] [TapTapLogin-Request][PhiQRCodeLogin] [DEBUG] - Request header£º{'X-LC-Sign': '89aab488a6ac923b87963477b0e3facd,1723538111109'}
[2024-08-13 16:35:11,221] [TapTapLogin-Request][PhiQRCodeLogin] [DEBUG] - Request data£º{'grant_type': 'device_token', 'client_id': 'rAK3FfdieFob2Nn8Am', 'secret_type': 'hmac-sha-1', 'code': '7XJxKpwTdC5vf1GSN9BP8emFOTRwIUZh5hsJdUGF', 'version': '1.0', 'platform': 'unity', 'info': '{"device_id": "bdb123c9030646798d1e9866bcc981e4"}'}
[2024-08-13 16:35:11,221] [TapTapLogin-Request][PhiQRCodeLogin] [DEBUG] - Return header£º{'Date': 'Tue, 13 Aug 2024 08:34:46 GMT', 'Content-Type': 'application/json; charset=utf-8', 'Content-Length': '225', 'Connection': 'keep-alive', 'access-control-allow-origin': '*', 'cache-control': 'no-store', 'set-cookie': 'ACCOUNTS_USER_ID=0; Path=/; Domain=tapapis.cn; Max-Age=0; Secure', 'Strict-Transport-Security': 'max-age=31536000'}
[2024-08-13 16:35:11,221] [TapTapLogin-Request][PhiQRCodeLogin] [DEBUG] - Status code£º400
[2024-08-13 16:35:11,222] [TapTapLogin-Request][PhiQRCodeLogin] [DEBUG] - Return data£º{"data":{"code":-1,"msg":"ÇëÇó´íÎó","error":"authorization_pending","error_description":"oauth2.tapapis.com.AUTHORIZATION_PENDING: InvalidArgument: the end-user authorization is pending"},"now":1723538086,"success":false}
[2024-08-13 16:35:11,222] [QRCodeGetToken-get_token][PhiQRCodeLogin] [DEBUG] - ¶þÎ¬ÂëµÇÂ¼Î´ÊÚÈ¨...
[2024-08-13 16:35:13,337] [connectionpool-_make_request][urllib3.connectionpool] [DEBUG] - https://accounts.tapapis.cn:443 "POST /oauth2/v1/token HTTP/11" 400 225
[2024-08-13 16:35:13,337] [TapTapLogin-Request][PhiQRCodeLogin] [DEBUG] - Request type£ºPOST
[2024-08-13 16:35:13,337] [TapTapLogin-Request][PhiQRCodeLogin] [DEBUG] - Request URL£ºhttps://accounts.tapapis.cn/oauth2/v1/token
[2024-08-13 16:35:13,338] [TapTapLogin-Request][PhiQRCodeLogin] [DEBUG] - Request header£º{'X-LC-Sign': 'e12702e654ff860a35d82a963626a12c,1723538113223'}
[2024-08-13 16:35:13,338] [TapTapLogin-Request][PhiQRCodeLogin] [DEBUG] - Request data£º{'grant_type': 'device_token', 'client_id': 'rAK3FfdieFob2Nn8Am', 'secret_type': 'hmac-sha-1', 'code': '7XJxKpwTdC5vf1GSN9BP8emFOTRwIUZh5hsJdUGF', 'version': '1.0', 'platform': 'unity', 'info': '{"device_id": "bdb123c9030646798d1e9866bcc981e4"}'}
[2024-08-13 16:35:13,338] [TapTapLogin-Request][PhiQRCodeLogin] [DEBUG] - Return header£º{'Date': 'Tue, 13 Aug 2024 08:34:48 GMT', 'Content-Type': 'application/json; charset=utf-8', 'Content-Length': '225', 'Connection': 'keep-alive', 'access-control-allow-origin': '*', 'cache-control': 'no-store', 'set-cookie': 'ACCOUNTS_USER_ID=0; Path=/; Domain=tapapis.cn; Max-Age=0; Secure', 'Strict-Transport-Security': 'max-age=31536000'}
[2024-08-13 16:35:13,338] [TapTapLogin-Request][PhiQRCodeLogin] [DEBUG] - Status code£º400
[2024-08-13 16:35:13,338] [TapTapLogin-Request][PhiQRCodeLogin] [DEBUG] - Return data£º{"data":{"code":-1,"msg":"ÇëÇó´íÎó","error":"authorization_pending","error_description":"oauth2.tapapis.com.AUTHORIZATION_PENDING: InvalidArgument: the end-user authorization is pending"},"now":1723538088,"success":false}
[2024-08-13 16:35:13,338] [QRCodeGetToken-get_token][PhiQRCodeLogin] [DEBUG] - ¶þÎ¬ÂëµÇÂ¼Î´ÊÚÈ¨...
[2024-08-13 16:35:15,455] [connectionpool-_make_request][urllib3.connectionpool] [DEBUG] - https://accounts.tapapis.cn:443 "POST /oauth2/v1/token HTTP/11" 400 225
[2024-08-13 16:35:15,455] [TapTapLogin-Request][PhiQRCodeLogin] [DEBUG] - Request type£ºPOST
[2024-08-13 16:35:15,455] [TapTapLogin-Request][PhiQRCodeLogin] [DEBUG] - Request URL£ºhttps://accounts.tapapis.cn/oauth2/v1/token
[2024-08-13 16:35:15,455] [TapTapLogin-Request][PhiQRCodeLogin] [DEBUG] - Request header£º{'X-LC-Sign': '875d277bc775932d0749c088dac83043,1723538115340'}
[2024-08-13 16:35:15,455] [TapTapLogin-Request][PhiQRCodeLogin] [DEBUG] - Request data£º{'grant_type': 'device_token', 'client_id': 'rAK3FfdieFob2Nn8Am', 'secret_type': 'hmac-sha-1', 'code': '7XJxKpwTdC5vf1GSN9BP8emFOTRwIUZh5hsJdUGF', 'version': '1.0', 'platform': 'unity', 'info': '{"device_id": "bdb123c9030646798d1e9866bcc981e4"}'}
[2024-08-13 16:35:15,455] [TapTapLogin-Request][PhiQRCodeLogin] [DEBUG] - Return header£º{'Date': 'Tue, 13 Aug 2024 08:34:50 GMT', 'Content-Type': 'application/json; charset=utf-8', 'Content-Length': '225', 'Connection': 'keep-alive', 'access-control-allow-origin': '*', 'cache-control': 'no-store', 'set-cookie': 'ACCOUNTS_USER_ID=0; Path=/; Domain=tapapis.cn; Max-Age=0; Secure', 'Strict-Transport-Security': 'max-age=31536000'}
[2024-08-13 16:35:15,455] [TapTapLogin-Request][PhiQRCodeLogin] [DEBUG] - Status code£º400
[2024-08-13 16:35:15,455] [TapTapLogin-Request][PhiQRCodeLogin] [DEBUG] - Return data£º{"data":{"code":-1,"msg":"ÇëÇó´íÎó","error":"authorization_pending","error_description":"oauth2.tapapis.com.AUTHORIZATION_PENDING: InvalidArgument: the end-user authorization is pending"},"now":1723538090,"success":false}
[2024-08-13 16:35:15,455] [QRCodeGetToken-get_token][PhiQRCodeLogin] [DEBUG] - ¶þÎ¬ÂëµÇÂ¼Î´ÊÚÈ¨...
[2024-08-13 16:35:17,576] [connectionpool-_make_request][urllib3.connectionpool] [DEBUG] - https://accounts.tapapis.cn:443 "POST /oauth2/v1/token HTTP/11" 400 225
[2024-08-13 16:35:17,576] [TapTapLogin-Request][PhiQRCodeLogin] [DEBUG] - Request type£ºPOST
[2024-08-13 16:35:17,576] [TapTapLogin-Request][PhiQRCodeLogin] [DEBUG] - Request URL£ºhttps://accounts.tapapis.cn/oauth2/v1/token
[2024-08-13 16:35:17,576] [TapTapLogin-Request][PhiQRCodeLogin] [DEBUG] - Request header£º{'X-LC-Sign': '8c4b90bd77cce2ddef2f3e3cf532c869,1723538117456'}
[2024-08-13 16:35:17,576] [TapTapLogin-Request][PhiQRCodeLogin] [DEBUG] - Request data£º{'grant_type': 'device_token', 'client_id': 'rAK3FfdieFob2Nn8Am', 'secret_type': 'hmac-sha-1', 'code': '7XJxKpwTdC5vf1GSN9BP8emFOTRwIUZh5hsJdUGF', 'version': '1.0', 'platform': 'unity', 'info': '{"device_id": "bdb123c9030646798d1e9866bcc981e4"}'}
[2024-08-13 16:35:17,576] [TapTapLogin-Request][PhiQRCodeLogin] [DEBUG] - Return header£º{'Date': 'Tue, 13 Aug 2024 08:34:53 GMT', 'Content-Type': 'application/json; charset=utf-8', 'Content-Length': '225', 'Connection': 'keep-alive', 'access-control-allow-origin': '*', 'cache-control': 'no-store', 'set-cookie': 'ACCOUNTS_USER_ID=0; Path=/; Domain=tapapis.cn; Max-Age=0; Secure', 'Strict-Transport-Security': 'max-age=31536000'}
[2024-08-13 16:35:17,576] [TapTapLogin-Request][PhiQRCodeLogin] [DEBUG] - Status code£º400
[2024-08-13 16:35:17,576] [TapTapLogin-Request][PhiQRCodeLogin] [DEBUG] - Return data£º{"data":{"code":-1,"msg":"ÇëÇó´íÎó","error":"authorization_pending","error_description":"oauth2.tapapis.com.AUTHORIZATION_PENDING: InvalidArgument: the end-user authorization is pending"},"now":1723538093,"success":false}
[2024-08-13 16:35:17,576] [QRCodeGetToken-get_token][PhiQRCodeLogin] [DEBUG] - ¶þÎ¬ÂëµÇÂ¼Î´ÊÚÈ¨...
[2024-08-13 16:35:19,706] [connectionpool-_make_request][urllib3.connectionpool] [DEBUG] - https://accounts.tapapis.cn:443 "POST /oauth2/v1/token HTTP/11" 400 225
[2024-08-13 16:35:19,706] [TapTapLogin-Request][PhiQRCodeLogin] [DEBUG] - Request type£ºPOST
[2024-08-13 16:35:19,706] [TapTapLogin-Request][PhiQRCodeLogin] [DEBUG] - Request URL£ºhttps://accounts.tapapis.cn/oauth2/v1/token
[2024-08-13 16:35:19,706] [TapTapLogin-Request][PhiQRCodeLogin] [DEBUG] - Request header£º{'X-LC-Sign': '6dd2b14044673a151b6e56c3b877bb24,1723538119577'}
[2024-08-13 16:35:19,706] [TapTapLogin-Request][PhiQRCodeLogin] [DEBUG] - Request data£º{'grant_type': 'device_token', 'client_id': 'rAK3FfdieFob2Nn8Am', 'secret_type': 'hmac-sha-1', 'code': '7XJxKpwTdC5vf1GSN9BP8emFOTRwIUZh5hsJdUGF', 'version': '1.0', 'platform': 'unity', 'info': '{"device_id": "bdb123c9030646798d1e9866bcc981e4"}'}
[2024-08-13 16:35:19,706] [TapTapLogin-Request][PhiQRCodeLogin] [DEBUG] - Return header£º{'Date': 'Tue, 13 Aug 2024 08:34:55 GMT', 'Content-Type': 'application/json; charset=utf-8', 'Content-Length': '225', 'Connection': 'keep-alive', 'access-control-allow-origin': '*', 'cache-control': 'no-store', 'set-cookie': 'ACCOUNTS_USER_ID=0; Path=/; Domain=tapapis.cn; Max-Age=0; Secure', 'Strict-Transport-Security': 'max-age=31536000'}
[2024-08-13 16:35:19,706] [TapTapLogin-Request][PhiQRCodeLogin] [DEBUG] - Status code£º400
[2024-08-13 16:35:19,706] [TapTapLogin-Request][PhiQRCodeLogin] [DEBUG] - Return data£º{"data":{"code":-1,"msg":"ÇëÇó´íÎó","error":"authorization_pending","error_description":"oauth2.tapapis.com.AUTHORIZATION_PENDING: InvalidArgument: the end-user authorization is pending"},"now":1723538095,"success":false}
[2024-08-13 16:35:19,706] [QRCodeGetToken-get_token][PhiQRCodeLogin] [DEBUG] - ¶þÎ¬ÂëµÇÂ¼Î´ÊÚÈ¨...
[2024-08-13 16:35:21,829] [connectionpool-_make_request][urllib3.connectionpool] [DEBUG] - https://accounts.tapapis.cn:443 "POST /oauth2/v1/token HTTP/11" 400 225
[2024-08-13 16:35:21,830] [TapTapLogin-Request][PhiQRCodeLogin] [DEBUG] - Request type£ºPOST
[2024-08-13 16:35:21,830] [TapTapLogin-Request][PhiQRCodeLogin] [DEBUG] - Request URL£ºhttps://accounts.tapapis.cn/oauth2/v1/token
[2024-08-13 16:35:21,830] [TapTapLogin-Request][PhiQRCodeLogin] [DEBUG] - Request header£º{'X-LC-Sign': '96b8dfe9962ffd0e2533273d3217fc05,1723538121707'}
[2024-08-13 16:35:21,830] [TapTapLogin-Request][PhiQRCodeLogin] [DEBUG] - Request data£º{'grant_type': 'device_token', 'client_id': 'rAK3FfdieFob2Nn8Am', 'secret_type': 'hmac-sha-1', 'code': '7XJxKpwTdC5vf1GSN9BP8emFOTRwIUZh5hsJdUGF', 'version': '1.0', 'platform': 'unity', 'info': '{"device_id": "bdb123c9030646798d1e9866bcc981e4"}'}
[2024-08-13 16:35:21,830] [TapTapLogin-Request][PhiQRCodeLogin] [DEBUG] - Return header£º{'Date': 'Tue, 13 Aug 2024 08:34:57 GMT', 'Content-Type': 'application/json; charset=utf-8', 'Content-Length': '225', 'Connection': 'keep-alive', 'access-control-allow-origin': '*', 'cache-control': 'no-store', 'set-cookie': 'ACCOUNTS_USER_ID=0; Path=/; Domain=tapapis.cn; Max-Age=0; Secure', 'Strict-Transport-Security': 'max-age=31536000'}
[2024-08-13 16:35:21,831] [TapTapLogin-Request][PhiQRCodeLogin] [DEBUG] - Status code£º400
[2024-08-13 16:35:21,831] [TapTapLogin-Request][PhiQRCodeLogin] [DEBUG] - Return data£º{"data":{"code":-1,"msg":"ÇëÇó´íÎó","error":"authorization_pending","error_description":"oauth2.tapapis.com.AUTHORIZATION_PENDING: InvalidArgument: the end-user authorization is pending"},"now":1723538097,"success":false}
[2024-08-13 16:35:21,831] [QRCodeGetToken-get_token][PhiQRCodeLogin] [DEBUG] - ¶þÎ¬ÂëµÇÂ¼Î´ÊÚÈ¨...
[2024-08-13 16:35:23,952] [connectionpool-_make_request][urllib3.connectionpool] [DEBUG] - https://accounts.tapapis.cn:443 "POST /oauth2/v1/token HTTP/11" 400 225
[2024-08-13 16:35:23,952] [TapTapLogin-Request][PhiQRCodeLogin] [DEBUG] - Request type£ºPOST
[2024-08-13 16:35:23,953] [TapTapLogin-Request][PhiQRCodeLogin] [DEBUG] - Request URL£ºhttps://accounts.tapapis.cn/oauth2/v1/token
[2024-08-13 16:35:23,953] [TapTapLogin-Request][PhiQRCodeLogin] [DEBUG] - Request header£º{'X-LC-Sign': '4a66e1fd2239dd9a6471763bc05a4b32,1723538123832'}
[2024-08-13 16:35:23,953] [TapTapLogin-Request][PhiQRCodeLogin] [DEBUG] - Request data£º{'grant_type': 'device_token', 'client_id': 'rAK3FfdieFob2Nn8Am', 'secret_type': 'hmac-sha-1', 'code': '7XJxKpwTdC5vf1GSN9BP8emFOTRwIUZh5hsJdUGF', 'version': '1.0', 'platform': 'unity', 'info': '{"device_id": "bdb123c9030646798d1e9866bcc981e4"}'}
[2024-08-13 16:35:23,953] [TapTapLogin-Request][PhiQRCodeLogin] [DEBUG] - Return header£º{'Date': 'Tue, 13 Aug 2024 08:34:59 GMT', 'Content-Type': 'application/json; charset=utf-8', 'Content-Length': '225', 'Connection': 'keep-alive', 'access-control-allow-origin': '*', 'cache-control': 'no-store', 'set-cookie': 'ACCOUNTS_USER_ID=0; Path=/; Domain=tapapis.cn; Max-Age=0; Secure', 'Strict-Transport-Security': 'max-age=31536000'}
[2024-08-13 16:35:23,953] [TapTapLogin-Request][PhiQRCodeLogin] [DEBUG] - Status code£º400
[2024-08-13 16:35:23,953] [TapTapLogin-Request][PhiQRCodeLogin] [DEBUG] - Return data£º{"data":{"code":-1,"msg":"ÇëÇó´íÎó","error":"authorization_pending","error_description":"oauth2.tapapis.com.AUTHORIZATION_PENDING: InvalidArgument: the end-user authorization is pending"},"now":1723538099,"success":false}
[2024-08-13 16:35:23,953] [QRCodeGetToken-get_token][PhiQRCodeLogin] [DEBUG] - ¶þÎ¬ÂëµÇÂ¼Î´ÊÚÈ¨...
[2024-08-13 16:35:26,095] [connectionpool-_make_request][urllib3.connectionpool] [DEBUG] - https://accounts.tapapis.cn:443 "POST /oauth2/v1/token HTTP/11" 400 225
[2024-08-13 16:35:26,095] [TapTapLogin-Request][PhiQRCodeLogin] [DEBUG] - Request type£ºPOST
[2024-08-13 16:35:26,095] [TapTapLogin-Request][PhiQRCodeLogin] [DEBUG] - Request URL£ºhttps://accounts.tapapis.cn/oauth2/v1/token
[2024-08-13 16:35:26,095] [TapTapLogin-Request][PhiQRCodeLogin] [DEBUG] - Request header£º{'X-LC-Sign': '294485a18dad2de22672340be9b1bd3e,1723538125953'}
[2024-08-13 16:35:26,095] [TapTapLogin-Request][PhiQRCodeLogin] [DEBUG] - Request data£º{'grant_type': 'device_token', 'client_id': 'rAK3FfdieFob2Nn8Am', 'secret_type': 'hmac-sha-1', 'code': '7XJxKpwTdC5vf1GSN9BP8emFOTRwIUZh5hsJdUGF', 'version': '1.0', 'platform': 'unity', 'info': '{"device_id": "bdb123c9030646798d1e9866bcc981e4"}'}
[2024-08-13 16:35:26,095] [TapTapLogin-Request][PhiQRCodeLogin] [DEBUG] - Return header£º{'Date': 'Tue, 13 Aug 2024 08:35:01 GMT', 'Content-Type': 'application/json; charset=utf-8', 'Content-Length': '225', 'Connection': 'keep-alive', 'access-control-allow-origin': '*', 'cache-control': 'no-store', 'set-cookie': 'ACCOUNTS_USER_ID=0; Path=/; Domain=tapapis.cn; Max-Age=0; Secure', 'Strict-Transport-Security': 'max-age=31536000'}
[2024-08-13 16:35:26,095] [TapTapLogin-Request][PhiQRCodeLogin] [DEBUG] - Status code£º400
[2024-08-13 16:35:26,095] [TapTapLogin-Request][PhiQRCodeLogin] [DEBUG] - Return data£º{"data":{"code":-1,"msg":"ÇëÇó´íÎó","error":"authorization_pending","error_description":"oauth2.tapapis.com.AUTHORIZATION_PENDING: InvalidArgument: the end-user authorization is pending"},"now":1723538101,"success":false}
[2024-08-13 16:35:26,095] [QRCodeGetToken-get_token][PhiQRCodeLogin] [DEBUG] - ¶þÎ¬ÂëµÇÂ¼Î´ÊÚÈ¨...
[2024-08-13 16:35:28,208] [connectionpool-_make_request][urllib3.connectionpool] [DEBUG] - https://accounts.tapapis.cn:443 "POST /oauth2/v1/token HTTP/11" 400 225
[2024-08-13 16:35:28,208] [TapTapLogin-Request][PhiQRCodeLogin] [DEBUG] - Request type£ºPOST
[2024-08-13 16:35:28,209] [TapTapLogin-Request][PhiQRCodeLogin] [DEBUG] - Request URL£ºhttps://accounts.tapapis.cn/oauth2/v1/token
[2024-08-13 16:35:28,209] [TapTapLogin-Request][PhiQRCodeLogin] [DEBUG] - Request header£º{'X-LC-Sign': '67f542034ad277d40f7464549b57ed54,1723538128096'}
[2024-08-13 16:35:28,209] [TapTapLogin-Request][PhiQRCodeLogin] [DEBUG] - Request data£º{'grant_type': 'device_token', 'client_id': 'rAK3FfdieFob2Nn8Am', 'secret_type': 'hmac-sha-1', 'code': '7XJxKpwTdC5vf1GSN9BP8emFOTRwIUZh5hsJdUGF', 'version': '1.0', 'platform': 'unity', 'info': '{"device_id": "bdb123c9030646798d1e9866bcc981e4"}'}
[2024-08-13 16:35:28,209] [TapTapLogin-Request][PhiQRCodeLogin] [DEBUG] - Return header£º{'Date': 'Tue, 13 Aug 2024 08:35:03 GMT', 'Content-Type': 'application/json; charset=utf-8', 'Content-Length': '225', 'Connection': 'keep-alive', 'access-control-allow-origin': '*', 'cache-control': 'no-store', 'set-cookie': 'ACCOUNTS_USER_ID=0; Path=/; Domain=tapapis.cn; Max-Age=0; Secure', 'Strict-Transport-Security': 'max-age=31536000'}
[2024-08-13 16:35:28,209] [TapTapLogin-Request][PhiQRCodeLogin] [DEBUG] - Status code£º400
[2024-08-13 16:35:28,209] [TapTapLogin-Request][PhiQRCodeLogin] [DEBUG] - Return data£º{"data":{"code":-1,"msg":"ÇëÇó´íÎó","error":"authorization_pending","error_description":"oauth2.tapapis.com.AUTHORIZATION_PENDING: InvalidArgument: the end-user authorization is pending"},"now":1723538103,"success":false}
[2024-08-13 16:35:28,209] [QRCodeGetToken-get_token][PhiQRCodeLogin] [DEBUG] - ¶þÎ¬ÂëµÇÂ¼Î´ÊÚÈ¨...
[2024-08-13 16:35:30,334] [connectionpool-_make_request][urllib3.connectionpool] [DEBUG] - https://accounts.tapapis.cn:443 "POST /oauth2/v1/token HTTP/11" 400 225
[2024-08-13 16:35:30,334] [TapTapLogin-Request][PhiQRCodeLogin] [DEBUG] - Request type£ºPOST
[2024-08-13 16:35:30,334] [TapTapLogin-Request][PhiQRCodeLogin] [DEBUG] - Request URL£ºhttps://accounts.tapapis.cn/oauth2/v1/token
[2024-08-13 16:35:30,334] [TapTapLogin-Request][PhiQRCodeLogin] [DEBUG] - Request header£º{'X-LC-Sign': '38e977093a7bf0207952e5e92eb2b736,1723538130209'}
[2024-08-13 16:35:30,334] [TapTapLogin-Request][PhiQRCodeLogin] [DEBUG] - Request data£º{'grant_type': 'device_token', 'client_id': 'rAK3FfdieFob2Nn8Am', 'secret_type': 'hmac-sha-1', 'code': '7XJxKpwTdC5vf1GSN9BP8emFOTRwIUZh5hsJdUGF', 'version': '1.0', 'platform': 'unity', 'info': '{"device_id": "bdb123c9030646798d1e9866bcc981e4"}'}
[2024-08-13 16:35:30,334] [TapTapLogin-Request][PhiQRCodeLogin] [DEBUG] - Return header£º{'Date': 'Tue, 13 Aug 2024 08:35:05 GMT', 'Content-Type': 'application/json; charset=utf-8', 'Content-Length': '225', 'Connection': 'keep-alive', 'access-control-allow-origin': '*', 'cache-control': 'no-store', 'set-cookie': 'ACCOUNTS_USER_ID=0; Path=/; Domain=tapapis.cn; Max-Age=0; Secure', 'Strict-Transport-Security': 'max-age=31536000'}
[2024-08-13 16:35:30,334] [TapTapLogin-Request][PhiQRCodeLogin] [DEBUG] - Status code£º400
[2024-08-13 16:35:30,334] [TapTapLogin-Request][PhiQRCodeLogin] [DEBUG] - Return data£º{"data":{"code":-1,"msg":"ÇëÇó´íÎó","error":"authorization_pending","error_description":"oauth2.tapapis.com.AUTHORIZATION_PENDING: InvalidArgument: the end-user authorization is pending"},"now":1723538105,"success":false}
[2024-08-13 16:35:30,334] [QRCodeGetToken-get_token][PhiQRCodeLogin] [DEBUG] - ¶þÎ¬ÂëµÇÂ¼Î´ÊÚÈ¨...
[2024-08-13 16:35:32,453] [connectionpool-_make_request][urllib3.connectionpool] [DEBUG] - https://accounts.tapapis.cn:443 "POST /oauth2/v1/token HTTP/11" 400 225
[2024-08-13 16:35:32,454] [TapTapLogin-Request][PhiQRCodeLogin] [DEBUG] - Request type£ºPOST
[2024-08-13 16:35:32,454] [TapTapLogin-Request][PhiQRCodeLogin] [DEBUG] - Request URL£ºhttps://accounts.tapapis.cn/oauth2/v1/token
[2024-08-13 16:35:32,454] [TapTapLogin-Request][PhiQRCodeLogin] [DEBUG] - Request header£º{'X-LC-Sign': 'ce06626fd58fef775f55ac60830e1225,1723538132335'}
[2024-08-13 16:35:32,454] [TapTapLogin-Request][PhiQRCodeLogin] [DEBUG] - Request data£º{'grant_type': 'device_token', 'client_id': 'rAK3FfdieFob2Nn8Am', 'secret_type': 'hmac-sha-1', 'code': '7XJxKpwTdC5vf1GSN9BP8emFOTRwIUZh5hsJdUGF', 'version': '1.0', 'platform': 'unity', 'info': '{"device_id": "bdb123c9030646798d1e9866bcc981e4"}'}
[2024-08-13 16:35:32,454] [TapTapLogin-Request][PhiQRCodeLogin] [DEBUG] - Return header£º{'Date': 'Tue, 13 Aug 2024 08:35:07 GMT', 'Content-Type': 'application/json; charset=utf-8', 'Content-Length': '225', 'Connection': 'keep-alive', 'access-control-allow-origin': '*', 'cache-control': 'no-store', 'set-cookie': 'ACCOUNTS_USER_ID=0; Path=/; Domain=tapapis.cn; Max-Age=0; Secure', 'Strict-Transport-Security': 'max-age=31536000'}
[2024-08-13 16:35:32,454] [TapTapLogin-Request][PhiQRCodeLogin] [DEBUG] - Status code£º400
[2024-08-13 16:35:32,454] [TapTapLogin-Request][PhiQRCodeLogin] [DEBUG] - Return data£º{"data":{"code":-1,"msg":"ÇëÇó´íÎó","error":"authorization_pending","error_description":"oauth2.tapapis.com.AUTHORIZATION_PENDING: InvalidArgument: the end-user authorization is pending"},"now":1723538107,"success":false}
[2024-08-13 16:35:32,454] [QRCodeGetToken-get_token][PhiQRCodeLogin] [DEBUG] - ¶þÎ¬ÂëµÇÂ¼Î´ÊÚÈ¨...
[2024-08-13 16:35:34,571] [connectionpool-_make_request][urllib3.connectionpool] [DEBUG] - https://accounts.tapapis.cn:443 "POST /oauth2/v1/token HTTP/11" 400 225
[2024-08-13 16:35:34,571] [TapTapLogin-Request][PhiQRCodeLogin] [DEBUG] - Request type£ºPOST
[2024-08-13 16:35:34,571] [TapTapLogin-Request][PhiQRCodeLogin] [DEBUG] - Request URL£ºhttps://accounts.tapapis.cn/oauth2/v1/token
[2024-08-13 16:35:34,571] [TapTapLogin-Request][PhiQRCodeLogin] [DEBUG] - Request header£º{'X-LC-Sign': 'b3c3ba2ec95cbddaa084743349e6ae69,1723538134454'}
[2024-08-13 16:35:34,571] [TapTapLogin-Request][PhiQRCodeLogin] [DEBUG] - Request data£º{'grant_type': 'device_token', 'client_id': 'rAK3FfdieFob2Nn8Am', 'secret_type': 'hmac-sha-1', 'code': '7XJxKpwTdC5vf1GSN9BP8emFOTRwIUZh5hsJdUGF', 'version': '1.0', 'platform': 'unity', 'info': '{"device_id": "bdb123c9030646798d1e9866bcc981e4"}'}
[2024-08-13 16:35:34,571] [TapTapLogin-Request][PhiQRCodeLogin] [DEBUG] - Return header£º{'Date': 'Tue, 13 Aug 2024 08:35:10 GMT', 'Content-Type': 'application/json; charset=utf-8', 'Content-Length': '225', 'Connection': 'keep-alive', 'access-control-allow-origin': '*', 'cache-control': 'no-store', 'set-cookie': 'ACCOUNTS_USER_ID=0; Path=/; Domain=tapapis.cn; Max-Age=0; Secure', 'Strict-Transport-Security': 'max-age=31536000'}
[2024-08-13 16:35:34,571] [TapTapLogin-Request][PhiQRCodeLogin] [DEBUG] - Status code£º400
[2024-08-13 16:35:34,571] [TapTapLogin-Request][PhiQRCodeLogin] [DEBUG] - Return data£º{"data":{"code":-1,"msg":"ÇëÇó´íÎó","error":"authorization_pending","error_description":"oauth2.tapapis.com.AUTHORIZATION_PENDING: InvalidArgument: the end-user authorization is pending"},"now":1723538110,"success":false}
[2024-08-13 16:35:34,571] [QRCodeGetToken-get_token][PhiQRCodeLogin] [DEBUG] - ¶þÎ¬ÂëµÇÂ¼Î´ÊÚÈ¨...
[2024-08-13 16:35:36,686] [connectionpool-_make_request][urllib3.connectionpool] [DEBUG] - https://accounts.tapapis.cn:443 "POST /oauth2/v1/token HTTP/11" 400 225
[2024-08-13 16:35:36,686] [TapTapLogin-Request][PhiQRCodeLogin] [DEBUG] - Request type£ºPOST
[2024-08-13 16:35:36,686] [TapTapLogin-Request][PhiQRCodeLogin] [DEBUG] - Request URL£ºhttps://accounts.tapapis.cn/oauth2/v1/token
[2024-08-13 16:35:36,686] [TapTapLogin-Request][PhiQRCodeLogin] [DEBUG] - Request header£º{'X-LC-Sign': '73adcd6e8d8de29e5dc636923f0bd9cf,1723538136572'}
[2024-08-13 16:35:36,686] [TapTapLogin-Request][PhiQRCodeLogin] [DEBUG] - Request data£º{'grant_type': 'device_token', 'client_id': 'rAK3FfdieFob2Nn8Am', 'secret_type': 'hmac-sha-1', 'code': '7XJxKpwTdC5vf1GSN9BP8emFOTRwIUZh5hsJdUGF', 'version': '1.0', 'platform': 'unity', 'info': '{"device_id": "bdb123c9030646798d1e9866bcc981e4"}'}
[2024-08-13 16:35:36,687] [TapTapLogin-Request][PhiQRCodeLogin] [DEBUG] - Return header£º{'Date': 'Tue, 13 Aug 2024 08:35:12 GMT', 'Content-Type': 'application/json; charset=utf-8', 'Content-Length': '225', 'Connection': 'keep-alive', 'access-control-allow-origin': '*', 'cache-control': 'no-store', 'set-cookie': 'ACCOUNTS_USER_ID=0; Path=/; Domain=tapapis.cn; Max-Age=0; Secure', 'Strict-Transport-Security': 'max-age=31536000'}
[2024-08-13 16:35:36,687] [TapTapLogin-Request][PhiQRCodeLogin] [DEBUG] - Status code£º400
[2024-08-13 16:35:36,687] [TapTapLogin-Request][PhiQRCodeLogin] [DEBUG] - Return data£º{"data":{"code":-1,"msg":"ÇëÇó´íÎó","error":"authorization_pending","error_description":"oauth2.tapapis.com.AUTHORIZATION_PENDING: InvalidArgument: the end-user authorization is pending"},"now":1723538112,"success":false}
[2024-08-13 16:35:36,687] [QRCodeGetToken-get_token][PhiQRCodeLogin] [DEBUG] - ¶þÎ¬ÂëµÇÂ¼Î´ÊÚÈ¨...
[2024-08-13 16:35:38,832] [connectionpool-_make_request][urllib3.connectionpool] [DEBUG] - https://accounts.tapapis.cn:443 "POST /oauth2/v1/token HTTP/11" 400 225
[2024-08-13 16:35:38,832] [TapTapLogin-Request][PhiQRCodeLogin] [DEBUG] - Request type£ºPOST
[2024-08-13 16:35:38,833] [TapTapLogin-Request][PhiQRCodeLogin] [DEBUG] - Request URL£ºhttps://accounts.tapapis.cn/oauth2/v1/token
[2024-08-13 16:35:38,833] [TapTapLogin-Request][PhiQRCodeLogin] [DEBUG] - Request header£º{'X-LC-Sign': '4ecc72611043c286611e7b0458630596,1723538138688'}
[2024-08-13 16:35:38,833] [TapTapLogin-Request][PhiQRCodeLogin] [DEBUG] - Request data£º{'grant_type': 'device_token', 'client_id': 'rAK3FfdieFob2Nn8Am', 'secret_type': 'hmac-sha-1', 'code': '7XJxKpwTdC5vf1GSN9BP8emFOTRwIUZh5hsJdUGF', 'version': '1.0', 'platform': 'unity', 'info': '{"device_id": "bdb123c9030646798d1e9866bcc981e4"}'}
[2024-08-13 16:35:38,833] [TapTapLogin-Request][PhiQRCodeLogin] [DEBUG] - Return header£º{'Date': 'Tue, 13 Aug 2024 08:35:14 GMT', 'Content-Type': 'application/json; charset=utf-8', 'Content-Length': '225', 'Connection': 'keep-alive', 'access-control-allow-origin': '*', 'cache-control': 'no-store', 'set-cookie': 'ACCOUNTS_USER_ID=0; Path=/; Domain=tapapis.cn; Max-Age=0; Secure', 'Strict-Transport-Security': 'max-age=31536000'}
[2024-08-13 16:35:38,833] [TapTapLogin-Request][PhiQRCodeLogin] [DEBUG] - Status code£º400
[2024-08-13 16:35:38,833] [TapTapLogin-Request][PhiQRCodeLogin] [DEBUG] - Return data£º{"data":{"code":-1,"msg":"ÇëÇó´íÎó","error":"authorization_pending","error_description":"oauth2.tapapis.com.AUTHORIZATION_PENDING: InvalidArgument: the end-user authorization is pending"},"now":1723538114,"success":false}
[2024-08-13 16:35:38,833] [QRCodeGetToken-get_token][PhiQRCodeLogin] [DEBUG] - ¶þÎ¬ÂëµÇÂ¼Î´ÊÚÈ¨...
[2024-08-13 16:35:40,961] [connectionpool-_make_request][urllib3.connectionpool] [DEBUG] - https://accounts.tapapis.cn:443 "POST /oauth2/v1/token HTTP/11" 400 225
[2024-08-13 16:35:40,962] [TapTapLogin-Request][PhiQRCodeLogin] [DEBUG] - Request type£ºPOST
[2024-08-13 16:35:40,962] [TapTapLogin-Request][PhiQRCodeLogin] [DEBUG] - Request URL£ºhttps://accounts.tapapis.cn/oauth2/v1/token
[2024-08-13 16:35:40,962] [TapTapLogin-Request][PhiQRCodeLogin] [DEBUG] - Request header£º{'X-LC-Sign': 'd36c547faa39c8b626b03ccfc6351d9e,1723538140834'}
[2024-08-13 16:35:40,962] [TapTapLogin-Request][PhiQRCodeLogin] [DEBUG] - Request data£º{'grant_type': 'device_token', 'client_id': 'rAK3FfdieFob2Nn8Am', 'secret_type': 'hmac-sha-1', 'code': '7XJxKpwTdC5vf1GSN9BP8emFOTRwIUZh5hsJdUGF', 'version': '1.0', 'platform': 'unity', 'info': '{"device_id": "bdb123c9030646798d1e9866bcc981e4"}'}
[2024-08-13 16:35:40,962] [TapTapLogin-Request][PhiQRCodeLogin] [DEBUG] - Return header£º{'Date': 'Tue, 13 Aug 2024 08:35:16 GMT', 'Content-Type': 'application/json; charset=utf-8', 'Content-Length': '225', 'Connection': 'keep-alive', 'access-control-allow-origin': '*', 'cache-control': 'no-store', 'set-cookie': 'ACCOUNTS_USER_ID=0; Path=/; Domain=tapapis.cn; Max-Age=0; Secure', 'Strict-Transport-Security': 'max-age=31536000'}
[2024-08-13 16:35:40,962] [TapTapLogin-Request][PhiQRCodeLogin] [DEBUG] - Status code£º400
[2024-08-13 16:35:40,962] [TapTapLogin-Request][PhiQRCodeLogin] [DEBUG] - Return data£º{"data":{"code":-1,"msg":"ÇëÇó´íÎó","error":"authorization_pending","error_description":"oauth2.tapapis.com.AUTHORIZATION_PENDING: InvalidArgument: the end-user authorization is pending"},"now":1723538116,"success":false}
[2024-08-13 16:35:40,962] [QRCodeGetToken-get_token][PhiQRCodeLogin] [DEBUG] - ¶þÎ¬ÂëµÇÂ¼Î´ÊÚÈ¨...
