[2024-08-13 16:13:41,622] [TapTapLogin-<module>][PhiQRCodeLogin] [DEBUG] - Logger is loading completed.
[2024-08-13 16:13:41,625] [connectionpool-_new_conn][urllib3.connectionpool] [DEBUG] - Starting new HTTPS connection (1): accounts.tapapis.cn:443
[2024-08-13 16:13:42,015] [connectionpool-_make_request][urllib3.connectionpool] [DEBUG] - https://accounts.tapapis.cn:443 "POST /oauth2/v1/device/code HTTP/11" 200 None
[2024-08-13 16:13:42,016] [TapTapLogin-Request][PhiQRCodeLogin] [DEBUG] - Request type：POST
[2024-08-13 16:13:42,016] [TapTapLogin-Request][PhiQRCodeLogin] [DEBUG] - Request URL：https://accounts.tapapis.cn/oauth2/v1/device/code
[2024-08-13 16:13:42,017] [TapTapLogin-Request][PhiQRCodeLogin] [DEBUG] - Request header：{'X-LC-Sign': 'de45ec10090991bfe93dfe1e0a7df07d,1723536821623'}
[2024-08-13 16:13:42,017] [TapTapLogin-Request][PhiQRCodeLogin] [DEBUG] - Request data：{'client_id': 'rAK3FfdieFob2Nn8Am', 'response_type': 'device_code', 'scope': 'public_profile', 'version': '2.1', 'platform': 'unity', 'info': "{'device_id': '5a7a326831aa426ea8014f0f9b5737a0'}"}
[2024-08-13 16:13:42,017] [TapTapLogin-Request][PhiQRCodeLogin] [DEBUG] - Return header：{'Date': 'Tue, 13 Aug 2024 08:13:17 GMT', 'Content-Type': 'application/json; charset=utf-8', 'Transfer-Encoding': 'chunked', 'Connection': 'keep-alive', 'access-control-allow-origin': '*', 'cache-control': 'no-store', 'set-cookie': 'ACCOUNTS_USER_ID=0; Path=/; Domain=tapapis.cn; Max-Age=0; Secure', 'content-encoding': 'gzip', 'vary': 'Accept-Encoding', 'Strict-Transport-Security': 'max-age=31536000'}
[2024-08-13 16:13:42,017] [TapTapLogin-Request][PhiQRCodeLogin] [DEBUG] - Status code：200
[2024-08-13 16:13:42,017] [TapTapLogin-Request][PhiQRCodeLogin] [DEBUG] - Return data：{"data":{"device_code":"ckzUl6RM0kSMBxqj9GDiLNZ4vk0pctjsYyh8lQEP","user_code":"tnmis","verification_url":"https://accounts.taptap.cn/device","expires_in":300,"interval":2,"qrcode_url":"https://accounts.taptap.cn/device?qrcode=1\u0026user_code=tnmis"},"now":1723536797,"success":true}
[2024-08-13 16:13:42,017] [QRCodeGetToken-<module>][PhiQRCodeLogin] [INFO] - 获取二维码信息成功：{'device_id': '5a7a326831aa426ea8014f0f9b5737a0', 'device_code': 'ckzUl6RM0kSMBxqj9GDiLNZ4vk0pctjsYyh8lQEP', 'user_code': 'tnmis', 'verification_url': 'https://accounts.taptap.cn/device', 'expires_in': 300, 'interval': 2, 'qrcode_url': 'https://accounts.taptap.cn/device?qrcode=1&user_code=tnmis'}
[2024-08-13 16:13:42,017] [QRCodeGetToken-<module>][PhiQRCodeLogin] [INFO] - 已生成二维码！
[2024-08-13 16:13:42,141] [connectionpool-_make_request][urllib3.connectionpool] [DEBUG] - https://accounts.tapapis.cn:443 "POST /oauth2/v1/token HTTP/11" 400 225
[2024-08-13 16:13:42,142] [TapTapLogin-Request][PhiQRCodeLogin] [DEBUG] - Request type：POST
[2024-08-13 16:13:42,142] [TapTapLogin-Request][PhiQRCodeLogin] [DEBUG] - Request URL：https://accounts.tapapis.cn/oauth2/v1/token
[2024-08-13 16:13:42,142] [TapTapLogin-Request][PhiQRCodeLogin] [DEBUG] - Request header：{'X-LC-Sign': 'e52124b28d217cac2214d3ba4dab2afa,1723536822045'}
[2024-08-13 16:13:42,142] [TapTapLogin-Request][PhiQRCodeLogin] [DEBUG] - Request data：{'grant_type': 'device_token', 'client_id': 'rAK3FfdieFob2Nn8Am', 'secret_type': 'hmac-sha-1', 'code': 'ckzUl6RM0kSMBxqj9GDiLNZ4vk0pctjsYyh8lQEP', 'version': '1.0', 'platform': 'unity', 'info': '{"device_id": "5a7a326831aa426ea8014f0f9b5737a0"}'}
[2024-08-13 16:13:42,142] [TapTapLogin-Request][PhiQRCodeLogin] [DEBUG] - Return header：{'Date': 'Tue, 13 Aug 2024 08:13:17 GMT', 'Content-Type': 'application/json; charset=utf-8', 'Content-Length': '225', 'Connection': 'keep-alive', 'access-control-allow-origin': '*', 'cache-control': 'no-store', 'set-cookie': 'ACCOUNTS_USER_ID=0; Path=/; Domain=tapapis.cn; Max-Age=0; Secure', 'Strict-Transport-Security': 'max-age=31536000'}
[2024-08-13 16:13:42,142] [TapTapLogin-Request][PhiQRCodeLogin] [DEBUG] - Status code：400
[2024-08-13 16:13:42,142] [TapTapLogin-Request][PhiQRCodeLogin] [DEBUG] - Return data：{"data":{"code":-1,"msg":"请求错误","error":"authorization_pending","error_description":"oauth2.tapapis.com.AUTHORIZATION_PENDING: InvalidArgument: the end-user authorization is pending"},"now":1723536797,"success":false}
[2024-08-13 16:13:42,142] [QRCodeGetToken-<module>][PhiQRCodeLogin] [INFO] - 二维码登录未授权...
[2024-08-13 16:13:44,238] [connectionpool-_make_request][urllib3.connectionpool] [DEBUG] - https://accounts.tapapis.cn:443 "POST /oauth2/v1/token HTTP/11" 400 225
[2024-08-13 16:13:44,238] [TapTapLogin-Request][PhiQRCodeLogin] [DEBUG] - Request type：POST
[2024-08-13 16:13:44,238] [TapTapLogin-Request][PhiQRCodeLogin] [DEBUG] - Request URL：https://accounts.tapapis.cn/oauth2/v1/token
[2024-08-13 16:13:44,238] [TapTapLogin-Request][PhiQRCodeLogin] [DEBUG] - Request header：{'X-LC-Sign': '1e89161c43076b0ecbb8595bdf607a70,1723536824143'}
[2024-08-13 16:13:44,238] [TapTapLogin-Request][PhiQRCodeLogin] [DEBUG] - Request data：{'grant_type': 'device_token', 'client_id': 'rAK3FfdieFob2Nn8Am', 'secret_type': 'hmac-sha-1', 'code': 'ckzUl6RM0kSMBxqj9GDiLNZ4vk0pctjsYyh8lQEP', 'version': '1.0', 'platform': 'unity', 'info': '{"device_id": "5a7a326831aa426ea8014f0f9b5737a0"}'}
[2024-08-13 16:13:44,238] [TapTapLogin-Request][PhiQRCodeLogin] [DEBUG] - Return header：{'Date': 'Tue, 13 Aug 2024 08:13:19 GMT', 'Content-Type': 'application/json; charset=utf-8', 'Content-Length': '225', 'Connection': 'keep-alive', 'access-control-allow-origin': '*', 'cache-control': 'no-store', 'set-cookie': 'ACCOUNTS_USER_ID=0; Path=/; Domain=tapapis.cn; Max-Age=0; Secure', 'Strict-Transport-Security': 'max-age=31536000'}
[2024-08-13 16:13:44,238] [TapTapLogin-Request][PhiQRCodeLogin] [DEBUG] - Status code：400
[2024-08-13 16:13:44,238] [TapTapLogin-Request][PhiQRCodeLogin] [DEBUG] - Return data：{"data":{"code":-1,"msg":"请求错误","error":"authorization_pending","error_description":"oauth2.tapapis.com.AUTHORIZATION_PENDING: InvalidArgument: the end-user authorization is pending"},"now":1723536799,"success":false}
[2024-08-13 16:13:44,238] [QRCodeGetToken-<module>][PhiQRCodeLogin] [INFO] - 二维码登录未授权...
