[2024-08-13 16:32:22,335] [TapTapLogin-<module>][PhiQRCodeLogin] [DEBUG] - Logger is loading completed.
[2024-08-13 16:32:22,338] [connectionpool-_new_conn][urllib3.connectionpool] [DEBUG] - Starting new HTTPS connection (1): accounts.tapapis.cn:443
[2024-08-13 16:32:22,852] [connectionpool-_make_request][urllib3.connectionpool] [DEBUG] - https://accounts.tapapis.cn:443 "POST /oauth2/v1/device/code HTTP/11" 200 None
[2024-08-13 16:32:22,852] [TapTapLogin-Request][PhiQRCodeLogin] [DEBUG] - Request type£ºPOST
[2024-08-13 16:32:22,852] [TapTapLogin-Request][PhiQRCodeLogin] [DEBUG] - Request URL£ºhttps://accounts.tapapis.cn/oauth2/v1/device/code
[2024-08-13 16:32:22,853] [TapTapLogin-Request][PhiQRCodeLogin] [DEBUG] - Request header£º{'X-LC-Sign': '492d0e25a1606e8339317ffff28a491b,1723537942336'}
[2024-08-13 16:32:22,853] [TapTapLogin-Request][PhiQRCodeLogin] [DEBUG] - Request data£º{'client_id': 'rAK3FfdieFob2Nn8Am', 'response_type': 'device_code', 'scope': 'public_profile', 'version': '2.1', 'platform': 'unity', 'info': "{'device_id': '948708974c5549638c58d20f34386d43'}"}
[2024-08-13 16:32:22,853] [TapTapLogin-Request][PhiQRCodeLogin] [DEBUG] - Return header£º{'Date': 'Tue, 13 Aug 2024 08:31:58 GMT', 'Content-Type': 'application/json; charset=utf-8', 'Transfer-Encoding': 'chunked', 'Connection': 'keep-alive', 'access-control-allow-origin': '*', 'cache-control': 'no-store', 'set-cookie': 'ACCOUNTS_USER_ID=0; Path=/; Domain=tapapis.cn; Max-Age=0; Secure', 'content-encoding': 'gzip', 'vary': 'Accept-Encoding', 'Strict-Transport-Security': 'max-age=31536000'}
[2024-08-13 16:32:22,853] [TapTapLogin-Request][PhiQRCodeLogin] [DEBUG] - Status code£º200
[2024-08-13 16:32:22,853] [TapTapLogin-Request][PhiQRCodeLogin] [DEBUG] - Return data£º{"data":{"device_code":"AyB4VMjatcTDtkKgz8uPprvLFrmzZvqwX5d51cuy","user_code":"o56uo","verification_url":"https://accounts.taptap.cn/device","expires_in":300,"interval":2,"qrcode_url":"https://accounts.taptap.cn/device?qrcode=1\u0026user_code=o56uo"},"now":1723537918,"success":true}
[2024-08-13 16:32:22,853] [QRCodeGetToken-get_token][PhiQRCodeLogin] [INFO] - »ñÈ¡¶þÎ¬ÂëÐÅÏ¢³É¹¦£º{'device_id': '948708974c5549638c58d20f34386d43', 'device_code': 'AyB4VMjatcTDtkKgz8uPprvLFrmzZvqwX5d51cuy', 'user_code': 'o56uo', 'verification_url': 'https://accounts.taptap.cn/device', 'expires_in': 300, 'interval': 2, 'qrcode_url': 'https://accounts.taptap.cn/device?qrcode=1&user_code=o56uo'}
[2024-08-13 16:32:22,853] [QRCodeGetToken-get_token][PhiQRCodeLogin] [INFO] - ÒÑÉú³É¶þÎ¬Âë£¡
[2024-08-13 16:32:22,991] [connectionpool-_make_request][urllib3.connectionpool] [DEBUG] - https://accounts.tapapis.cn:443 "POST /oauth2/v1/token HTTP/11" 400 225
[2024-08-13 16:32:22,991] [TapTapLogin-Request][PhiQRCodeLogin] [DEBUG] - Request type£ºPOST
[2024-08-13 16:32:22,991] [TapTapLogin-Request][PhiQRCodeLogin] [DEBUG] - Request URL£ºhttps://accounts.tapapis.cn/oauth2/v1/token
[2024-08-13 16:32:22,991] [TapTapLogin-Request][PhiQRCodeLogin] [DEBUG] - Request header£º{'X-LC-Sign': 'b149bc3fa7bbb4a959b546645de5ab3f,1723537942876'}
[2024-08-13 16:32:22,991] [TapTapLogin-Request][PhiQRCodeLogin] [DEBUG] - Request data£º{'grant_type': 'device_token', 'client_id': 'rAK3FfdieFob2Nn8Am', 'secret_type': 'hmac-sha-1', 'code': 'AyB4VMjatcTDtkKgz8uPprvLFrmzZvqwX5d51cuy', 'version': '1.0', 'platform': 'unity', 'info': '{"device_id": "948708974c5549638c58d20f34386d43"}'}
[2024-08-13 16:32:22,991] [TapTapLogin-Request][PhiQRCodeLogin] [DEBUG] - Return header£º{'Date': 'Tue, 13 Aug 2024 08:31:58 GMT', 'Content-Type': 'application/json; charset=utf-8', 'Content-Length': '225', 'Connection': 'keep-alive', 'access-control-allow-origin': '*', 'cache-control': 'no-store', 'set-cookie': 'ACCOUNTS_USER_ID=0; Path=/; Domain=tapapis.cn; Max-Age=0; Secure', 'Strict-Transport-Security': 'max-age=31536000'}
[2024-08-13 16:32:22,991] [TapTapLogin-Request][PhiQRCodeLogin] [DEBUG] - Status code£º400
[2024-08-13 16:32:22,991] [TapTapLogin-Request][PhiQRCodeLogin] [DEBUG] - Return data£º{"data":{"code":-1,"msg":"ÇëÇó´íÎó","error":"authorization_pending","error_description":"oauth2.tapapis.com.AUTHORIZATION_PENDING: InvalidArgument: the end-user authorization is pending"},"now":1723537918,"success":false}
[2024-08-13 16:32:22,991] [QRCodeGetToken-get_token][PhiQRCodeLogin] [DEBUG] - ¶þÎ¬ÂëµÇÂ¼Î´ÊÚÈ¨...
[2024-08-13 16:32:25,110] [connectionpool-_make_request][urllib3.connectionpool] [DEBUG] - https://accounts.tapapis.cn:443 "POST /oauth2/v1/token HTTP/11" 400 225
[2024-08-13 16:32:25,110] [TapTapLogin-Request][PhiQRCodeLogin] [DEBUG] - Request type£ºPOST
[2024-08-13 16:32:25,110] [TapTapLogin-Request][PhiQRCodeLogin] [DEBUG] - Request URL£ºhttps://accounts.tapapis.cn/oauth2/v1/token
[2024-08-13 16:32:25,110] [TapTapLogin-Request][PhiQRCodeLogin] [DEBUG] - Request header£º{'X-LC-Sign': '017e7b1092b217ed41862832cec7b4af,1723537944992'}
[2024-08-13 16:32:25,110] [TapTapLogin-Request][PhiQRCodeLogin] [DEBUG] - Request data£º{'grant_type': 'device_token', 'client_id': 'rAK3FfdieFob2Nn8Am', 'secret_type': 'hmac-sha-1', 'code': 'AyB4VMjatcTDtkKgz8uPprvLFrmzZvqwX5d51cuy', 'version': '1.0', 'platform': 'unity', 'info': '{"device_id": "948708974c5549638c58d20f34386d43"}'}
[2024-08-13 16:32:25,110] [TapTapLogin-Request][PhiQRCodeLogin] [DEBUG] - Return header£º{'Date': 'Tue, 13 Aug 2024 08:32:00 GMT', 'Content-Type': 'application/json; charset=utf-8', 'Content-Length': '225', 'Connection': 'keep-alive', 'access-control-allow-origin': '*', 'cache-control': 'no-store', 'set-cookie': 'ACCOUNTS_USER_ID=0; Path=/; Domain=tapapis.cn; Max-Age=0; Secure', 'Strict-Transport-Security': 'max-age=31536000'}
[2024-08-13 16:32:25,110] [TapTapLogin-Request][PhiQRCodeLogin] [DEBUG] - Status code£º400
[2024-08-13 16:32:25,110] [TapTapLogin-Request][PhiQRCodeLogin] [DEBUG] - Return data£º{"data":{"code":-1,"msg":"ÇëÇó´íÎó","error":"authorization_pending","error_description":"oauth2.tapapis.com.AUTHORIZATION_PENDING: InvalidArgument: the end-user authorization is pending"},"now":1723537920,"success":false}
[2024-08-13 16:32:25,110] [QRCodeGetToken-get_token][PhiQRCodeLogin] [DEBUG] - ¶þÎ¬ÂëµÇÂ¼Î´ÊÚÈ¨...
[2024-08-13 16:32:27,217] [connectionpool-_make_request][urllib3.connectionpool] [DEBUG] - https://accounts.tapapis.cn:443 "POST /oauth2/v1/token HTTP/11" 400 225
[2024-08-13 16:32:27,217] [TapTapLogin-Request][PhiQRCodeLogin] [DEBUG] - Request type£ºPOST
[2024-08-13 16:32:27,217] [TapTapLogin-Request][PhiQRCodeLogin] [DEBUG] - Request URL£ºhttps://accounts.tapapis.cn/oauth2/v1/token
[2024-08-13 16:32:27,217] [TapTapLogin-Request][PhiQRCodeLogin] [DEBUG] - Request header£º{'X-LC-Sign': '1f8002fbddfdc2a1b891ca7a71c03ec3,1723537947111'}
[2024-08-13 16:32:27,217] [TapTapLogin-Request][PhiQRCodeLogin] [DEBUG] - Request data£º{'grant_type': 'device_token', 'client_id': 'rAK3FfdieFob2Nn8Am', 'secret_type': 'hmac-sha-1', 'code': 'AyB4VMjatcTDtkKgz8uPprvLFrmzZvqwX5d51cuy', 'version': '1.0', 'platform': 'unity', 'info': '{"device_id": "948708974c5549638c58d20f34386d43"}'}
[2024-08-13 16:32:27,217] [TapTapLogin-Request][PhiQRCodeLogin] [DEBUG] - Return header£º{'Date': 'Tue, 13 Aug 2024 08:32:02 GMT', 'Content-Type': 'application/json; charset=utf-8', 'Content-Length': '225', 'Connection': 'keep-alive', 'access-control-allow-origin': '*', 'cache-control': 'no-store', 'set-cookie': 'ACCOUNTS_USER_ID=0; Path=/; Domain=tapapis.cn; Max-Age=0; Secure', 'Strict-Transport-Security': 'max-age=31536000'}
[2024-08-13 16:32:27,217] [TapTapLogin-Request][PhiQRCodeLogin] [DEBUG] - Status code£º400
[2024-08-13 16:32:27,217] [TapTapLogin-Request][PhiQRCodeLogin] [DEBUG] - Return data£º{"data":{"code":-1,"msg":"ÇëÇó´íÎó","error":"authorization_pending","error_description":"oauth2.tapapis.com.AUTHORIZATION_PENDING: InvalidArgument: the end-user authorization is pending"},"now":1723537922,"success":false}
[2024-08-13 16:32:27,217] [QRCodeGetToken-get_token][PhiQRCodeLogin] [DEBUG] - ¶þÎ¬ÂëµÇÂ¼Î´ÊÚÈ¨...
[2024-08-13 16:32:29,328] [connectionpool-_make_request][urllib3.connectionpool] [DEBUG] - https://accounts.tapapis.cn:443 "POST /oauth2/v1/token HTTP/11" 400 225
[2024-08-13 16:32:29,328] [TapTapLogin-Request][PhiQRCodeLogin] [DEBUG] - Request type£ºPOST
[2024-08-13 16:32:29,328] [TapTapLogin-Request][PhiQRCodeLogin] [DEBUG] - Request URL£ºhttps://accounts.tapapis.cn/oauth2/v1/token
[2024-08-13 16:32:29,328] [TapTapLogin-Request][PhiQRCodeLogin] [DEBUG] - Request header£º{'X-LC-Sign': 'e4318fb181623cdfcbd5724f7e83d56d,1723537949218'}
[2024-08-13 16:32:29,328] [TapTapLogin-Request][PhiQRCodeLogin] [DEBUG] - Request data£º{'grant_type': 'device_token', 'client_id': 'rAK3FfdieFob2Nn8Am', 'secret_type': 'hmac-sha-1', 'code': 'AyB4VMjatcTDtkKgz8uPprvLFrmzZvqwX5d51cuy', 'version': '1.0', 'platform': 'unity', 'info': '{"device_id": "948708974c5549638c58d20f34386d43"}'}
[2024-08-13 16:32:29,328] [TapTapLogin-Request][PhiQRCodeLogin] [DEBUG] - Return header£º{'Date': 'Tue, 13 Aug 2024 08:32:04 GMT', 'Content-Type': 'application/json; charset=utf-8', 'Content-Length': '225', 'Connection': 'keep-alive', 'access-control-allow-origin': '*', 'cache-control': 'no-store', 'set-cookie': 'ACCOUNTS_USER_ID=0; Path=/; Domain=tapapis.cn; Max-Age=0; Secure', 'Strict-Transport-Security': 'max-age=31536000'}
[2024-08-13 16:32:29,328] [TapTapLogin-Request][PhiQRCodeLogin] [DEBUG] - Status code£º400
[2024-08-13 16:32:29,328] [TapTapLogin-Request][PhiQRCodeLogin] [DEBUG] - Return data£º{"data":{"code":-1,"msg":"ÇëÇó´íÎó","error":"authorization_pending","error_description":"oauth2.tapapis.com.AUTHORIZATION_PENDING: InvalidArgument: the end-user authorization is pending"},"now":1723537924,"success":false}
[2024-08-13 16:32:29,328] [QRCodeGetToken-get_token][PhiQRCodeLogin] [DEBUG] - ¶þÎ¬ÂëµÇÂ¼Î´ÊÚÈ¨...
[2024-08-13 16:32:31,443] [connectionpool-_make_request][urllib3.connectionpool] [DEBUG] - https://accounts.tapapis.cn:443 "POST /oauth2/v1/token HTTP/11" 400 225
[2024-08-13 16:32:31,443] [TapTapLogin-Request][PhiQRCodeLogin] [DEBUG] - Request type£ºPOST
[2024-08-13 16:32:31,443] [TapTapLogin-Request][PhiQRCodeLogin] [DEBUG] - Request URL£ºhttps://accounts.tapapis.cn/oauth2/v1/token
[2024-08-13 16:32:31,443] [TapTapLogin-Request][PhiQRCodeLogin] [DEBUG] - Request header£º{'X-LC-Sign': '5c099a874228f79b1d0f804ff5fd94aa,1723537951329'}
[2024-08-13 16:32:31,443] [TapTapLogin-Request][PhiQRCodeLogin] [DEBUG] - Request data£º{'grant_type': 'device_token', 'client_id': 'rAK3FfdieFob2Nn8Am', 'secret_type': 'hmac-sha-1', 'code': 'AyB4VMjatcTDtkKgz8uPprvLFrmzZvqwX5d51cuy', 'version': '1.0', 'platform': 'unity', 'info': '{"device_id": "948708974c5549638c58d20f34386d43"}'}
[2024-08-13 16:32:31,443] [TapTapLogin-Request][PhiQRCodeLogin] [DEBUG] - Return header£º{'Date': 'Tue, 13 Aug 2024 08:32:06 GMT', 'Content-Type': 'application/json; charset=utf-8', 'Content-Length': '225', 'Connection': 'keep-alive', 'access-control-allow-origin': '*', 'cache-control': 'no-store', 'set-cookie': 'ACCOUNTS_USER_ID=0; Path=/; Domain=tapapis.cn; Max-Age=0; Secure', 'Strict-Transport-Security': 'max-age=31536000'}
[2024-08-13 16:32:31,443] [TapTapLogin-Request][PhiQRCodeLogin] [DEBUG] - Status code£º400
[2024-08-13 16:32:31,443] [TapTapLogin-Request][PhiQRCodeLogin] [DEBUG] - Return data£º{"data":{"code":-1,"msg":"ÇëÇó´íÎó","error":"authorization_pending","error_description":"oauth2.tapapis.com.AUTHORIZATION_PENDING: InvalidArgument: the end-user authorization is pending"},"now":1723537926,"success":false}
[2024-08-13 16:32:31,443] [QRCodeGetToken-get_token][PhiQRCodeLogin] [DEBUG] - ¶þÎ¬ÂëµÇÂ¼Î´ÊÚÈ¨...
[2024-08-13 16:32:33,563] [connectionpool-_make_request][urllib3.connectionpool] [DEBUG] - https://accounts.tapapis.cn:443 "POST /oauth2/v1/token HTTP/11" 400 225
[2024-08-13 16:32:33,563] [TapTapLogin-Request][PhiQRCodeLogin] [DEBUG] - Request type£ºPOST
[2024-08-13 16:32:33,563] [TapTapLogin-Request][PhiQRCodeLogin] [DEBUG] - Request URL£ºhttps://accounts.tapapis.cn/oauth2/v1/token
[2024-08-13 16:32:33,564] [TapTapLogin-Request][PhiQRCodeLogin] [DEBUG] - Request header£º{'X-LC-Sign': '8cb8bfc14782c5add4bed2fb373b1a1b,1723537953444'}
[2024-08-13 16:32:33,564] [TapTapLogin-Request][PhiQRCodeLogin] [DEBUG] - Request data£º{'grant_type': 'device_token', 'client_id': 'rAK3FfdieFob2Nn8Am', 'secret_type': 'hmac-sha-1', 'code': 'AyB4VMjatcTDtkKgz8uPprvLFrmzZvqwX5d51cuy', 'version': '1.0', 'platform': 'unity', 'info': '{"device_id": "948708974c5549638c58d20f34386d43"}'}
[2024-08-13 16:32:33,564] [TapTapLogin-Request][PhiQRCodeLogin] [DEBUG] - Return header£º{'Date': 'Tue, 13 Aug 2024 08:32:09 GMT', 'Content-Type': 'application/json; charset=utf-8', 'Content-Length': '225', 'Connection': 'keep-alive', 'access-control-allow-origin': '*', 'cache-control': 'no-store', 'set-cookie': 'ACCOUNTS_USER_ID=0; Path=/; Domain=tapapis.cn; Max-Age=0; Secure', 'Strict-Transport-Security': 'max-age=31536000'}
[2024-08-13 16:32:33,564] [TapTapLogin-Request][PhiQRCodeLogin] [DEBUG] - Status code£º400
[2024-08-13 16:32:33,564] [TapTapLogin-Request][PhiQRCodeLogin] [DEBUG] - Return data£º{"data":{"code":-1,"msg":"ÇëÇó´íÎó","error":"authorization_pending","error_description":"oauth2.tapapis.com.AUTHORIZATION_PENDING: InvalidArgument: the end-user authorization is pending"},"now":1723537929,"success":false}
[2024-08-13 16:32:33,564] [QRCodeGetToken-get_token][PhiQRCodeLogin] [DEBUG] - ¶þÎ¬ÂëµÇÂ¼Î´ÊÚÈ¨...
[2024-08-13 16:32:35,676] [connectionpool-_make_request][urllib3.connectionpool] [DEBUG] - https://accounts.tapapis.cn:443 "POST /oauth2/v1/token HTTP/11" 400 225
[2024-08-13 16:32:35,676] [TapTapLogin-Request][PhiQRCodeLogin] [DEBUG] - Request type£ºPOST
[2024-08-13 16:32:35,676] [TapTapLogin-Request][PhiQRCodeLogin] [DEBUG] - Request URL£ºhttps://accounts.tapapis.cn/oauth2/v1/token
[2024-08-13 16:32:35,676] [TapTapLogin-Request][PhiQRCodeLogin] [DEBUG] - Request header£º{'X-LC-Sign': '8465ea856873904a2ed8dab306125d08,1723537955564'}
[2024-08-13 16:32:35,676] [TapTapLogin-Request][PhiQRCodeLogin] [DEBUG] - Request data£º{'grant_type': 'device_token', 'client_id': 'rAK3FfdieFob2Nn8Am', 'secret_type': 'hmac-sha-1', 'code': 'AyB4VMjatcTDtkKgz8uPprvLFrmzZvqwX5d51cuy', 'version': '1.0', 'platform': 'unity', 'info': '{"device_id": "948708974c5549638c58d20f34386d43"}'}
[2024-08-13 16:32:35,676] [TapTapLogin-Request][PhiQRCodeLogin] [DEBUG] - Return header£º{'Date': 'Tue, 13 Aug 2024 08:32:11 GMT', 'Content-Type': 'application/json; charset=utf-8', 'Content-Length': '225', 'Connection': 'keep-alive', 'access-control-allow-origin': '*', 'cache-control': 'no-store', 'set-cookie': 'ACCOUNTS_USER_ID=0; Path=/; Domain=tapapis.cn; Max-Age=0; Secure', 'Strict-Transport-Security': 'max-age=31536000'}
[2024-08-13 16:32:35,676] [TapTapLogin-Request][PhiQRCodeLogin] [DEBUG] - Status code£º400
[2024-08-13 16:32:35,676] [TapTapLogin-Request][PhiQRCodeLogin] [DEBUG] - Return data£º{"data":{"code":-1,"msg":"ÇëÇó´íÎó","error":"authorization_pending","error_description":"oauth2.tapapis.com.AUTHORIZATION_PENDING: InvalidArgument: the end-user authorization is pending"},"now":1723537931,"success":false}
[2024-08-13 16:32:35,676] [QRCodeGetToken-get_token][PhiQRCodeLogin] [DEBUG] - ¶þÎ¬ÂëµÇÂ¼Î´ÊÚÈ¨...
[2024-08-13 16:32:37,786] [connectionpool-_make_request][urllib3.connectionpool] [DEBUG] - https://accounts.tapapis.cn:443 "POST /oauth2/v1/token HTTP/11" 400 225
[2024-08-13 16:32:37,786] [TapTapLogin-Request][PhiQRCodeLogin] [DEBUG] - Request type£ºPOST
[2024-08-13 16:32:37,786] [TapTapLogin-Request][PhiQRCodeLogin] [DEBUG] - Request URL£ºhttps://accounts.tapapis.cn/oauth2/v1/token
[2024-08-13 16:32:37,786] [TapTapLogin-Request][PhiQRCodeLogin] [DEBUG] - Request header£º{'X-LC-Sign': '99d72a7b56ece5503d7034db1b47c289,1723537957677'}
[2024-08-13 16:32:37,786] [TapTapLogin-Request][PhiQRCodeLogin] [DEBUG] - Request data£º{'grant_type': 'device_token', 'client_id': 'rAK3FfdieFob2Nn8Am', 'secret_type': 'hmac-sha-1', 'code': 'AyB4VMjatcTDtkKgz8uPprvLFrmzZvqwX5d51cuy', 'version': '1.0', 'platform': 'unity', 'info': '{"device_id": "948708974c5549638c58d20f34386d43"}'}
[2024-08-13 16:32:37,786] [TapTapLogin-Request][PhiQRCodeLogin] [DEBUG] - Return header£º{'Date': 'Tue, 13 Aug 2024 08:32:13 GMT', 'Content-Type': 'application/json; charset=utf-8', 'Content-Length': '225', 'Connection': 'keep-alive', 'access-control-allow-origin': '*', 'cache-control': 'no-store', 'set-cookie': 'ACCOUNTS_USER_ID=0; Path=/; Domain=tapapis.cn; Max-Age=0; Secure', 'Strict-Transport-Security': 'max-age=31536000'}
[2024-08-13 16:32:37,786] [TapTapLogin-Request][PhiQRCodeLogin] [DEBUG] - Status code£º400
[2024-08-13 16:32:37,786] [TapTapLogin-Request][PhiQRCodeLogin] [DEBUG] - Return data£º{"data":{"code":-1,"msg":"ÇëÇó´íÎó","error":"authorization_pending","error_description":"oauth2.tapapis.com.AUTHORIZATION_PENDING: InvalidArgument: the end-user authorization is pending"},"now":1723537933,"success":false}
[2024-08-13 16:32:37,787] [QRCodeGetToken-get_token][PhiQRCodeLogin] [DEBUG] - ¶þÎ¬ÂëµÇÂ¼Î´ÊÚÈ¨...
[2024-08-13 16:32:39,911] [connectionpool-_make_request][urllib3.connectionpool] [DEBUG] - https://accounts.tapapis.cn:443 "POST /oauth2/v1/token HTTP/11" 400 225
[2024-08-13 16:32:39,912] [TapTapLogin-Request][PhiQRCodeLogin] [DEBUG] - Request type£ºPOST
[2024-08-13 16:32:39,912] [TapTapLogin-Request][PhiQRCodeLogin] [DEBUG] - Request URL£ºhttps://accounts.tapapis.cn/oauth2/v1/token
[2024-08-13 16:32:39,912] [TapTapLogin-Request][PhiQRCodeLogin] [DEBUG] - Request header£º{'X-LC-Sign': 'd28d5331471ad68df3e4184f6b1182e0,1723537959787'}
[2024-08-13 16:32:39,912] [TapTapLogin-Request][PhiQRCodeLogin] [DEBUG] - Request data£º{'grant_type': 'device_token', 'client_id': 'rAK3FfdieFob2Nn8Am', 'secret_type': 'hmac-sha-1', 'code': 'AyB4VMjatcTDtkKgz8uPprvLFrmzZvqwX5d51cuy', 'version': '1.0', 'platform': 'unity', 'info': '{"device_id": "948708974c5549638c58d20f34386d43"}'}
[2024-08-13 16:32:39,912] [TapTapLogin-Request][PhiQRCodeLogin] [DEBUG] - Return header£º{'Date': 'Tue, 13 Aug 2024 08:32:15 GMT', 'Content-Type': 'application/json; charset=utf-8', 'Content-Length': '225', 'Connection': 'keep-alive', 'access-control-allow-origin': '*', 'cache-control': 'no-store', 'set-cookie': 'ACCOUNTS_USER_ID=0; Path=/; Domain=tapapis.cn; Max-Age=0; Secure', 'Strict-Transport-Security': 'max-age=31536000'}
[2024-08-13 16:32:39,912] [TapTapLogin-Request][PhiQRCodeLogin] [DEBUG] - Status code£º400
[2024-08-13 16:32:39,912] [TapTapLogin-Request][PhiQRCodeLogin] [DEBUG] - Return data£º{"data":{"code":-1,"msg":"ÇëÇó´íÎó","error":"authorization_pending","error_description":"oauth2.tapapis.com.AUTHORIZATION_PENDING: InvalidArgument: the end-user authorization is pending"},"now":1723537935,"success":false}
[2024-08-13 16:32:39,912] [QRCodeGetToken-get_token][PhiQRCodeLogin] [DEBUG] - ¶þÎ¬ÂëµÇÂ¼Î´ÊÚÈ¨...
[2024-08-13 16:32:42,026] [connectionpool-_make_request][urllib3.connectionpool] [DEBUG] - https://accounts.tapapis.cn:443 "POST /oauth2/v1/token HTTP/11" 400 225
[2024-08-13 16:32:42,027] [TapTapLogin-Request][PhiQRCodeLogin] [DEBUG] - Request type£ºPOST
[2024-08-13 16:32:42,027] [TapTapLogin-Request][PhiQRCodeLogin] [DEBUG] - Request URL£ºhttps://accounts.tapapis.cn/oauth2/v1/token
[2024-08-13 16:32:42,027] [TapTapLogin-Request][PhiQRCodeLogin] [DEBUG] - Request header£º{'X-LC-Sign': '41914b7df0ad72c036c1033367039ea1,1723537961913'}
[2024-08-13 16:32:42,027] [TapTapLogin-Request][PhiQRCodeLogin] [DEBUG] - Request data£º{'grant_type': 'device_token', 'client_id': 'rAK3FfdieFob2Nn8Am', 'secret_type': 'hmac-sha-1', 'code': 'AyB4VMjatcTDtkKgz8uPprvLFrmzZvqwX5d51cuy', 'version': '1.0', 'platform': 'unity', 'info': '{"device_id": "948708974c5549638c58d20f34386d43"}'}
[2024-08-13 16:32:42,027] [TapTapLogin-Request][PhiQRCodeLogin] [DEBUG] - Return header£º{'Date': 'Tue, 13 Aug 2024 08:32:17 GMT', 'Content-Type': 'application/json; charset=utf-8', 'Content-Length': '225', 'Connection': 'keep-alive', 'access-control-allow-origin': '*', 'cache-control': 'no-store', 'set-cookie': 'ACCOUNTS_USER_ID=0; Path=/; Domain=tapapis.cn; Max-Age=0; Secure', 'Strict-Transport-Security': 'max-age=31536000'}
[2024-08-13 16:32:42,027] [TapTapLogin-Request][PhiQRCodeLogin] [DEBUG] - Status code£º400
[2024-08-13 16:32:42,027] [TapTapLogin-Request][PhiQRCodeLogin] [DEBUG] - Return data£º{"data":{"code":-1,"msg":"ÇëÇó´íÎó","error":"authorization_pending","error_description":"oauth2.tapapis.com.AUTHORIZATION_PENDING: InvalidArgument: the end-user authorization is pending"},"now":1723537937,"success":false}
[2024-08-13 16:32:42,027] [QRCodeGetToken-get_token][PhiQRCodeLogin] [DEBUG] - ¶þÎ¬ÂëµÇÂ¼Î´ÊÚÈ¨...
[2024-08-13 16:32:44,139] [connectionpool-_make_request][urllib3.connectionpool] [DEBUG] - https://accounts.tapapis.cn:443 "POST /oauth2/v1/token HTTP/11" 400 225
[2024-08-13 16:32:44,139] [TapTapLogin-Request][PhiQRCodeLogin] [DEBUG] - Request type£ºPOST
[2024-08-13 16:32:44,139] [TapTapLogin-Request][PhiQRCodeLogin] [DEBUG] - Request URL£ºhttps://accounts.tapapis.cn/oauth2/v1/token
[2024-08-13 16:32:44,139] [TapTapLogin-Request][PhiQRCodeLogin] [DEBUG] - Request header£º{'X-LC-Sign': 'ee8c70e66ff7cf8ebf76398faef886d7,1723537964028'}
[2024-08-13 16:32:44,139] [TapTapLogin-Request][PhiQRCodeLogin] [DEBUG] - Request data£º{'grant_type': 'device_token', 'client_id': 'rAK3FfdieFob2Nn8Am', 'secret_type': 'hmac-sha-1', 'code': 'AyB4VMjatcTDtkKgz8uPprvLFrmzZvqwX5d51cuy', 'version': '1.0', 'platform': 'unity', 'info': '{"device_id": "948708974c5549638c58d20f34386d43"}'}
[2024-08-13 16:32:44,139] [TapTapLogin-Request][PhiQRCodeLogin] [DEBUG] - Return header£º{'Date': 'Tue, 13 Aug 2024 08:32:19 GMT', 'Content-Type': 'application/json; charset=utf-8', 'Content-Length': '225', 'Connection': 'keep-alive', 'access-control-allow-origin': '*', 'cache-control': 'no-store', 'set-cookie': 'ACCOUNTS_USER_ID=0; Path=/; Domain=tapapis.cn; Max-Age=0; Secure', 'Strict-Transport-Security': 'max-age=31536000'}
[2024-08-13 16:32:44,139] [TapTapLogin-Request][PhiQRCodeLogin] [DEBUG] - Status code£º400
[2024-08-13 16:32:44,139] [TapTapLogin-Request][PhiQRCodeLogin] [DEBUG] - Return data£º{"data":{"code":-1,"msg":"ÇëÇó´íÎó","error":"authorization_pending","error_description":"oauth2.tapapis.com.AUTHORIZATION_PENDING: InvalidArgument: the end-user authorization is pending"},"now":1723537939,"success":false}
[2024-08-13 16:32:44,139] [QRCodeGetToken-get_token][PhiQRCodeLogin] [DEBUG] - ¶þÎ¬ÂëµÇÂ¼Î´ÊÚÈ¨...
