[2024-08-13 16:42:18,399] [TapTapLogin-<module>][PhiQRCodeLogin] [DEBUG] - Logger is loading completed.
[2024-08-13 16:42:18,401] [connectionpool-_new_conn][urllib3.connectionpool] [DEBUG] - Starting new HTTPS connection (1): accounts.tapapis.cn:443
[2024-08-13 16:42:18,717] [connectionpool-_make_request][urllib3.connectionpool] [DEBUG] - https://accounts.tapapis.cn:443 "POST /oauth2/v1/device/code HTTP/11" 200 None
[2024-08-13 16:42:18,718] [TapTapLogin-Request][PhiQRCodeLogin] [DEBUG] - Request type£ºPOST
[2024-08-13 16:42:18,718] [TapTapLogin-Request][PhiQRCodeLogin] [DEBUG] - Request URL£ºhttps://accounts.tapapis.cn/oauth2/v1/device/code
[2024-08-13 16:42:18,719] [TapTapLogin-Request][PhiQRCodeLogin] [DEBUG] - Request header£º{'X-LC-Sign': 'd7c60f2ea4f83162935b118c023840a2,1723538538399'}
[2024-08-13 16:42:18,719] [TapTapLogin-Request][PhiQRCodeLogin] [DEBUG] - Request data£º{'client_id': 'rAK3FfdieFob2Nn8Am', 'response_type': 'device_code', 'scope': 'public_profile', 'version': '2.1', 'platform': 'unity', 'info': "{'device_id': '15b1c9e324f440b79d5ae1313bf415b2'}"}
[2024-08-13 16:42:18,719] [TapTapLogin-Request][PhiQRCodeLogin] [DEBUG] - Return header£º{'Date': 'Tue, 13 Aug 2024 08:41:54 GMT', 'Content-Type': 'application/json; charset=utf-8', 'Transfer-Encoding': 'chunked', 'Connection': 'keep-alive', 'access-control-allow-origin': '*', 'cache-control': 'no-store', 'set-cookie': 'ACCOUNTS_USER_ID=0; Path=/; Domain=tapapis.cn; Max-Age=0; Secure', 'content-encoding': 'gzip', 'vary': 'Accept-Encoding', 'Strict-Transport-Security': 'max-age=31536000'}
[2024-08-13 16:42:18,719] [TapTapLogin-Request][PhiQRCodeLogin] [DEBUG] - Status code£º200
[2024-08-13 16:42:18,719] [TapTapLogin-Request][PhiQRCodeLogin] [DEBUG] - Return data£º{"data":{"device_code":"PgA3dBzJHtVctpaPaBlGWHv9dtRyrB1hWEI1JKqr","user_code":"yob1u","verification_url":"https://accounts.taptap.cn/device","expires_in":300,"interval":2,"qrcode_url":"https://accounts.taptap.cn/device?qrcode=1\u0026user_code=yob1u"},"now":1723538514,"success":true}
[2024-08-13 16:42:18,719] [QRCodeGetToken-get_token][PhiQRCodeLogin] [INFO] - »ñÈ¡¶þÎ¬ÂëÐÅÏ¢³É¹¦£º{'device_id': '15b1c9e324f440b79d5ae1313bf415b2', 'device_code': 'PgA3dBzJHtVctpaPaBlGWHv9dtRyrB1hWEI1JKqr', 'user_code': 'yob1u', 'verification_url': 'https://accounts.taptap.cn/device', 'expires_in': 300, 'interval': 2, 'qrcode_url': 'https://accounts.taptap.cn/device?qrcode=1&user_code=yob1u'}
[2024-08-13 16:42:18,719] [QRCodeGetToken-get_token][PhiQRCodeLogin] [INFO] - ÒÑÉú³É¶þÎ¬Âë£¡
[2024-08-13 16:42:18,833] [connectionpool-_make_request][urllib3.connectionpool] [DEBUG] - https://accounts.tapapis.cn:443 "POST /oauth2/v1/token HTTP/11" 400 225
[2024-08-13 16:42:18,834] [TapTapLogin-Request][PhiQRCodeLogin] [DEBUG] - Request type£ºPOST
[2024-08-13 16:42:18,834] [TapTapLogin-Request][PhiQRCodeLogin] [DEBUG] - Request URL£ºhttps://accounts.tapapis.cn/oauth2/v1/token
[2024-08-13 16:42:18,834] [TapTapLogin-Request][PhiQRCodeLogin] [DEBUG] - Request header£º{'X-LC-Sign': 'f3158887e43a0d6881844d451f8a36c7,1723538538737'}
[2024-08-13 16:42:18,834] [TapTapLogin-Request][PhiQRCodeLogin] [DEBUG] - Request data£º{'grant_type': 'device_token', 'client_id': 'rAK3FfdieFob2Nn8Am', 'secret_type': 'hmac-sha-1', 'code': 'PgA3dBzJHtVctpaPaBlGWHv9dtRyrB1hWEI1JKqr', 'version': '1.0', 'platform': 'unity', 'info': '{"device_id": "15b1c9e324f440b79d5ae1313bf415b2"}'}
[2024-08-13 16:42:18,834] [TapTapLogin-Request][PhiQRCodeLogin] [DEBUG] - Return header£º{'Date': 'Tue, 13 Aug 2024 08:41:54 GMT', 'Content-Type': 'application/json; charset=utf-8', 'Content-Length': '225', 'Connection': 'keep-alive', 'access-control-allow-origin': '*', 'cache-control': 'no-store', 'set-cookie': 'ACCOUNTS_USER_ID=0; Path=/; Domain=tapapis.cn; Max-Age=0; Secure', 'Strict-Transport-Security': 'max-age=31536000'}
[2024-08-13 16:42:18,834] [TapTapLogin-Request][PhiQRCodeLogin] [DEBUG] - Status code£º400
[2024-08-13 16:42:18,834] [TapTapLogin-Request][PhiQRCodeLogin] [DEBUG] - Return data£º{"data":{"code":-1,"msg":"ÇëÇó´íÎó","error":"authorization_pending","error_description":"oauth2.tapapis.com.AUTHORIZATION_PENDING: InvalidArgument: the end-user authorization is pending"},"now":1723538514,"success":false}
[2024-08-13 16:42:18,834] [QRCodeGetToken-get_token][PhiQRCodeLogin] [DEBUG] - ¶þÎ¬ÂëµÇÂ¼Î´ÊÚÈ¨...
[2024-08-13 16:42:20,946] [connectionpool-_make_request][urllib3.connectionpool] [DEBUG] - https://accounts.tapapis.cn:443 "POST /oauth2/v1/token HTTP/11" 400 225
[2024-08-13 16:42:20,946] [TapTapLogin-Request][PhiQRCodeLogin] [DEBUG] - Request type£ºPOST
[2024-08-13 16:42:20,947] [TapTapLogin-Request][PhiQRCodeLogin] [DEBUG] - Request URL£ºhttps://accounts.tapapis.cn/oauth2/v1/token
[2024-08-13 16:42:20,947] [TapTapLogin-Request][PhiQRCodeLogin] [DEBUG] - Request header£º{'X-LC-Sign': 'b2ac1f3fed19fde6fff2d6e9a88b2b3b,1723538540834'}
[2024-08-13 16:42:20,947] [TapTapLogin-Request][PhiQRCodeLogin] [DEBUG] - Request data£º{'grant_type': 'device_token', 'client_id': 'rAK3FfdieFob2Nn8Am', 'secret_type': 'hmac-sha-1', 'code': 'PgA3dBzJHtVctpaPaBlGWHv9dtRyrB1hWEI1JKqr', 'version': '1.0', 'platform': 'unity', 'info': '{"device_id": "15b1c9e324f440b79d5ae1313bf415b2"}'}
[2024-08-13 16:42:20,947] [TapTapLogin-Request][PhiQRCodeLogin] [DEBUG] - Return header£º{'Date': 'Tue, 13 Aug 2024 08:41:56 GMT', 'Content-Type': 'application/json; charset=utf-8', 'Content-Length': '225', 'Connection': 'keep-alive', 'access-control-allow-origin': '*', 'cache-control': 'no-store', 'set-cookie': 'ACCOUNTS_USER_ID=0; Path=/; Domain=tapapis.cn; Max-Age=0; Secure', 'Strict-Transport-Security': 'max-age=31536000'}
[2024-08-13 16:42:20,947] [TapTapLogin-Request][PhiQRCodeLogin] [DEBUG] - Status code£º400
[2024-08-13 16:42:20,947] [TapTapLogin-Request][PhiQRCodeLogin] [DEBUG] - Return data£º{"data":{"code":-1,"msg":"ÇëÇó´íÎó","error":"authorization_pending","error_description":"oauth2.tapapis.com.AUTHORIZATION_PENDING: InvalidArgument: the end-user authorization is pending"},"now":1723538516,"success":false}
[2024-08-13 16:42:20,947] [QRCodeGetToken-get_token][PhiQRCodeLogin] [DEBUG] - ¶þÎ¬ÂëµÇÂ¼Î´ÊÚÈ¨...
[2024-08-13 16:42:23,045] [connectionpool-_make_request][urllib3.connectionpool] [DEBUG] - https://accounts.tapapis.cn:443 "POST /oauth2/v1/token HTTP/11" 400 225
[2024-08-13 16:42:23,045] [TapTapLogin-Request][PhiQRCodeLogin] [DEBUG] - Request type£ºPOST
[2024-08-13 16:42:23,045] [TapTapLogin-Request][PhiQRCodeLogin] [DEBUG] - Request URL£ºhttps://accounts.tapapis.cn/oauth2/v1/token
[2024-08-13 16:42:23,045] [TapTapLogin-Request][PhiQRCodeLogin] [DEBUG] - Request header£º{'X-LC-Sign': '0c56e3fdfceb76e5a95233967564cde1,1723538542947'}
[2024-08-13 16:42:23,045] [TapTapLogin-Request][PhiQRCodeLogin] [DEBUG] - Request data£º{'grant_type': 'device_token', 'client_id': 'rAK3FfdieFob2Nn8Am', 'secret_type': 'hmac-sha-1', 'code': 'PgA3dBzJHtVctpaPaBlGWHv9dtRyrB1hWEI1JKqr', 'version': '1.0', 'platform': 'unity', 'info': '{"device_id": "15b1c9e324f440b79d5ae1313bf415b2"}'}
[2024-08-13 16:42:23,045] [TapTapLogin-Request][PhiQRCodeLogin] [DEBUG] - Return header£º{'Date': 'Tue, 13 Aug 2024 08:41:58 GMT', 'Content-Type': 'application/json; charset=utf-8', 'Content-Length': '225', 'Connection': 'keep-alive', 'access-control-allow-origin': '*', 'cache-control': 'no-store', 'set-cookie': 'ACCOUNTS_USER_ID=0; Path=/; Domain=tapapis.cn; Max-Age=0; Secure', 'Strict-Transport-Security': 'max-age=31536000'}
[2024-08-13 16:42:23,045] [TapTapLogin-Request][PhiQRCodeLogin] [DEBUG] - Status code£º400
[2024-08-13 16:42:23,045] [TapTapLogin-Request][PhiQRCodeLogin] [DEBUG] - Return data£º{"data":{"code":-1,"msg":"ÇëÇó´íÎó","error":"authorization_pending","error_description":"oauth2.tapapis.com.AUTHORIZATION_PENDING: InvalidArgument: the end-user authorization is pending"},"now":1723538518,"success":false}
[2024-08-13 16:42:23,045] [QRCodeGetToken-get_token][PhiQRCodeLogin] [DEBUG] - ¶þÎ¬ÂëµÇÂ¼Î´ÊÚÈ¨...
[2024-08-13 16:42:25,153] [connectionpool-_make_request][urllib3.connectionpool] [DEBUG] - https://accounts.tapapis.cn:443 "POST /oauth2/v1/token HTTP/11" 400 225
[2024-08-13 16:42:25,153] [TapTapLogin-Request][PhiQRCodeLogin] [DEBUG] - Request type£ºPOST
[2024-08-13 16:42:25,153] [TapTapLogin-Request][PhiQRCodeLogin] [DEBUG] - Request URL£ºhttps://accounts.tapapis.cn/oauth2/v1/token
[2024-08-13 16:42:25,153] [TapTapLogin-Request][PhiQRCodeLogin] [DEBUG] - Request header£º{'X-LC-Sign': '4abd7fc955cbed1f3b02a3e98695d30b,1723538545046'}
[2024-08-13 16:42:25,153] [TapTapLogin-Request][PhiQRCodeLogin] [DEBUG] - Request data£º{'grant_type': 'device_token', 'client_id': 'rAK3FfdieFob2Nn8Am', 'secret_type': 'hmac-sha-1', 'code': 'PgA3dBzJHtVctpaPaBlGWHv9dtRyrB1hWEI1JKqr', 'version': '1.0', 'platform': 'unity', 'info': '{"device_id": "15b1c9e324f440b79d5ae1313bf415b2"}'}
[2024-08-13 16:42:25,154] [TapTapLogin-Request][PhiQRCodeLogin] [DEBUG] - Return header£º{'Date': 'Tue, 13 Aug 2024 08:42:00 GMT', 'Content-Type': 'application/json; charset=utf-8', 'Content-Length': '225', 'Connection': 'keep-alive', 'access-control-allow-origin': '*', 'cache-control': 'no-store', 'set-cookie': 'ACCOUNTS_USER_ID=0; Path=/; Domain=tapapis.cn; Max-Age=0; Secure', 'Strict-Transport-Security': 'max-age=31536000'}
[2024-08-13 16:42:25,154] [TapTapLogin-Request][PhiQRCodeLogin] [DEBUG] - Status code£º400
[2024-08-13 16:42:25,154] [TapTapLogin-Request][PhiQRCodeLogin] [DEBUG] - Return data£º{"data":{"code":-1,"msg":"ÇëÇó´íÎó","error":"authorization_pending","error_description":"oauth2.tapapis.com.AUTHORIZATION_PENDING: InvalidArgument: the end-user authorization is pending"},"now":1723538520,"success":false}
[2024-08-13 16:42:25,154] [QRCodeGetToken-get_token][PhiQRCodeLogin] [DEBUG] - ¶þÎ¬ÂëµÇÂ¼Î´ÊÚÈ¨...
[2024-08-13 16:42:27,271] [connectionpool-_make_request][urllib3.connectionpool] [DEBUG] - https://accounts.tapapis.cn:443 "POST /oauth2/v1/token HTTP/11" 400 225
[2024-08-13 16:42:27,271] [TapTapLogin-Request][PhiQRCodeLogin] [DEBUG] - Request type£ºPOST
[2024-08-13 16:42:27,271] [TapTapLogin-Request][PhiQRCodeLogin] [DEBUG] - Request URL£ºhttps://accounts.tapapis.cn/oauth2/v1/token
[2024-08-13 16:42:27,271] [TapTapLogin-Request][PhiQRCodeLogin] [DEBUG] - Request header£º{'X-LC-Sign': '1de39f2d1b9d08a975c8e755caa0e948,1723538547155'}
[2024-08-13 16:42:27,271] [TapTapLogin-Request][PhiQRCodeLogin] [DEBUG] - Request data£º{'grant_type': 'device_token', 'client_id': 'rAK3FfdieFob2Nn8Am', 'secret_type': 'hmac-sha-1', 'code': 'PgA3dBzJHtVctpaPaBlGWHv9dtRyrB1hWEI1JKqr', 'version': '1.0', 'platform': 'unity', 'info': '{"device_id": "15b1c9e324f440b79d5ae1313bf415b2"}'}
[2024-08-13 16:42:27,271] [TapTapLogin-Request][PhiQRCodeLogin] [DEBUG] - Return header£º{'Date': 'Tue, 13 Aug 2024 08:42:02 GMT', 'Content-Type': 'application/json; charset=utf-8', 'Content-Length': '225', 'Connection': 'keep-alive', 'access-control-allow-origin': '*', 'cache-control': 'no-store', 'set-cookie': 'ACCOUNTS_USER_ID=0; Path=/; Domain=tapapis.cn; Max-Age=0; Secure', 'Strict-Transport-Security': 'max-age=31536000'}
[2024-08-13 16:42:27,271] [TapTapLogin-Request][PhiQRCodeLogin] [DEBUG] - Status code£º400
[2024-08-13 16:42:27,272] [TapTapLogin-Request][PhiQRCodeLogin] [DEBUG] - Return data£º{"data":{"code":-1,"msg":"ÇëÇó´íÎó","error":"authorization_pending","error_description":"oauth2.tapapis.com.AUTHORIZATION_PENDING: InvalidArgument: the end-user authorization is pending"},"now":1723538522,"success":false}
[2024-08-13 16:42:27,272] [QRCodeGetToken-get_token][PhiQRCodeLogin] [DEBUG] - ¶þÎ¬ÂëµÇÂ¼Î´ÊÚÈ¨...
[2024-08-13 16:42:29,379] [connectionpool-_make_request][urllib3.connectionpool] [DEBUG] - https://accounts.tapapis.cn:443 "POST /oauth2/v1/token HTTP/11" 400 225
[2024-08-13 16:42:29,379] [TapTapLogin-Request][PhiQRCodeLogin] [DEBUG] - Request type£ºPOST
[2024-08-13 16:42:29,379] [TapTapLogin-Request][PhiQRCodeLogin] [DEBUG] - Request URL£ºhttps://accounts.tapapis.cn/oauth2/v1/token
[2024-08-13 16:42:29,379] [TapTapLogin-Request][PhiQRCodeLogin] [DEBUG] - Request header£º{'X-LC-Sign': '1a525722d99e3818907dda4ae819efc4,1723538549273'}
[2024-08-13 16:42:29,379] [TapTapLogin-Request][PhiQRCodeLogin] [DEBUG] - Request data£º{'grant_type': 'device_token', 'client_id': 'rAK3FfdieFob2Nn8Am', 'secret_type': 'hmac-sha-1', 'code': 'PgA3dBzJHtVctpaPaBlGWHv9dtRyrB1hWEI1JKqr', 'version': '1.0', 'platform': 'unity', 'info': '{"device_id": "15b1c9e324f440b79d5ae1313bf415b2"}'}
[2024-08-13 16:42:29,379] [TapTapLogin-Request][PhiQRCodeLogin] [DEBUG] - Return header£º{'Date': 'Tue, 13 Aug 2024 08:42:04 GMT', 'Content-Type': 'application/json; charset=utf-8', 'Content-Length': '225', 'Connection': 'keep-alive', 'access-control-allow-origin': '*', 'cache-control': 'no-store', 'set-cookie': 'ACCOUNTS_USER_ID=0; Path=/; Domain=tapapis.cn; Max-Age=0; Secure', 'Strict-Transport-Security': 'max-age=31536000'}
[2024-08-13 16:42:29,380] [TapTapLogin-Request][PhiQRCodeLogin] [DEBUG] - Status code£º400
[2024-08-13 16:42:29,380] [TapTapLogin-Request][PhiQRCodeLogin] [DEBUG] - Return data£º{"data":{"code":-1,"msg":"ÇëÇó´íÎó","error":"authorization_pending","error_description":"oauth2.tapapis.com.AUTHORIZATION_PENDING: InvalidArgument: the end-user authorization is pending"},"now":1723538524,"success":false}
[2024-08-13 16:42:29,380] [QRCodeGetToken-get_token][PhiQRCodeLogin] [DEBUG] - ¶þÎ¬ÂëµÇÂ¼Î´ÊÚÈ¨...
[2024-08-13 16:42:31,502] [connectionpool-_make_request][urllib3.connectionpool] [DEBUG] - https://accounts.tapapis.cn:443 "POST /oauth2/v1/token HTTP/11" 400 225
[2024-08-13 16:42:31,502] [TapTapLogin-Request][PhiQRCodeLogin] [DEBUG] - Request type£ºPOST
[2024-08-13 16:42:31,502] [TapTapLogin-Request][PhiQRCodeLogin] [DEBUG] - Request URL£ºhttps://accounts.tapapis.cn/oauth2/v1/token
[2024-08-13 16:42:31,502] [TapTapLogin-Request][PhiQRCodeLogin] [DEBUG] - Request header£º{'X-LC-Sign': 'e47f31a8dfd93ddd3e9b91cbf1719085,1723538551380'}
[2024-08-13 16:42:31,502] [TapTapLogin-Request][PhiQRCodeLogin] [DEBUG] - Request data£º{'grant_type': 'device_token', 'client_id': 'rAK3FfdieFob2Nn8Am', 'secret_type': 'hmac-sha-1', 'code': 'PgA3dBzJHtVctpaPaBlGWHv9dtRyrB1hWEI1JKqr', 'version': '1.0', 'platform': 'unity', 'info': '{"device_id": "15b1c9e324f440b79d5ae1313bf415b2"}'}
[2024-08-13 16:42:31,503] [TapTapLogin-Request][PhiQRCodeLogin] [DEBUG] - Return header£º{'Date': 'Tue, 13 Aug 2024 08:42:06 GMT', 'Content-Type': 'application/json; charset=utf-8', 'Content-Length': '225', 'Connection': 'keep-alive', 'access-control-allow-origin': '*', 'cache-control': 'no-store', 'set-cookie': 'ACCOUNTS_USER_ID=0; Path=/; Domain=tapapis.cn; Max-Age=0; Secure', 'Strict-Transport-Security': 'max-age=31536000'}
[2024-08-13 16:42:31,503] [TapTapLogin-Request][PhiQRCodeLogin] [DEBUG] - Status code£º400
[2024-08-13 16:42:31,503] [TapTapLogin-Request][PhiQRCodeLogin] [DEBUG] - Return data£º{"data":{"code":-1,"msg":"ÇëÇó´íÎó","error":"authorization_pending","error_description":"oauth2.tapapis.com.AUTHORIZATION_PENDING: InvalidArgument: the end-user authorization is pending"},"now":1723538526,"success":false}
[2024-08-13 16:42:31,503] [QRCodeGetToken-get_token][PhiQRCodeLogin] [DEBUG] - ¶þÎ¬ÂëµÇÂ¼Î´ÊÚÈ¨...
[2024-08-13 16:42:33,604] [connectionpool-_make_request][urllib3.connectionpool] [DEBUG] - https://accounts.tapapis.cn:443 "POST /oauth2/v1/token HTTP/11" 400 225
[2024-08-13 16:42:33,604] [TapTapLogin-Request][PhiQRCodeLogin] [DEBUG] - Request type£ºPOST
[2024-08-13 16:42:33,604] [TapTapLogin-Request][PhiQRCodeLogin] [DEBUG] - Request URL£ºhttps://accounts.tapapis.cn/oauth2/v1/token
[2024-08-13 16:42:33,604] [TapTapLogin-Request][PhiQRCodeLogin] [DEBUG] - Request header£º{'X-LC-Sign': 'e6df3bfc79022fa864a05dfb3445a865,1723538553503'}
[2024-08-13 16:42:33,604] [TapTapLogin-Request][PhiQRCodeLogin] [DEBUG] - Request data£º{'grant_type': 'device_token', 'client_id': 'rAK3FfdieFob2Nn8Am', 'secret_type': 'hmac-sha-1', 'code': 'PgA3dBzJHtVctpaPaBlGWHv9dtRyrB1hWEI1JKqr', 'version': '1.0', 'platform': 'unity', 'info': '{"device_id": "15b1c9e324f440b79d5ae1313bf415b2"}'}
[2024-08-13 16:42:33,604] [TapTapLogin-Request][PhiQRCodeLogin] [DEBUG] - Return header£º{'Date': 'Tue, 13 Aug 2024 08:42:09 GMT', 'Content-Type': 'application/json; charset=utf-8', 'Content-Length': '225', 'Connection': 'keep-alive', 'access-control-allow-origin': '*', 'cache-control': 'no-store', 'set-cookie': 'ACCOUNTS_USER_ID=0; Path=/; Domain=tapapis.cn; Max-Age=0; Secure', 'Strict-Transport-Security': 'max-age=31536000'}
[2024-08-13 16:42:33,604] [TapTapLogin-Request][PhiQRCodeLogin] [DEBUG] - Status code£º400
[2024-08-13 16:42:33,604] [TapTapLogin-Request][PhiQRCodeLogin] [DEBUG] - Return data£º{"data":{"code":-1,"msg":"ÇëÇó´íÎó","error":"authorization_pending","error_description":"oauth2.tapapis.com.AUTHORIZATION_PENDING: InvalidArgument: the end-user authorization is pending"},"now":1723538529,"success":false}
[2024-08-13 16:42:33,604] [QRCodeGetToken-get_token][PhiQRCodeLogin] [DEBUG] - ¶þÎ¬ÂëµÇÂ¼Î´ÊÚÈ¨...
[2024-08-13 16:42:35,706] [connectionpool-_make_request][urllib3.connectionpool] [DEBUG] - https://accounts.tapapis.cn:443 "POST /oauth2/v1/token HTTP/11" 400 225
[2024-08-13 16:42:35,706] [TapTapLogin-Request][PhiQRCodeLogin] [DEBUG] - Request type£ºPOST
[2024-08-13 16:42:35,706] [TapTapLogin-Request][PhiQRCodeLogin] [DEBUG] - Request URL£ºhttps://accounts.tapapis.cn/oauth2/v1/token
[2024-08-13 16:42:35,706] [TapTapLogin-Request][PhiQRCodeLogin] [DEBUG] - Request header£º{'X-LC-Sign': '77d8954d6191fe125daa1beb5b93b435,1723538555605'}
[2024-08-13 16:42:35,706] [TapTapLogin-Request][PhiQRCodeLogin] [DEBUG] - Request data£º{'grant_type': 'device_token', 'client_id': 'rAK3FfdieFob2Nn8Am', 'secret_type': 'hmac-sha-1', 'code': 'PgA3dBzJHtVctpaPaBlGWHv9dtRyrB1hWEI1JKqr', 'version': '1.0', 'platform': 'unity', 'info': '{"device_id": "15b1c9e324f440b79d5ae1313bf415b2"}'}
[2024-08-13 16:42:35,706] [TapTapLogin-Request][PhiQRCodeLogin] [DEBUG] - Return header£º{'Date': 'Tue, 13 Aug 2024 08:42:11 GMT', 'Content-Type': 'application/json; charset=utf-8', 'Content-Length': '225', 'Connection': 'keep-alive', 'access-control-allow-origin': '*', 'cache-control': 'no-store', 'set-cookie': 'ACCOUNTS_USER_ID=0; Path=/; Domain=tapapis.cn; Max-Age=0; Secure', 'Strict-Transport-Security': 'max-age=31536000'}
[2024-08-13 16:42:35,706] [TapTapLogin-Request][PhiQRCodeLogin] [DEBUG] - Status code£º400
[2024-08-13 16:42:35,706] [TapTapLogin-Request][PhiQRCodeLogin] [DEBUG] - Return data£º{"data":{"code":-1,"msg":"ÇëÇó´íÎó","error":"authorization_pending","error_description":"oauth2.tapapis.com.AUTHORIZATION_PENDING: InvalidArgument: the end-user authorization is pending"},"now":1723538531,"success":false}
[2024-08-13 16:42:35,706] [QRCodeGetToken-get_token][PhiQRCodeLogin] [DEBUG] - ¶þÎ¬ÂëµÇÂ¼Î´ÊÚÈ¨...
[2024-08-13 16:42:37,811] [connectionpool-_make_request][urllib3.connectionpool] [DEBUG] - https://accounts.tapapis.cn:443 "POST /oauth2/v1/token HTTP/11" 400 225
[2024-08-13 16:42:37,811] [TapTapLogin-Request][PhiQRCodeLogin] [DEBUG] - Request type£ºPOST
[2024-08-13 16:42:37,811] [TapTapLogin-Request][PhiQRCodeLogin] [DEBUG] - Request URL£ºhttps://accounts.tapapis.cn/oauth2/v1/token
[2024-08-13 16:42:37,811] [TapTapLogin-Request][PhiQRCodeLogin] [DEBUG] - Request header£º{'X-LC-Sign': '67c18bdaf3a5ef8b22abab50d6cc0896,1723538557708'}
[2024-08-13 16:42:37,811] [TapTapLogin-Request][PhiQRCodeLogin] [DEBUG] - Request data£º{'grant_type': 'device_token', 'client_id': 'rAK3FfdieFob2Nn8Am', 'secret_type': 'hmac-sha-1', 'code': 'PgA3dBzJHtVctpaPaBlGWHv9dtRyrB1hWEI1JKqr', 'version': '1.0', 'platform': 'unity', 'info': '{"device_id": "15b1c9e324f440b79d5ae1313bf415b2"}'}
[2024-08-13 16:42:37,812] [TapTapLogin-Request][PhiQRCodeLogin] [DEBUG] - Return header£º{'Date': 'Tue, 13 Aug 2024 08:42:13 GMT', 'Content-Type': 'application/json; charset=utf-8', 'Content-Length': '225', 'Connection': 'keep-alive', 'access-control-allow-origin': '*', 'cache-control': 'no-store', 'set-cookie': 'ACCOUNTS_USER_ID=0; Path=/; Domain=tapapis.cn; Max-Age=0; Secure', 'Strict-Transport-Security': 'max-age=31536000'}
[2024-08-13 16:42:37,812] [TapTapLogin-Request][PhiQRCodeLogin] [DEBUG] - Status code£º400
[2024-08-13 16:42:37,812] [TapTapLogin-Request][PhiQRCodeLogin] [DEBUG] - Return data£º{"data":{"code":-1,"msg":"ÇëÇó´íÎó","error":"authorization_pending","error_description":"oauth2.tapapis.com.AUTHORIZATION_PENDING: InvalidArgument: the end-user authorization is pending"},"now":1723538533,"success":false}
[2024-08-13 16:42:37,812] [QRCodeGetToken-get_token][PhiQRCodeLogin] [DEBUG] - ¶þÎ¬ÂëµÇÂ¼Î´ÊÚÈ¨...
[2024-08-13 16:42:40,003] [connectionpool-_make_request][urllib3.connectionpool] [DEBUG] - https://accounts.tapapis.cn:443 "POST /oauth2/v1/token HTTP/11" 400 225
[2024-08-13 16:42:40,003] [TapTapLogin-Request][PhiQRCodeLogin] [DEBUG] - Request type£ºPOST
[2024-08-13 16:42:40,003] [TapTapLogin-Request][PhiQRCodeLogin] [DEBUG] - Request URL£ºhttps://accounts.tapapis.cn/oauth2/v1/token
[2024-08-13 16:42:40,003] [TapTapLogin-Request][PhiQRCodeLogin] [DEBUG] - Request header£º{'X-LC-Sign': '6431fa05419bea8a937fb9ce95027d9b,1723538559813'}
[2024-08-13 16:42:40,003] [TapTapLogin-Request][PhiQRCodeLogin] [DEBUG] - Request data£º{'grant_type': 'device_token', 'client_id': 'rAK3FfdieFob2Nn8Am', 'secret_type': 'hmac-sha-1', 'code': 'PgA3dBzJHtVctpaPaBlGWHv9dtRyrB1hWEI1JKqr', 'version': '1.0', 'platform': 'unity', 'info': '{"device_id": "15b1c9e324f440b79d5ae1313bf415b2"}'}
[2024-08-13 16:42:40,003] [TapTapLogin-Request][PhiQRCodeLogin] [DEBUG] - Return header£º{'Date': 'Tue, 13 Aug 2024 08:42:15 GMT', 'Content-Type': 'application/json; charset=utf-8', 'Content-Length': '225', 'Connection': 'keep-alive', 'access-control-allow-origin': '*', 'cache-control': 'no-store', 'set-cookie': 'ACCOUNTS_USER_ID=0; Path=/; Domain=tapapis.cn; Max-Age=0; Secure', 'Strict-Transport-Security': 'max-age=31536000'}
[2024-08-13 16:42:40,003] [TapTapLogin-Request][PhiQRCodeLogin] [DEBUG] - Status code£º400
[2024-08-13 16:42:40,003] [TapTapLogin-Request][PhiQRCodeLogin] [DEBUG] - Return data£º{"data":{"code":-1,"msg":"ÇëÇó´íÎó","error":"authorization_pending","error_description":"oauth2.tapapis.com.AUTHORIZATION_PENDING: InvalidArgument: the end-user authorization is pending"},"now":1723538535,"success":false}
[2024-08-13 16:42:40,003] [QRCodeGetToken-get_token][PhiQRCodeLogin] [DEBUG] - ¶þÎ¬ÂëµÇÂ¼Î´ÊÚÈ¨...
[2024-08-13 16:42:42,104] [connectionpool-_make_request][urllib3.connectionpool] [DEBUG] - https://accounts.tapapis.cn:443 "POST /oauth2/v1/token HTTP/11" 400 225
[2024-08-13 16:42:42,104] [TapTapLogin-Request][PhiQRCodeLogin] [DEBUG] - Request type£ºPOST
[2024-08-13 16:42:42,104] [TapTapLogin-Request][PhiQRCodeLogin] [DEBUG] - Request URL£ºhttps://accounts.tapapis.cn/oauth2/v1/token
[2024-08-13 16:42:42,104] [TapTapLogin-Request][PhiQRCodeLogin] [DEBUG] - Request header£º{'X-LC-Sign': '16493fa2ae29f953327225656aa6aed7,1723538562004'}
[2024-08-13 16:42:42,105] [TapTapLogin-Request][PhiQRCodeLogin] [DEBUG] - Request data£º{'grant_type': 'device_token', 'client_id': 'rAK3FfdieFob2Nn8Am', 'secret_type': 'hmac-sha-1', 'code': 'PgA3dBzJHtVctpaPaBlGWHv9dtRyrB1hWEI1JKqr', 'version': '1.0', 'platform': 'unity', 'info': '{"device_id": "15b1c9e324f440b79d5ae1313bf415b2"}'}
[2024-08-13 16:42:42,105] [TapTapLogin-Request][PhiQRCodeLogin] [DEBUG] - Return header£º{'Date': 'Tue, 13 Aug 2024 08:42:17 GMT', 'Content-Type': 'application/json; charset=utf-8', 'Content-Length': '225', 'Connection': 'keep-alive', 'access-control-allow-origin': '*', 'cache-control': 'no-store', 'set-cookie': 'ACCOUNTS_USER_ID=0; Path=/; Domain=tapapis.cn; Max-Age=0; Secure', 'Strict-Transport-Security': 'max-age=31536000'}
[2024-08-13 16:42:42,105] [TapTapLogin-Request][PhiQRCodeLogin] [DEBUG] - Status code£º400
[2024-08-13 16:42:42,105] [TapTapLogin-Request][PhiQRCodeLogin] [DEBUG] - Return data£º{"data":{"code":-1,"msg":"ÇëÇó´íÎó","error":"authorization_pending","error_description":"oauth2.tapapis.com.AUTHORIZATION_PENDING: InvalidArgument: the end-user authorization is pending"},"now":1723538537,"success":false}
[2024-08-13 16:42:42,105] [QRCodeGetToken-get_token][PhiQRCodeLogin] [DEBUG] - ¶þÎ¬ÂëµÇÂ¼Î´ÊÚÈ¨...
[2024-08-13 16:42:44,224] [connectionpool-_make_request][urllib3.connectionpool] [DEBUG] - https://accounts.tapapis.cn:443 "POST /oauth2/v1/token HTTP/11" 400 225
[2024-08-13 16:42:44,224] [TapTapLogin-Request][PhiQRCodeLogin] [DEBUG] - Request type£ºPOST
[2024-08-13 16:42:44,224] [TapTapLogin-Request][PhiQRCodeLogin] [DEBUG] - Request URL£ºhttps://accounts.tapapis.cn/oauth2/v1/token
[2024-08-13 16:42:44,224] [TapTapLogin-Request][PhiQRCodeLogin] [DEBUG] - Request header£º{'X-LC-Sign': '85af9f54da4b643e8b5db5bb1d740c91,1723538564105'}
[2024-08-13 16:42:44,224] [TapTapLogin-Request][PhiQRCodeLogin] [DEBUG] - Request data£º{'grant_type': 'device_token', 'client_id': 'rAK3FfdieFob2Nn8Am', 'secret_type': 'hmac-sha-1', 'code': 'PgA3dBzJHtVctpaPaBlGWHv9dtRyrB1hWEI1JKqr', 'version': '1.0', 'platform': 'unity', 'info': '{"device_id": "15b1c9e324f440b79d5ae1313bf415b2"}'}
[2024-08-13 16:42:44,224] [TapTapLogin-Request][PhiQRCodeLogin] [DEBUG] - Return header£º{'Date': 'Tue, 13 Aug 2024 08:42:19 GMT', 'Content-Type': 'application/json; charset=utf-8', 'Content-Length': '225', 'Connection': 'keep-alive', 'access-control-allow-origin': '*', 'cache-control': 'no-store', 'set-cookie': 'ACCOUNTS_USER_ID=0; Path=/; Domain=tapapis.cn; Max-Age=0; Secure', 'Strict-Transport-Security': 'max-age=31536000'}
[2024-08-13 16:42:44,224] [TapTapLogin-Request][PhiQRCodeLogin] [DEBUG] - Status code£º400
[2024-08-13 16:42:44,224] [TapTapLogin-Request][PhiQRCodeLogin] [DEBUG] - Return data£º{"data":{"code":-1,"msg":"ÇëÇó´íÎó","error":"authorization_pending","error_description":"oauth2.tapapis.com.AUTHORIZATION_PENDING: InvalidArgument: the end-user authorization is pending"},"now":1723538539,"success":false}
[2024-08-13 16:42:44,224] [QRCodeGetToken-get_token][PhiQRCodeLogin] [DEBUG] - ¶þÎ¬ÂëµÇÂ¼Î´ÊÚÈ¨...
[2024-08-13 16:42:46,324] [connectionpool-_make_request][urllib3.connectionpool] [DEBUG] - https://accounts.tapapis.cn:443 "POST /oauth2/v1/token HTTP/11" 400 225
[2024-08-13 16:42:46,325] [TapTapLogin-Request][PhiQRCodeLogin] [DEBUG] - Request type£ºPOST
[2024-08-13 16:42:46,325] [TapTapLogin-Request][PhiQRCodeLogin] [DEBUG] - Request URL£ºhttps://accounts.tapapis.cn/oauth2/v1/token
[2024-08-13 16:42:46,325] [TapTapLogin-Request][PhiQRCodeLogin] [DEBUG] - Request header£º{'X-LC-Sign': 'fe81a2fafc2f91575dace95397a6b8e6,1723538566225'}
[2024-08-13 16:42:46,325] [TapTapLogin-Request][PhiQRCodeLogin] [DEBUG] - Request data£º{'grant_type': 'device_token', 'client_id': 'rAK3FfdieFob2Nn8Am', 'secret_type': 'hmac-sha-1', 'code': 'PgA3dBzJHtVctpaPaBlGWHv9dtRyrB1hWEI1JKqr', 'version': '1.0', 'platform': 'unity', 'info': '{"device_id": "15b1c9e324f440b79d5ae1313bf415b2"}'}
[2024-08-13 16:42:46,325] [TapTapLogin-Request][PhiQRCodeLogin] [DEBUG] - Return header£º{'Date': 'Tue, 13 Aug 2024 08:42:21 GMT', 'Content-Type': 'application/json; charset=utf-8', 'Content-Length': '225', 'Connection': 'keep-alive', 'access-control-allow-origin': '*', 'cache-control': 'no-store', 'set-cookie': 'ACCOUNTS_USER_ID=0; Path=/; Domain=tapapis.cn; Max-Age=0; Secure', 'Strict-Transport-Security': 'max-age=31536000'}
[2024-08-13 16:42:46,325] [TapTapLogin-Request][PhiQRCodeLogin] [DEBUG] - Status code£º400
[2024-08-13 16:42:46,325] [TapTapLogin-Request][PhiQRCodeLogin] [DEBUG] - Return data£º{"data":{"code":-1,"msg":"ÇëÇó´íÎó","error":"authorization_pending","error_description":"oauth2.tapapis.com.AUTHORIZATION_PENDING: InvalidArgument: the end-user authorization is pending"},"now":1723538541,"success":false}
[2024-08-13 16:42:46,325] [QRCodeGetToken-get_token][PhiQRCodeLogin] [DEBUG] - ¶þÎ¬ÂëµÇÂ¼Î´ÊÚÈ¨...
[2024-08-13 16:42:48,510] [connectionpool-_make_request][urllib3.connectionpool] [DEBUG] - https://accounts.tapapis.cn:443 "POST /oauth2/v1/token HTTP/11" 400 225
[2024-08-13 16:42:48,510] [TapTapLogin-Request][PhiQRCodeLogin] [DEBUG] - Request type£ºPOST
[2024-08-13 16:42:48,511] [TapTapLogin-Request][PhiQRCodeLogin] [DEBUG] - Request URL£ºhttps://accounts.tapapis.cn/oauth2/v1/token
[2024-08-13 16:42:48,511] [TapTapLogin-Request][PhiQRCodeLogin] [DEBUG] - Request header£º{'X-LC-Sign': 'a19daaafc632c9989f0a5698da934d1c,1723538568326'}
[2024-08-13 16:42:48,511] [TapTapLogin-Request][PhiQRCodeLogin] [DEBUG] - Request data£º{'grant_type': 'device_token', 'client_id': 'rAK3FfdieFob2Nn8Am', 'secret_type': 'hmac-sha-1', 'code': 'PgA3dBzJHtVctpaPaBlGWHv9dtRyrB1hWEI1JKqr', 'version': '1.0', 'platform': 'unity', 'info': '{"device_id": "15b1c9e324f440b79d5ae1313bf415b2"}'}
[2024-08-13 16:42:48,511] [TapTapLogin-Request][PhiQRCodeLogin] [DEBUG] - Return header£º{'Date': 'Tue, 13 Aug 2024 08:42:24 GMT', 'Content-Type': 'application/json; charset=utf-8', 'Content-Length': '225', 'Connection': 'keep-alive', 'access-control-allow-origin': '*', 'cache-control': 'no-store', 'set-cookie': 'ACCOUNTS_USER_ID=0; Path=/; Domain=tapapis.cn; Max-Age=0; Secure', 'Strict-Transport-Security': 'max-age=31536000'}
[2024-08-13 16:42:48,511] [TapTapLogin-Request][PhiQRCodeLogin] [DEBUG] - Status code£º400
[2024-08-13 16:42:48,511] [TapTapLogin-Request][PhiQRCodeLogin] [DEBUG] - Return data£º{"data":{"code":-1,"msg":"ÇëÇó´íÎó","error":"authorization_pending","error_description":"oauth2.tapapis.com.AUTHORIZATION_PENDING: InvalidArgument: the end-user authorization is pending"},"now":1723538543,"success":false}
[2024-08-13 16:42:48,511] [QRCodeGetToken-get_token][PhiQRCodeLogin] [DEBUG] - ¶þÎ¬ÂëµÇÂ¼Î´ÊÚÈ¨...
[2024-08-13 16:42:50,618] [connectionpool-_make_request][urllib3.connectionpool] [DEBUG] - https://accounts.tapapis.cn:443 "POST /oauth2/v1/token HTTP/11" 400 225
[2024-08-13 16:42:50,619] [TapTapLogin-Request][PhiQRCodeLogin] [DEBUG] - Request type£ºPOST
[2024-08-13 16:42:50,619] [TapTapLogin-Request][PhiQRCodeLogin] [DEBUG] - Request URL£ºhttps://accounts.tapapis.cn/oauth2/v1/token
[2024-08-13 16:42:50,619] [TapTapLogin-Request][PhiQRCodeLogin] [DEBUG] - Request header£º{'X-LC-Sign': 'ddb52eeb6ad03a03308c27bd904d4bae,1723538570512'}
[2024-08-13 16:42:50,619] [TapTapLogin-Request][PhiQRCodeLogin] [DEBUG] - Request data£º{'grant_type': 'device_token', 'client_id': 'rAK3FfdieFob2Nn8Am', 'secret_type': 'hmac-sha-1', 'code': 'PgA3dBzJHtVctpaPaBlGWHv9dtRyrB1hWEI1JKqr', 'version': '1.0', 'platform': 'unity', 'info': '{"device_id": "15b1c9e324f440b79d5ae1313bf415b2"}'}
[2024-08-13 16:42:50,619] [TapTapLogin-Request][PhiQRCodeLogin] [DEBUG] - Return header£º{'Date': 'Tue, 13 Aug 2024 08:42:26 GMT', 'Content-Type': 'application/json; charset=utf-8', 'Content-Length': '225', 'Connection': 'keep-alive', 'access-control-allow-origin': '*', 'cache-control': 'no-store', 'set-cookie': 'ACCOUNTS_USER_ID=0; Path=/; Domain=tapapis.cn; Max-Age=0; Secure', 'Strict-Transport-Security': 'max-age=31536000'}
[2024-08-13 16:42:50,619] [TapTapLogin-Request][PhiQRCodeLogin] [DEBUG] - Status code£º400
[2024-08-13 16:42:50,619] [TapTapLogin-Request][PhiQRCodeLogin] [DEBUG] - Return data£º{"data":{"code":-1,"msg":"ÇëÇó´íÎó","error":"authorization_pending","error_description":"oauth2.tapapis.com.AUTHORIZATION_PENDING: InvalidArgument: the end-user authorization is pending"},"now":1723538546,"success":false}
[2024-08-13 16:42:50,619] [QRCodeGetToken-get_token][PhiQRCodeLogin] [DEBUG] - ¶þÎ¬ÂëµÇÂ¼Î´ÊÚÈ¨...
[2024-08-13 16:42:52,722] [connectionpool-_make_request][urllib3.connectionpool] [DEBUG] - https://accounts.tapapis.cn:443 "POST /oauth2/v1/token HTTP/11" 400 225
[2024-08-13 16:42:52,723] [TapTapLogin-Request][PhiQRCodeLogin] [DEBUG] - Request type£ºPOST
[2024-08-13 16:42:52,723] [TapTapLogin-Request][PhiQRCodeLogin] [DEBUG] - Request URL£ºhttps://accounts.tapapis.cn/oauth2/v1/token
[2024-08-13 16:42:52,723] [TapTapLogin-Request][PhiQRCodeLogin] [DEBUG] - Request header£º{'X-LC-Sign': 'a4e7898e9edd6df3eca55cda3e9c720f,1723538572620'}
[2024-08-13 16:42:52,723] [TapTapLogin-Request][PhiQRCodeLogin] [DEBUG] - Request data£º{'grant_type': 'device_token', 'client_id': 'rAK3FfdieFob2Nn8Am', 'secret_type': 'hmac-sha-1', 'code': 'PgA3dBzJHtVctpaPaBlGWHv9dtRyrB1hWEI1JKqr', 'version': '1.0', 'platform': 'unity', 'info': '{"device_id": "15b1c9e324f440b79d5ae1313bf415b2"}'}
[2024-08-13 16:42:52,723] [TapTapLogin-Request][PhiQRCodeLogin] [DEBUG] - Return header£º{'Date': 'Tue, 13 Aug 2024 08:42:28 GMT', 'Content-Type': 'application/json; charset=utf-8', 'Content-Length': '225', 'Connection': 'keep-alive', 'access-control-allow-origin': '*', 'cache-control': 'no-store', 'set-cookie': 'ACCOUNTS_USER_ID=0; Path=/; Domain=tapapis.cn; Max-Age=0; Secure', 'Strict-Transport-Security': 'max-age=31536000'}
[2024-08-13 16:42:52,723] [TapTapLogin-Request][PhiQRCodeLogin] [DEBUG] - Status code£º400
[2024-08-13 16:42:52,723] [TapTapLogin-Request][PhiQRCodeLogin] [DEBUG] - Return data£º{"data":{"code":-1,"msg":"ÇëÇó´íÎó","error":"authorization_pending","error_description":"oauth2.tapapis.com.AUTHORIZATION_PENDING: InvalidArgument: the end-user authorization is pending"},"now":1723538548,"success":false}
[2024-08-13 16:42:52,723] [QRCodeGetToken-get_token][PhiQRCodeLogin] [DEBUG] - ¶þÎ¬ÂëµÇÂ¼Î´ÊÚÈ¨...
[2024-08-13 16:42:54,830] [connectionpool-_make_request][urllib3.connectionpool] [DEBUG] - https://accounts.tapapis.cn:443 "POST /oauth2/v1/token HTTP/11" 400 225
[2024-08-13 16:42:54,830] [TapTapLogin-Request][PhiQRCodeLogin] [DEBUG] - Request type£ºPOST
[2024-08-13 16:42:54,830] [TapTapLogin-Request][PhiQRCodeLogin] [DEBUG] - Request URL£ºhttps://accounts.tapapis.cn/oauth2/v1/token
[2024-08-13 16:42:54,830] [TapTapLogin-Request][PhiQRCodeLogin] [DEBUG] - Request header£º{'X-LC-Sign': '3e214de73ecf0acd8498fd318ec19d87,1723538574724'}
[2024-08-13 16:42:54,830] [TapTapLogin-Request][PhiQRCodeLogin] [DEBUG] - Request data£º{'grant_type': 'device_token', 'client_id': 'rAK3FfdieFob2Nn8Am', 'secret_type': 'hmac-sha-1', 'code': 'PgA3dBzJHtVctpaPaBlGWHv9dtRyrB1hWEI1JKqr', 'version': '1.0', 'platform': 'unity', 'info': '{"device_id": "15b1c9e324f440b79d5ae1313bf415b2"}'}
[2024-08-13 16:42:54,830] [TapTapLogin-Request][PhiQRCodeLogin] [DEBUG] - Return header£º{'Date': 'Tue, 13 Aug 2024 08:42:30 GMT', 'Content-Type': 'application/json; charset=utf-8', 'Content-Length': '225', 'Connection': 'keep-alive', 'access-control-allow-origin': '*', 'cache-control': 'no-store', 'set-cookie': 'ACCOUNTS_USER_ID=0; Path=/; Domain=tapapis.cn; Max-Age=0; Secure', 'Strict-Transport-Security': 'max-age=31536000'}
[2024-08-13 16:42:54,830] [TapTapLogin-Request][PhiQRCodeLogin] [DEBUG] - Status code£º400
[2024-08-13 16:42:54,830] [TapTapLogin-Request][PhiQRCodeLogin] [DEBUG] - Return data£º{"data":{"code":-1,"msg":"ÇëÇó´íÎó","error":"authorization_pending","error_description":"oauth2.tapapis.com.AUTHORIZATION_PENDING: InvalidArgument: the end-user authorization is pending"},"now":1723538550,"success":false}
[2024-08-13 16:42:54,831] [QRCodeGetToken-get_token][PhiQRCodeLogin] [DEBUG] - ¶þÎ¬ÂëµÇÂ¼Î´ÊÚÈ¨...
[2024-08-13 16:42:56,964] [connectionpool-_make_request][urllib3.connectionpool] [DEBUG] - https://accounts.tapapis.cn:443 "POST /oauth2/v1/token HTTP/11" 400 225
[2024-08-13 16:42:56,964] [TapTapLogin-Request][PhiQRCodeLogin] [DEBUG] - Request type£ºPOST
[2024-08-13 16:42:56,964] [TapTapLogin-Request][PhiQRCodeLogin] [DEBUG] - Request URL£ºhttps://accounts.tapapis.cn/oauth2/v1/token
[2024-08-13 16:42:56,964] [TapTapLogin-Request][PhiQRCodeLogin] [DEBUG] - Request header£º{'X-LC-Sign': '0862389b82c0c0c6173827163dfabbfb,1723538576831'}
[2024-08-13 16:42:56,965] [TapTapLogin-Request][PhiQRCodeLogin] [DEBUG] - Request data£º{'grant_type': 'device_token', 'client_id': 'rAK3FfdieFob2Nn8Am', 'secret_type': 'hmac-sha-1', 'code': 'PgA3dBzJHtVctpaPaBlGWHv9dtRyrB1hWEI1JKqr', 'version': '1.0', 'platform': 'unity', 'info': '{"device_id": "15b1c9e324f440b79d5ae1313bf415b2"}'}
[2024-08-13 16:42:56,965] [TapTapLogin-Request][PhiQRCodeLogin] [DEBUG] - Return header£º{'Date': 'Tue, 13 Aug 2024 08:42:32 GMT', 'Content-Type': 'application/json; charset=utf-8', 'Content-Length': '225', 'Connection': 'keep-alive', 'access-control-allow-origin': '*', 'cache-control': 'no-store', 'set-cookie': 'ACCOUNTS_USER_ID=0; Path=/; Domain=tapapis.cn; Max-Age=0; Secure', 'Strict-Transport-Security': 'max-age=31536000'}
[2024-08-13 16:42:56,965] [TapTapLogin-Request][PhiQRCodeLogin] [DEBUG] - Status code£º400
[2024-08-13 16:42:56,965] [TapTapLogin-Request][PhiQRCodeLogin] [DEBUG] - Return data£º{"data":{"code":-1,"msg":"ÇëÇó´íÎó","error":"authorization_pending","error_description":"oauth2.tapapis.com.AUTHORIZATION_PENDING: InvalidArgument: the end-user authorization is pending"},"now":1723538552,"success":false}
[2024-08-13 16:42:56,965] [QRCodeGetToken-get_token][PhiQRCodeLogin] [DEBUG] - ¶þÎ¬ÂëµÇÂ¼Î´ÊÚÈ¨...
[2024-08-13 16:42:59,068] [connectionpool-_make_request][urllib3.connectionpool] [DEBUG] - https://accounts.tapapis.cn:443 "POST /oauth2/v1/token HTTP/11" 400 225
[2024-08-13 16:42:59,068] [TapTapLogin-Request][PhiQRCodeLogin] [DEBUG] - Request type£ºPOST
[2024-08-13 16:42:59,068] [TapTapLogin-Request][PhiQRCodeLogin] [DEBUG] - Request URL£ºhttps://accounts.tapapis.cn/oauth2/v1/token
[2024-08-13 16:42:59,068] [TapTapLogin-Request][PhiQRCodeLogin] [DEBUG] - Request header£º{'X-LC-Sign': 'cdf633e6bd286272b340d359d45151f7,1723538578966'}
[2024-08-13 16:42:59,068] [TapTapLogin-Request][PhiQRCodeLogin] [DEBUG] - Request data£º{'grant_type': 'device_token', 'client_id': 'rAK3FfdieFob2Nn8Am', 'secret_type': 'hmac-sha-1', 'code': 'PgA3dBzJHtVctpaPaBlGWHv9dtRyrB1hWEI1JKqr', 'version': '1.0', 'platform': 'unity', 'info': '{"device_id": "15b1c9e324f440b79d5ae1313bf415b2"}'}
[2024-08-13 16:42:59,068] [TapTapLogin-Request][PhiQRCodeLogin] [DEBUG] - Return header£º{'Date': 'Tue, 13 Aug 2024 08:42:34 GMT', 'Content-Type': 'application/json; charset=utf-8', 'Content-Length': '225', 'Connection': 'keep-alive', 'access-control-allow-origin': '*', 'cache-control': 'no-store', 'set-cookie': 'ACCOUNTS_USER_ID=0; Path=/; Domain=tapapis.cn; Max-Age=0; Secure', 'Strict-Transport-Security': 'max-age=31536000'}
[2024-08-13 16:42:59,068] [TapTapLogin-Request][PhiQRCodeLogin] [DEBUG] - Status code£º400
[2024-08-13 16:42:59,068] [TapTapLogin-Request][PhiQRCodeLogin] [DEBUG] - Return data£º{"data":{"code":-1,"msg":"ÇëÇó´íÎó","error":"authorization_pending","error_description":"oauth2.tapapis.com.AUTHORIZATION_PENDING: InvalidArgument: the end-user authorization is pending"},"now":1723538554,"success":false}
[2024-08-13 16:42:59,068] [QRCodeGetToken-get_token][PhiQRCodeLogin] [DEBUG] - ¶þÎ¬ÂëµÇÂ¼Î´ÊÚÈ¨...
