[2024-08-13 20:18:26,267] [TapTapLogin-<module>][PhiQRCodeLogin] [DEBUG] - Logger is loading completed.
[2024-08-13 20:18:26,269] [connectionpool-_new_conn][urllib3.connectionpool] [DEBUG] - Starting new HTTPS connection (1): accounts.tapapis.cn:443
[2024-08-13 20:18:26,667] [connectionpool-_make_request][urllib3.connectionpool] [DEBUG] - https://accounts.tapapis.cn:443 "POST /oauth2/v1/device/code HTTP/11" 200 None
[2024-08-13 20:18:26,669] [TapTapLogin-Request][PhiQRCodeLogin] [DEBUG] - Request type£ºPOST
[2024-08-13 20:18:26,669] [TapTapLogin-Request][PhiQRCodeLogin] [DEBUG] - Request URL£ºhttps://accounts.tapapis.cn/oauth2/v1/device/code
[2024-08-13 20:18:26,670] [TapTapLogin-Request][PhiQRCodeLogin] [DEBUG] - Request header£º{'X-LC-Sign': 'a7a07aead1272d1204201071f13e0c45,1723551506267'}
[2024-08-13 20:18:26,670] [TapTapLogin-Request][PhiQRCodeLogin] [DEBUG] - Request data£º{'client_id': 'rAK3FfdieFob2Nn8Am', 'response_type': 'device_code', 'scope': 'public_profile', 'version': '2.1', 'platform': 'unity', 'info': "{'device_id': '147147d6f0b74dbaad3d93079693df19'}"}
[2024-08-13 20:18:26,670] [TapTapLogin-Request][PhiQRCodeLogin] [DEBUG] - Return header£º{'Date': 'Tue, 13 Aug 2024 12:18:02 GMT', 'Content-Type': 'application/json; charset=utf-8', 'Transfer-Encoding': 'chunked', 'Connection': 'keep-alive', 'access-control-allow-origin': '*', 'cache-control': 'no-store', 'set-cookie': 'ACCOUNTS_USER_ID=0; Path=/; Domain=tapapis.cn; Max-Age=0; Secure', 'content-encoding': 'gzip', 'vary': 'Accept-Encoding', 'Strict-Transport-Security': 'max-age=31536000'}
[2024-08-13 20:18:26,670] [TapTapLogin-Request][PhiQRCodeLogin] [DEBUG] - Status code£º200
[2024-08-13 20:18:26,670] [TapTapLogin-Request][PhiQRCodeLogin] [DEBUG] - Return data£º{"data":{"device_code":"xivnfn386UYe9qfDxamK9QVhBp8tYHvQAzb9El7M","user_code":"x9ms1","verification_url":"https://accounts.taptap.cn/device","expires_in":300,"interval":2,"qrcode_url":"https://accounts.taptap.cn/device?qrcode=1\u0026user_code=x9ms1"},"now":1723551482,"success":true}
[2024-08-13 20:18:26,671] [QRCodeGetToken-get_token][PhiQRCodeLogin] [INFO] - »ñÈ¡¶þÎ¬ÂëÐÅÏ¢³É¹¦£º{'device_id': '147147d6f0b74dbaad3d93079693df19', 'device_code': 'xivnfn386UYe9qfDxamK9QVhBp8tYHvQAzb9El7M', 'user_code': 'x9ms1', 'verification_url': 'https://accounts.taptap.cn/device', 'expires_in': 300, 'interval': 2, 'qrcode_url': 'https://accounts.taptap.cn/device?qrcode=1&user_code=x9ms1'}
[2024-08-13 20:18:26,671] [QRCodeGetToken-get_token][PhiQRCodeLogin] [INFO] - ÒÑÉú³É¶þÎ¬Âë£¡
[2024-08-13 20:18:26,802] [connectionpool-_make_request][urllib3.connectionpool] [DEBUG] - https://accounts.tapapis.cn:443 "POST /oauth2/v1/token HTTP/11" 400 225
[2024-08-13 20:18:26,803] [TapTapLogin-Request][PhiQRCodeLogin] [DEBUG] - Request type£ºPOST
[2024-08-13 20:18:26,803] [TapTapLogin-Request][PhiQRCodeLogin] [DEBUG] - Request URL£ºhttps://accounts.tapapis.cn/oauth2/v1/token
[2024-08-13 20:18:26,803] [TapTapLogin-Request][PhiQRCodeLogin] [DEBUG] - Request header£º{'X-LC-Sign': 'd6f0bf5a63992dd775446c6013d11af1,1723551506701'}
[2024-08-13 20:18:26,803] [TapTapLogin-Request][PhiQRCodeLogin] [DEBUG] - Request data£º{'grant_type': 'device_token', 'client_id': 'rAK3FfdieFob2Nn8Am', 'secret_type': 'hmac-sha-1', 'code': 'xivnfn386UYe9qfDxamK9QVhBp8tYHvQAzb9El7M', 'version': '1.0', 'platform': 'unity', 'info': '{"device_id": "147147d6f0b74dbaad3d93079693df19"}'}
[2024-08-13 20:18:26,803] [TapTapLogin-Request][PhiQRCodeLogin] [DEBUG] - Return header£º{'Date': 'Tue, 13 Aug 2024 12:18:02 GMT', 'Content-Type': 'application/json; charset=utf-8', 'Content-Length': '225', 'Connection': 'keep-alive', 'access-control-allow-origin': '*', 'cache-control': 'no-store', 'set-cookie': 'ACCOUNTS_USER_ID=0; Path=/; Domain=tapapis.cn; Max-Age=0; Secure', 'Strict-Transport-Security': 'max-age=31536000'}
[2024-08-13 20:18:26,803] [TapTapLogin-Request][PhiQRCodeLogin] [DEBUG] - Status code£º400
[2024-08-13 20:18:26,803] [TapTapLogin-Request][PhiQRCodeLogin] [DEBUG] - Return data£º{"data":{"code":-1,"msg":"ÇëÇó´íÎó","error":"authorization_pending","error_description":"oauth2.tapapis.com.AUTHORIZATION_PENDING: InvalidArgument: the end-user authorization is pending"},"now":1723551482,"success":false}
[2024-08-13 20:18:26,803] [QRCodeGetToken-get_token][PhiQRCodeLogin] [DEBUG] - ¶þÎ¬ÂëµÇÂ¼Î´ÊÚÈ¨...
[2024-08-13 20:18:28,906] [connectionpool-_make_request][urllib3.connectionpool] [DEBUG] - https://accounts.tapapis.cn:443 "POST /oauth2/v1/token HTTP/11" 400 225
[2024-08-13 20:18:28,907] [TapTapLogin-Request][PhiQRCodeLogin] [DEBUG] - Request type£ºPOST
[2024-08-13 20:18:28,908] [TapTapLogin-Request][PhiQRCodeLogin] [DEBUG] - Request URL£ºhttps://accounts.tapapis.cn/oauth2/v1/token
[2024-08-13 20:18:28,908] [TapTapLogin-Request][PhiQRCodeLogin] [DEBUG] - Request header£º{'X-LC-Sign': 'b4e559fdbad3f85bee95e202c422032d,1723551508804'}
[2024-08-13 20:18:28,908] [TapTapLogin-Request][PhiQRCodeLogin] [DEBUG] - Request data£º{'grant_type': 'device_token', 'client_id': 'rAK3FfdieFob2Nn8Am', 'secret_type': 'hmac-sha-1', 'code': 'xivnfn386UYe9qfDxamK9QVhBp8tYHvQAzb9El7M', 'version': '1.0', 'platform': 'unity', 'info': '{"device_id": "147147d6f0b74dbaad3d93079693df19"}'}
[2024-08-13 20:18:28,908] [TapTapLogin-Request][PhiQRCodeLogin] [DEBUG] - Return header£º{'Date': 'Tue, 13 Aug 2024 12:18:04 GMT', 'Content-Type': 'application/json; charset=utf-8', 'Content-Length': '225', 'Connection': 'keep-alive', 'access-control-allow-origin': '*', 'cache-control': 'no-store', 'set-cookie': 'ACCOUNTS_USER_ID=0; Path=/; Domain=tapapis.cn; Max-Age=0; Secure', 'Strict-Transport-Security': 'max-age=31536000'}
[2024-08-13 20:18:28,908] [TapTapLogin-Request][PhiQRCodeLogin] [DEBUG] - Status code£º400
[2024-08-13 20:18:28,908] [TapTapLogin-Request][PhiQRCodeLogin] [DEBUG] - Return data£º{"data":{"code":-1,"msg":"ÇëÇó´íÎó","error":"authorization_pending","error_description":"oauth2.tapapis.com.AUTHORIZATION_PENDING: InvalidArgument: the end-user authorization is pending"},"now":1723551484,"success":false}
[2024-08-13 20:18:28,909] [QRCodeGetToken-get_token][PhiQRCodeLogin] [DEBUG] - ¶þÎ¬ÂëµÇÂ¼Î´ÊÚÈ¨...
[2024-08-13 20:18:31,008] [connectionpool-_make_request][urllib3.connectionpool] [DEBUG] - https://accounts.tapapis.cn:443 "POST /oauth2/v1/token HTTP/11" 400 225
[2024-08-13 20:18:31,009] [TapTapLogin-Request][PhiQRCodeLogin] [DEBUG] - Request type£ºPOST
[2024-08-13 20:18:31,009] [TapTapLogin-Request][PhiQRCodeLogin] [DEBUG] - Request URL£ºhttps://accounts.tapapis.cn/oauth2/v1/token
[2024-08-13 20:18:31,009] [TapTapLogin-Request][PhiQRCodeLogin] [DEBUG] - Request header£º{'X-LC-Sign': '0d0eb86d5b334842f01434711f7a6cad,1723551510910'}
[2024-08-13 20:18:31,009] [TapTapLogin-Request][PhiQRCodeLogin] [DEBUG] - Request data£º{'grant_type': 'device_token', 'client_id': 'rAK3FfdieFob2Nn8Am', 'secret_type': 'hmac-sha-1', 'code': 'xivnfn386UYe9qfDxamK9QVhBp8tYHvQAzb9El7M', 'version': '1.0', 'platform': 'unity', 'info': '{"device_id": "147147d6f0b74dbaad3d93079693df19"}'}
[2024-08-13 20:18:31,009] [TapTapLogin-Request][PhiQRCodeLogin] [DEBUG] - Return header£º{'Date': 'Tue, 13 Aug 2024 12:18:06 GMT', 'Content-Type': 'application/json; charset=utf-8', 'Content-Length': '225', 'Connection': 'keep-alive', 'access-control-allow-origin': '*', 'cache-control': 'no-store', 'set-cookie': 'ACCOUNTS_USER_ID=0; Path=/; Domain=tapapis.cn; Max-Age=0; Secure', 'Strict-Transport-Security': 'max-age=31536000'}
[2024-08-13 20:18:31,009] [TapTapLogin-Request][PhiQRCodeLogin] [DEBUG] - Status code£º400
[2024-08-13 20:18:31,009] [TapTapLogin-Request][PhiQRCodeLogin] [DEBUG] - Return data£º{"data":{"code":-1,"msg":"ÇëÇó´íÎó","error":"authorization_pending","error_description":"oauth2.tapapis.com.AUTHORIZATION_PENDING: InvalidArgument: the end-user authorization is pending"},"now":1723551486,"success":false}
[2024-08-13 20:18:31,009] [QRCodeGetToken-get_token][PhiQRCodeLogin] [DEBUG] - ¶þÎ¬ÂëµÇÂ¼Î´ÊÚÈ¨...
[2024-08-13 20:18:33,108] [connectionpool-_make_request][urllib3.connectionpool] [DEBUG] - https://accounts.tapapis.cn:443 "POST /oauth2/v1/token HTTP/11" 400 225
[2024-08-13 20:18:33,109] [TapTapLogin-Request][PhiQRCodeLogin] [DEBUG] - Request type£ºPOST
[2024-08-13 20:18:33,109] [TapTapLogin-Request][PhiQRCodeLogin] [DEBUG] - Request URL£ºhttps://accounts.tapapis.cn/oauth2/v1/token
[2024-08-13 20:18:33,109] [TapTapLogin-Request][PhiQRCodeLogin] [DEBUG] - Request header£º{'X-LC-Sign': '325e965d886ea165701f027db44982b2,1723551513010'}
[2024-08-13 20:18:33,109] [TapTapLogin-Request][PhiQRCodeLogin] [DEBUG] - Request data£º{'grant_type': 'device_token', 'client_id': 'rAK3FfdieFob2Nn8Am', 'secret_type': 'hmac-sha-1', 'code': 'xivnfn386UYe9qfDxamK9QVhBp8tYHvQAzb9El7M', 'version': '1.0', 'platform': 'unity', 'info': '{"device_id": "147147d6f0b74dbaad3d93079693df19"}'}
[2024-08-13 20:18:33,109] [TapTapLogin-Request][PhiQRCodeLogin] [DEBUG] - Return header£º{'Date': 'Tue, 13 Aug 2024 12:18:08 GMT', 'Content-Type': 'application/json; charset=utf-8', 'Content-Length': '225', 'Connection': 'keep-alive', 'access-control-allow-origin': '*', 'cache-control': 'no-store', 'set-cookie': 'ACCOUNTS_USER_ID=0; Path=/; Domain=tapapis.cn; Max-Age=0; Secure', 'Strict-Transport-Security': 'max-age=31536000'}
[2024-08-13 20:18:33,109] [TapTapLogin-Request][PhiQRCodeLogin] [DEBUG] - Status code£º400
[2024-08-13 20:18:33,109] [TapTapLogin-Request][PhiQRCodeLogin] [DEBUG] - Return data£º{"data":{"code":-1,"msg":"ÇëÇó´íÎó","error":"authorization_pending","error_description":"oauth2.tapapis.com.AUTHORIZATION_PENDING: InvalidArgument: the end-user authorization is pending"},"now":1723551488,"success":false}
[2024-08-13 20:18:33,109] [QRCodeGetToken-get_token][PhiQRCodeLogin] [DEBUG] - ¶þÎ¬ÂëµÇÂ¼Î´ÊÚÈ¨...
[2024-08-13 20:18:35,214] [connectionpool-_make_request][urllib3.connectionpool] [DEBUG] - https://accounts.tapapis.cn:443 "POST /oauth2/v1/token HTTP/11" 400 225
[2024-08-13 20:18:35,214] [TapTapLogin-Request][PhiQRCodeLogin] [DEBUG] - Request type£ºPOST
[2024-08-13 20:18:35,215] [TapTapLogin-Request][PhiQRCodeLogin] [DEBUG] - Request URL£ºhttps://accounts.tapapis.cn/oauth2/v1/token
[2024-08-13 20:18:35,215] [TapTapLogin-Request][PhiQRCodeLogin] [DEBUG] - Request header£º{'X-LC-Sign': '65af0c587cbdb8996af7c675a7681602,1723551515110'}
[2024-08-13 20:18:35,215] [TapTapLogin-Request][PhiQRCodeLogin] [DEBUG] - Request data£º{'grant_type': 'device_token', 'client_id': 'rAK3FfdieFob2Nn8Am', 'secret_type': 'hmac-sha-1', 'code': 'xivnfn386UYe9qfDxamK9QVhBp8tYHvQAzb9El7M', 'version': '1.0', 'platform': 'unity', 'info': '{"device_id": "147147d6f0b74dbaad3d93079693df19"}'}
[2024-08-13 20:18:35,215] [TapTapLogin-Request][PhiQRCodeLogin] [DEBUG] - Return header£º{'Date': 'Tue, 13 Aug 2024 12:18:10 GMT', 'Content-Type': 'application/json; charset=utf-8', 'Content-Length': '225', 'Connection': 'keep-alive', 'access-control-allow-origin': '*', 'cache-control': 'no-store', 'set-cookie': 'ACCOUNTS_USER_ID=0; Path=/; Domain=tapapis.cn; Max-Age=0; Secure', 'Strict-Transport-Security': 'max-age=31536000'}
[2024-08-13 20:18:35,215] [TapTapLogin-Request][PhiQRCodeLogin] [DEBUG] - Status code£º400
[2024-08-13 20:18:35,215] [TapTapLogin-Request][PhiQRCodeLogin] [DEBUG] - Return data£º{"data":{"code":-1,"msg":"ÇëÇó´íÎó","error":"authorization_pending","error_description":"oauth2.tapapis.com.AUTHORIZATION_PENDING: InvalidArgument: the end-user authorization is pending"},"now":1723551490,"success":false}
[2024-08-13 20:18:35,215] [QRCodeGetToken-get_token][PhiQRCodeLogin] [DEBUG] - ¶þÎ¬ÂëµÇÂ¼Î´ÊÚÈ¨...
[2024-08-13 20:18:37,323] [connectionpool-_make_request][urllib3.connectionpool] [DEBUG] - https://accounts.tapapis.cn:443 "POST /oauth2/v1/token HTTP/11" 400 225
[2024-08-13 20:18:37,324] [TapTapLogin-Request][PhiQRCodeLogin] [DEBUG] - Request type£ºPOST
[2024-08-13 20:18:37,324] [TapTapLogin-Request][PhiQRCodeLogin] [DEBUG] - Request URL£ºhttps://accounts.tapapis.cn/oauth2/v1/token
[2024-08-13 20:18:37,324] [TapTapLogin-Request][PhiQRCodeLogin] [DEBUG] - Request header£º{'X-LC-Sign': 'e8d9bc0c4aea1907787226fc1bb0904b,1723551517216'}
[2024-08-13 20:18:37,324] [TapTapLogin-Request][PhiQRCodeLogin] [DEBUG] - Request data£º{'grant_type': 'device_token', 'client_id': 'rAK3FfdieFob2Nn8Am', 'secret_type': 'hmac-sha-1', 'code': 'xivnfn386UYe9qfDxamK9QVhBp8tYHvQAzb9El7M', 'version': '1.0', 'platform': 'unity', 'info': '{"device_id": "147147d6f0b74dbaad3d93079693df19"}'}
[2024-08-13 20:18:37,324] [TapTapLogin-Request][PhiQRCodeLogin] [DEBUG] - Return header£º{'Date': 'Tue, 13 Aug 2024 12:18:12 GMT', 'Content-Type': 'application/json; charset=utf-8', 'Content-Length': '225', 'Connection': 'keep-alive', 'access-control-allow-origin': '*', 'cache-control': 'no-store', 'set-cookie': 'ACCOUNTS_USER_ID=0; Path=/; Domain=tapapis.cn; Max-Age=0; Secure', 'Strict-Transport-Security': 'max-age=31536000'}
[2024-08-13 20:18:37,324] [TapTapLogin-Request][PhiQRCodeLogin] [DEBUG] - Status code£º400
[2024-08-13 20:18:37,324] [TapTapLogin-Request][PhiQRCodeLogin] [DEBUG] - Return data£º{"data":{"code":-1,"msg":"ÇëÇó´íÎó","error":"authorization_pending","error_description":"oauth2.tapapis.com.AUTHORIZATION_PENDING: InvalidArgument: the end-user authorization is pending"},"now":1723551492,"success":false}
[2024-08-13 20:18:37,325] [QRCodeGetToken-get_token][PhiQRCodeLogin] [DEBUG] - ¶þÎ¬ÂëµÇÂ¼Î´ÊÚÈ¨...
[2024-08-13 20:18:39,424] [connectionpool-_make_request][urllib3.connectionpool] [DEBUG] - https://accounts.tapapis.cn:443 "POST /oauth2/v1/token HTTP/11" 400 225
[2024-08-13 20:18:39,425] [TapTapLogin-Request][PhiQRCodeLogin] [DEBUG] - Request type£ºPOST
[2024-08-13 20:18:39,425] [TapTapLogin-Request][PhiQRCodeLogin] [DEBUG] - Request URL£ºhttps://accounts.tapapis.cn/oauth2/v1/token
[2024-08-13 20:18:39,425] [TapTapLogin-Request][PhiQRCodeLogin] [DEBUG] - Request header£º{'X-LC-Sign': '4b75794bb78cb17debbe13aade6a28d2,1723551519325'}
[2024-08-13 20:18:39,425] [TapTapLogin-Request][PhiQRCodeLogin] [DEBUG] - Request data£º{'grant_type': 'device_token', 'client_id': 'rAK3FfdieFob2Nn8Am', 'secret_type': 'hmac-sha-1', 'code': 'xivnfn386UYe9qfDxamK9QVhBp8tYHvQAzb9El7M', 'version': '1.0', 'platform': 'unity', 'info': '{"device_id": "147147d6f0b74dbaad3d93079693df19"}'}
[2024-08-13 20:18:39,425] [TapTapLogin-Request][PhiQRCodeLogin] [DEBUG] - Return header£º{'Date': 'Tue, 13 Aug 2024 12:18:15 GMT', 'Content-Type': 'application/json; charset=utf-8', 'Content-Length': '225', 'Connection': 'keep-alive', 'access-control-allow-origin': '*', 'cache-control': 'no-store', 'set-cookie': 'ACCOUNTS_USER_ID=0; Path=/; Domain=tapapis.cn; Max-Age=0; Secure', 'Strict-Transport-Security': 'max-age=31536000'}
[2024-08-13 20:18:39,425] [TapTapLogin-Request][PhiQRCodeLogin] [DEBUG] - Status code£º400
[2024-08-13 20:18:39,425] [TapTapLogin-Request][PhiQRCodeLogin] [DEBUG] - Return data£º{"data":{"code":-1,"msg":"ÇëÇó´íÎó","error":"authorization_pending","error_description":"oauth2.tapapis.com.AUTHORIZATION_PENDING: InvalidArgument: the end-user authorization is pending"},"now":1723551495,"success":false}
[2024-08-13 20:18:39,425] [QRCodeGetToken-get_token][PhiQRCodeLogin] [DEBUG] - ¶þÎ¬ÂëµÇÂ¼Î´ÊÚÈ¨...
[2024-08-13 20:18:41,532] [connectionpool-_make_request][urllib3.connectionpool] [DEBUG] - https://accounts.tapapis.cn:443 "POST /oauth2/v1/token HTTP/11" 400 225
[2024-08-13 20:18:41,532] [TapTapLogin-Request][PhiQRCodeLogin] [DEBUG] - Request type£ºPOST
[2024-08-13 20:18:41,532] [TapTapLogin-Request][PhiQRCodeLogin] [DEBUG] - Request URL£ºhttps://accounts.tapapis.cn/oauth2/v1/token
[2024-08-13 20:18:41,532] [TapTapLogin-Request][PhiQRCodeLogin] [DEBUG] - Request header£º{'X-LC-Sign': 'f309f54f6b623c683308cb33c15dcd4a,1723551521426'}
[2024-08-13 20:18:41,532] [TapTapLogin-Request][PhiQRCodeLogin] [DEBUG] - Request data£º{'grant_type': 'device_token', 'client_id': 'rAK3FfdieFob2Nn8Am', 'secret_type': 'hmac-sha-1', 'code': 'xivnfn386UYe9qfDxamK9QVhBp8tYHvQAzb9El7M', 'version': '1.0', 'platform': 'unity', 'info': '{"device_id": "147147d6f0b74dbaad3d93079693df19"}'}
[2024-08-13 20:18:41,533] [TapTapLogin-Request][PhiQRCodeLogin] [DEBUG] - Return header£º{'Date': 'Tue, 13 Aug 2024 12:18:17 GMT', 'Content-Type': 'application/json; charset=utf-8', 'Content-Length': '225', 'Connection': 'keep-alive', 'access-control-allow-origin': '*', 'cache-control': 'no-store', 'set-cookie': 'ACCOUNTS_USER_ID=0; Path=/; Domain=tapapis.cn; Max-Age=0; Secure', 'Strict-Transport-Security': 'max-age=31536000'}
[2024-08-13 20:18:41,533] [TapTapLogin-Request][PhiQRCodeLogin] [DEBUG] - Status code£º400
[2024-08-13 20:18:41,533] [TapTapLogin-Request][PhiQRCodeLogin] [DEBUG] - Return data£º{"data":{"code":-1,"msg":"ÇëÇó´íÎó","error":"authorization_pending","error_description":"oauth2.tapapis.com.AUTHORIZATION_PENDING: InvalidArgument: the end-user authorization is pending"},"now":1723551497,"success":false}
[2024-08-13 20:18:41,533] [QRCodeGetToken-get_token][PhiQRCodeLogin] [DEBUG] - ¶þÎ¬ÂëµÇÂ¼Î´ÊÚÈ¨...
[2024-08-13 20:18:43,635] [connectionpool-_make_request][urllib3.connectionpool] [DEBUG] - https://accounts.tapapis.cn:443 "POST /oauth2/v1/token HTTP/11" 400 225
[2024-08-13 20:18:43,635] [TapTapLogin-Request][PhiQRCodeLogin] [DEBUG] - Request type£ºPOST
[2024-08-13 20:18:43,636] [TapTapLogin-Request][PhiQRCodeLogin] [DEBUG] - Request URL£ºhttps://accounts.tapapis.cn/oauth2/v1/token
[2024-08-13 20:18:43,636] [TapTapLogin-Request][PhiQRCodeLogin] [DEBUG] - Request header£º{'X-LC-Sign': '382641c5de893df3c1ebbc3d728aeb44,1723551523534'}
[2024-08-13 20:18:43,636] [TapTapLogin-Request][PhiQRCodeLogin] [DEBUG] - Request data£º{'grant_type': 'device_token', 'client_id': 'rAK3FfdieFob2Nn8Am', 'secret_type': 'hmac-sha-1', 'code': 'xivnfn386UYe9qfDxamK9QVhBp8tYHvQAzb9El7M', 'version': '1.0', 'platform': 'unity', 'info': '{"device_id": "147147d6f0b74dbaad3d93079693df19"}'}
[2024-08-13 20:18:43,636] [TapTapLogin-Request][PhiQRCodeLogin] [DEBUG] - Return header£º{'Date': 'Tue, 13 Aug 2024 12:18:19 GMT', 'Content-Type': 'application/json; charset=utf-8', 'Content-Length': '225', 'Connection': 'keep-alive', 'access-control-allow-origin': '*', 'cache-control': 'no-store', 'set-cookie': 'ACCOUNTS_USER_ID=0; Path=/; Domain=tapapis.cn; Max-Age=0; Secure', 'Strict-Transport-Security': 'max-age=31536000'}
[2024-08-13 20:18:43,636] [TapTapLogin-Request][PhiQRCodeLogin] [DEBUG] - Status code£º400
[2024-08-13 20:18:43,636] [TapTapLogin-Request][PhiQRCodeLogin] [DEBUG] - Return data£º{"data":{"code":-1,"msg":"ÇëÇó´íÎó","error":"authorization_pending","error_description":"oauth2.tapapis.com.AUTHORIZATION_PENDING: InvalidArgument: the end-user authorization is pending"},"now":1723551499,"success":false}
[2024-08-13 20:18:43,636] [QRCodeGetToken-get_token][PhiQRCodeLogin] [DEBUG] - ¶þÎ¬ÂëµÇÂ¼Î´ÊÚÈ¨...
[2024-08-13 20:18:45,867] [connectionpool-_make_request][urllib3.connectionpool] [DEBUG] - https://accounts.tapapis.cn:443 "POST /oauth2/v1/token HTTP/11" 400 225
[2024-08-13 20:18:45,868] [TapTapLogin-Request][PhiQRCodeLogin] [DEBUG] - Request type£ºPOST
[2024-08-13 20:18:45,868] [TapTapLogin-Request][PhiQRCodeLogin] [DEBUG] - Request URL£ºhttps://accounts.tapapis.cn/oauth2/v1/token
[2024-08-13 20:18:45,869] [TapTapLogin-Request][PhiQRCodeLogin] [DEBUG] - Request header£º{'X-LC-Sign': 'dffc58957b044cb099298c3ae0033c53,1723551525636'}
[2024-08-13 20:18:45,869] [TapTapLogin-Request][PhiQRCodeLogin] [DEBUG] - Request data£º{'grant_type': 'device_token', 'client_id': 'rAK3FfdieFob2Nn8Am', 'secret_type': 'hmac-sha-1', 'code': 'xivnfn386UYe9qfDxamK9QVhBp8tYHvQAzb9El7M', 'version': '1.0', 'platform': 'unity', 'info': '{"device_id": "147147d6f0b74dbaad3d93079693df19"}'}
[2024-08-13 20:18:45,869] [TapTapLogin-Request][PhiQRCodeLogin] [DEBUG] - Return header£º{'Date': 'Tue, 13 Aug 2024 12:18:21 GMT', 'Content-Type': 'application/json; charset=utf-8', 'Content-Length': '225', 'Connection': 'keep-alive', 'access-control-allow-origin': '*', 'cache-control': 'no-store', 'set-cookie': 'ACCOUNTS_USER_ID=0; Path=/; Domain=tapapis.cn; Max-Age=0; Secure', 'Strict-Transport-Security': 'max-age=31536000'}
[2024-08-13 20:18:45,869] [TapTapLogin-Request][PhiQRCodeLogin] [DEBUG] - Status code£º400
[2024-08-13 20:18:45,869] [TapTapLogin-Request][PhiQRCodeLogin] [DEBUG] - Return data£º{"data":{"code":-1,"msg":"ÇëÇó´íÎó","error":"authorization_pending","error_description":"oauth2.tapapis.com.AUTHORIZATION_PENDING: InvalidArgument: the end-user authorization is pending"},"now":1723551501,"success":false}
[2024-08-13 20:18:45,870] [QRCodeGetToken-get_token][PhiQRCodeLogin] [DEBUG] - ¶þÎ¬ÂëµÇÂ¼Î´ÊÚÈ¨...
[2024-08-13 20:18:47,988] [connectionpool-_make_request][urllib3.connectionpool] [DEBUG] - https://accounts.tapapis.cn:443 "POST /oauth2/v1/token HTTP/11" 400 225
[2024-08-13 20:18:47,988] [TapTapLogin-Request][PhiQRCodeLogin] [DEBUG] - Request type£ºPOST
[2024-08-13 20:18:47,988] [TapTapLogin-Request][PhiQRCodeLogin] [DEBUG] - Request URL£ºhttps://accounts.tapapis.cn/oauth2/v1/token
[2024-08-13 20:18:47,988] [TapTapLogin-Request][PhiQRCodeLogin] [DEBUG] - Request header£º{'X-LC-Sign': '211213b35b09b21d1dc851f57ab91ca4,1723551527870'}
[2024-08-13 20:18:47,988] [TapTapLogin-Request][PhiQRCodeLogin] [DEBUG] - Request data£º{'grant_type': 'device_token', 'client_id': 'rAK3FfdieFob2Nn8Am', 'secret_type': 'hmac-sha-1', 'code': 'xivnfn386UYe9qfDxamK9QVhBp8tYHvQAzb9El7M', 'version': '1.0', 'platform': 'unity', 'info': '{"device_id": "147147d6f0b74dbaad3d93079693df19"}'}
[2024-08-13 20:18:47,989] [TapTapLogin-Request][PhiQRCodeLogin] [DEBUG] - Return header£º{'Date': 'Tue, 13 Aug 2024 12:18:23 GMT', 'Content-Type': 'application/json; charset=utf-8', 'Content-Length': '225', 'Connection': 'keep-alive', 'access-control-allow-origin': '*', 'cache-control': 'no-store', 'set-cookie': 'ACCOUNTS_USER_ID=0; Path=/; Domain=tapapis.cn; Max-Age=0; Secure', 'Strict-Transport-Security': 'max-age=31536000'}
[2024-08-13 20:18:47,989] [TapTapLogin-Request][PhiQRCodeLogin] [DEBUG] - Status code£º400
[2024-08-13 20:18:47,989] [TapTapLogin-Request][PhiQRCodeLogin] [DEBUG] - Return data£º{"data":{"code":-1,"msg":"ÇëÇó´íÎó","error":"authorization_pending","error_description":"oauth2.tapapis.com.AUTHORIZATION_PENDING: InvalidArgument: the end-user authorization is pending"},"now":1723551503,"success":false}
[2024-08-13 20:18:47,989] [QRCodeGetToken-get_token][PhiQRCodeLogin] [DEBUG] - ¶þÎ¬ÂëµÇÂ¼Î´ÊÚÈ¨...
[2024-08-13 20:18:50,097] [connectionpool-_make_request][urllib3.connectionpool] [DEBUG] - https://accounts.tapapis.cn:443 "POST /oauth2/v1/token HTTP/11" 400 225
[2024-08-13 20:18:50,098] [TapTapLogin-Request][PhiQRCodeLogin] [DEBUG] - Request type£ºPOST
[2024-08-13 20:18:50,098] [TapTapLogin-Request][PhiQRCodeLogin] [DEBUG] - Request URL£ºhttps://accounts.tapapis.cn/oauth2/v1/token
[2024-08-13 20:18:50,098] [TapTapLogin-Request][PhiQRCodeLogin] [DEBUG] - Request header£º{'X-LC-Sign': 'af3de6ce7997fc42514ce86f905b0575,1723551529990'}
[2024-08-13 20:18:50,098] [TapTapLogin-Request][PhiQRCodeLogin] [DEBUG] - Request data£º{'grant_type': 'device_token', 'client_id': 'rAK3FfdieFob2Nn8Am', 'secret_type': 'hmac-sha-1', 'code': 'xivnfn386UYe9qfDxamK9QVhBp8tYHvQAzb9El7M', 'version': '1.0', 'platform': 'unity', 'info': '{"device_id": "147147d6f0b74dbaad3d93079693df19"}'}
[2024-08-13 20:18:50,098] [TapTapLogin-Request][PhiQRCodeLogin] [DEBUG] - Return header£º{'Date': 'Tue, 13 Aug 2024 12:18:25 GMT', 'Content-Type': 'application/json; charset=utf-8', 'Content-Length': '225', 'Connection': 'keep-alive', 'access-control-allow-origin': '*', 'cache-control': 'no-store', 'set-cookie': 'ACCOUNTS_USER_ID=0; Path=/; Domain=tapapis.cn; Max-Age=0; Secure', 'Strict-Transport-Security': 'max-age=31536000'}
[2024-08-13 20:18:50,098] [TapTapLogin-Request][PhiQRCodeLogin] [DEBUG] - Status code£º400
[2024-08-13 20:18:50,098] [TapTapLogin-Request][PhiQRCodeLogin] [DEBUG] - Return data£º{"data":{"code":-1,"msg":"ÇëÇó´íÎó","error":"authorization_pending","error_description":"oauth2.tapapis.com.AUTHORIZATION_PENDING: InvalidArgument: the end-user authorization is pending"},"now":1723551505,"success":false}
[2024-08-13 20:18:50,098] [QRCodeGetToken-get_token][PhiQRCodeLogin] [DEBUG] - ¶þÎ¬ÂëµÇÂ¼Î´ÊÚÈ¨...
[2024-08-13 20:18:52,209] [connectionpool-_make_request][urllib3.connectionpool] [DEBUG] - https://accounts.tapapis.cn:443 "POST /oauth2/v1/token HTTP/11" 400 225
[2024-08-13 20:18:52,210] [TapTapLogin-Request][PhiQRCodeLogin] [DEBUG] - Request type£ºPOST
[2024-08-13 20:18:52,210] [TapTapLogin-Request][PhiQRCodeLogin] [DEBUG] - Request URL£ºhttps://accounts.tapapis.cn/oauth2/v1/token
[2024-08-13 20:18:52,210] [TapTapLogin-Request][PhiQRCodeLogin] [DEBUG] - Request header£º{'X-LC-Sign': 'ada3b21136f9edc52a4764e353c44c5c,1723551532099'}
[2024-08-13 20:18:52,210] [TapTapLogin-Request][PhiQRCodeLogin] [DEBUG] - Request data£º{'grant_type': 'device_token', 'client_id': 'rAK3FfdieFob2Nn8Am', 'secret_type': 'hmac-sha-1', 'code': 'xivnfn386UYe9qfDxamK9QVhBp8tYHvQAzb9El7M', 'version': '1.0', 'platform': 'unity', 'info': '{"device_id": "147147d6f0b74dbaad3d93079693df19"}'}
[2024-08-13 20:18:52,210] [TapTapLogin-Request][PhiQRCodeLogin] [DEBUG] - Return header£º{'Date': 'Tue, 13 Aug 2024 12:18:27 GMT', 'Content-Type': 'application/json; charset=utf-8', 'Content-Length': '225', 'Connection': 'keep-alive', 'access-control-allow-origin': '*', 'cache-control': 'no-store', 'set-cookie': 'ACCOUNTS_USER_ID=0; Path=/; Domain=tapapis.cn; Max-Age=0; Secure', 'Strict-Transport-Security': 'max-age=31536000'}
[2024-08-13 20:18:52,210] [TapTapLogin-Request][PhiQRCodeLogin] [DEBUG] - Status code£º400
[2024-08-13 20:18:52,210] [TapTapLogin-Request][PhiQRCodeLogin] [DEBUG] - Return data£º{"data":{"code":-1,"msg":"ÇëÇó´íÎó","error":"authorization_pending","error_description":"oauth2.tapapis.com.AUTHORIZATION_PENDING: InvalidArgument: the end-user authorization is pending"},"now":1723551507,"success":false}
[2024-08-13 20:18:52,210] [QRCodeGetToken-get_token][PhiQRCodeLogin] [DEBUG] - ¶þÎ¬ÂëµÇÂ¼Î´ÊÚÈ¨...
[2024-08-13 20:18:54,319] [connectionpool-_make_request][urllib3.connectionpool] [DEBUG] - https://accounts.tapapis.cn:443 "POST /oauth2/v1/token HTTP/11" 400 225
[2024-08-13 20:18:54,320] [TapTapLogin-Request][PhiQRCodeLogin] [DEBUG] - Request type£ºPOST
[2024-08-13 20:18:54,320] [TapTapLogin-Request][PhiQRCodeLogin] [DEBUG] - Request URL£ºhttps://accounts.tapapis.cn/oauth2/v1/token
[2024-08-13 20:18:54,320] [TapTapLogin-Request][PhiQRCodeLogin] [DEBUG] - Request header£º{'X-LC-Sign': 'ef05f1dc1f423dcc5fb80e8042c4f580,1723551534211'}
[2024-08-13 20:18:54,320] [TapTapLogin-Request][PhiQRCodeLogin] [DEBUG] - Request data£º{'grant_type': 'device_token', 'client_id': 'rAK3FfdieFob2Nn8Am', 'secret_type': 'hmac-sha-1', 'code': 'xivnfn386UYe9qfDxamK9QVhBp8tYHvQAzb9El7M', 'version': '1.0', 'platform': 'unity', 'info': '{"device_id": "147147d6f0b74dbaad3d93079693df19"}'}
[2024-08-13 20:18:54,320] [TapTapLogin-Request][PhiQRCodeLogin] [DEBUG] - Return header£º{'Date': 'Tue, 13 Aug 2024 12:18:29 GMT', 'Content-Type': 'application/json; charset=utf-8', 'Content-Length': '225', 'Connection': 'keep-alive', 'access-control-allow-origin': '*', 'cache-control': 'no-store', 'set-cookie': 'ACCOUNTS_USER_ID=0; Path=/; Domain=tapapis.cn; Max-Age=0; Secure', 'Strict-Transport-Security': 'max-age=31536000'}
[2024-08-13 20:18:54,320] [TapTapLogin-Request][PhiQRCodeLogin] [DEBUG] - Status code£º400
[2024-08-13 20:18:54,320] [TapTapLogin-Request][PhiQRCodeLogin] [DEBUG] - Return data£º{"data":{"code":-1,"msg":"ÇëÇó´íÎó","error":"authorization_pending","error_description":"oauth2.tapapis.com.AUTHORIZATION_PENDING: InvalidArgument: the end-user authorization is pending"},"now":1723551509,"success":false}
[2024-08-13 20:18:54,320] [QRCodeGetToken-get_token][PhiQRCodeLogin] [DEBUG] - ¶þÎ¬ÂëµÇÂ¼Î´ÊÚÈ¨...
[2024-08-13 20:18:56,430] [connectionpool-_make_request][urllib3.connectionpool] [DEBUG] - https://accounts.tapapis.cn:443 "POST /oauth2/v1/token HTTP/11" 400 225
[2024-08-13 20:18:56,431] [TapTapLogin-Request][PhiQRCodeLogin] [DEBUG] - Request type£ºPOST
[2024-08-13 20:18:56,431] [TapTapLogin-Request][PhiQRCodeLogin] [DEBUG] - Request URL£ºhttps://accounts.tapapis.cn/oauth2/v1/token
[2024-08-13 20:18:56,431] [TapTapLogin-Request][PhiQRCodeLogin] [DEBUG] - Request header£º{'X-LC-Sign': '78a509d7c7a460a6fbeff3a40b8516a1,1723551536321'}
[2024-08-13 20:18:56,431] [TapTapLogin-Request][PhiQRCodeLogin] [DEBUG] - Request data£º{'grant_type': 'device_token', 'client_id': 'rAK3FfdieFob2Nn8Am', 'secret_type': 'hmac-sha-1', 'code': 'xivnfn386UYe9qfDxamK9QVhBp8tYHvQAzb9El7M', 'version': '1.0', 'platform': 'unity', 'info': '{"device_id": "147147d6f0b74dbaad3d93079693df19"}'}
[2024-08-13 20:18:56,431] [TapTapLogin-Request][PhiQRCodeLogin] [DEBUG] - Return header£º{'Date': 'Tue, 13 Aug 2024 12:18:32 GMT', 'Content-Type': 'application/json; charset=utf-8', 'Content-Length': '225', 'Connection': 'keep-alive', 'access-control-allow-origin': '*', 'cache-control': 'no-store', 'set-cookie': 'ACCOUNTS_USER_ID=0; Path=/; Domain=tapapis.cn; Max-Age=0; Secure', 'Strict-Transport-Security': 'max-age=31536000'}
[2024-08-13 20:18:56,431] [TapTapLogin-Request][PhiQRCodeLogin] [DEBUG] - Status code£º400
[2024-08-13 20:18:56,431] [TapTapLogin-Request][PhiQRCodeLogin] [DEBUG] - Return data£º{"data":{"code":-1,"msg":"ÇëÇó´íÎó","error":"authorization_pending","error_description":"oauth2.tapapis.com.AUTHORIZATION_PENDING: InvalidArgument: the end-user authorization is pending"},"now":1723551512,"success":false}
[2024-08-13 20:18:56,431] [QRCodeGetToken-get_token][PhiQRCodeLogin] [DEBUG] - ¶þÎ¬ÂëµÇÂ¼Î´ÊÚÈ¨...
[2024-08-13 20:18:58,544] [connectionpool-_make_request][urllib3.connectionpool] [DEBUG] - https://accounts.tapapis.cn:443 "POST /oauth2/v1/token HTTP/11" 400 225
[2024-08-13 20:18:58,546] [TapTapLogin-Request][PhiQRCodeLogin] [DEBUG] - Request type£ºPOST
[2024-08-13 20:18:58,546] [TapTapLogin-Request][PhiQRCodeLogin] [DEBUG] - Request URL£ºhttps://accounts.tapapis.cn/oauth2/v1/token
[2024-08-13 20:18:58,546] [TapTapLogin-Request][PhiQRCodeLogin] [DEBUG] - Request header£º{'X-LC-Sign': 'ac0a9db578f91815718dc78eabc8cac4,1723551538432'}
[2024-08-13 20:18:58,546] [TapTapLogin-Request][PhiQRCodeLogin] [DEBUG] - Request data£º{'grant_type': 'device_token', 'client_id': 'rAK3FfdieFob2Nn8Am', 'secret_type': 'hmac-sha-1', 'code': 'xivnfn386UYe9qfDxamK9QVhBp8tYHvQAzb9El7M', 'version': '1.0', 'platform': 'unity', 'info': '{"device_id": "147147d6f0b74dbaad3d93079693df19"}'}
[2024-08-13 20:18:58,547] [TapTapLogin-Request][PhiQRCodeLogin] [DEBUG] - Return header£º{'Date': 'Tue, 13 Aug 2024 12:18:34 GMT', 'Content-Type': 'application/json; charset=utf-8', 'Content-Length': '225', 'Connection': 'keep-alive', 'access-control-allow-origin': '*', 'cache-control': 'no-store', 'set-cookie': 'ACCOUNTS_USER_ID=0; Path=/; Domain=tapapis.cn; Max-Age=0; Secure', 'Strict-Transport-Security': 'max-age=31536000'}
[2024-08-13 20:18:58,547] [TapTapLogin-Request][PhiQRCodeLogin] [DEBUG] - Status code£º400
[2024-08-13 20:18:58,547] [TapTapLogin-Request][PhiQRCodeLogin] [DEBUG] - Return data£º{"data":{"code":-1,"msg":"ÇëÇó´íÎó","error":"authorization_pending","error_description":"oauth2.tapapis.com.AUTHORIZATION_PENDING: InvalidArgument: the end-user authorization is pending"},"now":1723551514,"success":false}
[2024-08-13 20:18:58,547] [QRCodeGetToken-get_token][PhiQRCodeLogin] [DEBUG] - ¶þÎ¬ÂëµÇÂ¼Î´ÊÚÈ¨...
[2024-08-13 20:19:00,655] [connectionpool-_make_request][urllib3.connectionpool] [DEBUG] - https://accounts.tapapis.cn:443 "POST /oauth2/v1/token HTTP/11" 400 225
[2024-08-13 20:19:00,656] [TapTapLogin-Request][PhiQRCodeLogin] [DEBUG] - Request type£ºPOST
[2024-08-13 20:19:00,656] [TapTapLogin-Request][PhiQRCodeLogin] [DEBUG] - Request URL£ºhttps://accounts.tapapis.cn/oauth2/v1/token
[2024-08-13 20:19:00,656] [TapTapLogin-Request][PhiQRCodeLogin] [DEBUG] - Request header£º{'X-LC-Sign': '3eff77c257cae99db2234afff6399150,1723551540548'}
[2024-08-13 20:19:00,656] [TapTapLogin-Request][PhiQRCodeLogin] [DEBUG] - Request data£º{'grant_type': 'device_token', 'client_id': 'rAK3FfdieFob2Nn8Am', 'secret_type': 'hmac-sha-1', 'code': 'xivnfn386UYe9qfDxamK9QVhBp8tYHvQAzb9El7M', 'version': '1.0', 'platform': 'unity', 'info': '{"device_id": "147147d6f0b74dbaad3d93079693df19"}'}
[2024-08-13 20:19:00,657] [TapTapLogin-Request][PhiQRCodeLogin] [DEBUG] - Return header£º{'Date': 'Tue, 13 Aug 2024 12:18:36 GMT', 'Content-Type': 'application/json; charset=utf-8', 'Content-Length': '225', 'Connection': 'keep-alive', 'access-control-allow-origin': '*', 'cache-control': 'no-store', 'set-cookie': 'ACCOUNTS_USER_ID=0; Path=/; Domain=tapapis.cn; Max-Age=0; Secure', 'Strict-Transport-Security': 'max-age=31536000'}
[2024-08-13 20:19:00,657] [TapTapLogin-Request][PhiQRCodeLogin] [DEBUG] - Status code£º400
[2024-08-13 20:19:00,657] [TapTapLogin-Request][PhiQRCodeLogin] [DEBUG] - Return data£º{"data":{"code":-1,"msg":"ÇëÇó´íÎó","error":"authorization_pending","error_description":"oauth2.tapapis.com.AUTHORIZATION_PENDING: InvalidArgument: the end-user authorization is pending"},"now":1723551516,"success":false}
[2024-08-13 20:19:00,658] [QRCodeGetToken-get_token][PhiQRCodeLogin] [DEBUG] - ¶þÎ¬ÂëµÇÂ¼Î´ÊÚÈ¨...
[2024-08-13 20:19:02,769] [connectionpool-_make_request][urllib3.connectionpool] [DEBUG] - https://accounts.tapapis.cn:443 "POST /oauth2/v1/token HTTP/11" 400 225
[2024-08-13 20:19:02,770] [TapTapLogin-Request][PhiQRCodeLogin] [DEBUG] - Request type£ºPOST
[2024-08-13 20:19:02,770] [TapTapLogin-Request][PhiQRCodeLogin] [DEBUG] - Request URL£ºhttps://accounts.tapapis.cn/oauth2/v1/token
[2024-08-13 20:19:02,770] [TapTapLogin-Request][PhiQRCodeLogin] [DEBUG] - Request header£º{'X-LC-Sign': '3113b422261e9d14181bde634c44930d,1723551542659'}
[2024-08-13 20:19:02,770] [TapTapLogin-Request][PhiQRCodeLogin] [DEBUG] - Request data£º{'grant_type': 'device_token', 'client_id': 'rAK3FfdieFob2Nn8Am', 'secret_type': 'hmac-sha-1', 'code': 'xivnfn386UYe9qfDxamK9QVhBp8tYHvQAzb9El7M', 'version': '1.0', 'platform': 'unity', 'info': '{"device_id": "147147d6f0b74dbaad3d93079693df19"}'}
[2024-08-13 20:19:02,771] [TapTapLogin-Request][PhiQRCodeLogin] [DEBUG] - Return header£º{'Date': 'Tue, 13 Aug 2024 12:18:38 GMT', 'Content-Type': 'application/json; charset=utf-8', 'Content-Length': '225', 'Connection': 'keep-alive', 'access-control-allow-origin': '*', 'cache-control': 'no-store', 'set-cookie': 'ACCOUNTS_USER_ID=0; Path=/; Domain=tapapis.cn; Max-Age=0; Secure', 'Strict-Transport-Security': 'max-age=31536000'}
[2024-08-13 20:19:02,771] [TapTapLogin-Request][PhiQRCodeLogin] [DEBUG] - Status code£º400
[2024-08-13 20:19:02,771] [TapTapLogin-Request][PhiQRCodeLogin] [DEBUG] - Return data£º{"data":{"code":-1,"msg":"ÇëÇó´íÎó","error":"authorization_pending","error_description":"oauth2.tapapis.com.AUTHORIZATION_PENDING: InvalidArgument: the end-user authorization is pending"},"now":1723551518,"success":false}
[2024-08-13 20:19:02,771] [QRCodeGetToken-get_token][PhiQRCodeLogin] [DEBUG] - ¶þÎ¬ÂëµÇÂ¼Î´ÊÚÈ¨...
[2024-08-13 20:19:04,901] [connectionpool-_make_request][urllib3.connectionpool] [DEBUG] - https://accounts.tapapis.cn:443 "POST /oauth2/v1/token HTTP/11" 400 225
[2024-08-13 20:19:04,902] [TapTapLogin-Request][PhiQRCodeLogin] [DEBUG] - Request type£ºPOST
[2024-08-13 20:19:04,902] [TapTapLogin-Request][PhiQRCodeLogin] [DEBUG] - Request URL£ºhttps://accounts.tapapis.cn/oauth2/v1/token
[2024-08-13 20:19:04,902] [TapTapLogin-Request][PhiQRCodeLogin] [DEBUG] - Request header£º{'X-LC-Sign': 'bdd320cef5f3d8e1215df0e056c52e7b,1723551544772'}
[2024-08-13 20:19:04,902] [TapTapLogin-Request][PhiQRCodeLogin] [DEBUG] - Request data£º{'grant_type': 'device_token', 'client_id': 'rAK3FfdieFob2Nn8Am', 'secret_type': 'hmac-sha-1', 'code': 'xivnfn386UYe9qfDxamK9QVhBp8tYHvQAzb9El7M', 'version': '1.0', 'platform': 'unity', 'info': '{"device_id": "147147d6f0b74dbaad3d93079693df19"}'}
[2024-08-13 20:19:04,903] [TapTapLogin-Request][PhiQRCodeLogin] [DEBUG] - Return header£º{'Date': 'Tue, 13 Aug 2024 12:18:40 GMT', 'Content-Type': 'application/json; charset=utf-8', 'Content-Length': '225', 'Connection': 'keep-alive', 'access-control-allow-origin': '*', 'cache-control': 'no-store', 'set-cookie': 'ACCOUNTS_USER_ID=0; Path=/; Domain=tapapis.cn; Max-Age=0; Secure', 'Strict-Transport-Security': 'max-age=31536000'}
[2024-08-13 20:19:04,903] [TapTapLogin-Request][PhiQRCodeLogin] [DEBUG] - Status code£º400
[2024-08-13 20:19:04,903] [TapTapLogin-Request][PhiQRCodeLogin] [DEBUG] - Return data£º{"data":{"code":-1,"msg":"ÇëÇó´íÎó","error":"authorization_pending","error_description":"oauth2.tapapis.com.AUTHORIZATION_PENDING: InvalidArgument: the end-user authorization is pending"},"now":1723551520,"success":false}
[2024-08-13 20:19:04,903] [QRCodeGetToken-get_token][PhiQRCodeLogin] [DEBUG] - ¶þÎ¬ÂëµÇÂ¼Î´ÊÚÈ¨...
[2024-08-13 20:19:07,012] [connectionpool-_make_request][urllib3.connectionpool] [DEBUG] - https://accounts.tapapis.cn:443 "POST /oauth2/v1/token HTTP/11" 400 225
[2024-08-13 20:19:07,013] [TapTapLogin-Request][PhiQRCodeLogin] [DEBUG] - Request type£ºPOST
[2024-08-13 20:19:07,014] [TapTapLogin-Request][PhiQRCodeLogin] [DEBUG] - Request URL£ºhttps://accounts.tapapis.cn/oauth2/v1/token
[2024-08-13 20:19:07,014] [TapTapLogin-Request][PhiQRCodeLogin] [DEBUG] - Request header£º{'X-LC-Sign': 'd8caf630403195cf01b2be527b06ece9,1723551546904'}
[2024-08-13 20:19:07,014] [TapTapLogin-Request][PhiQRCodeLogin] [DEBUG] - Request data£º{'grant_type': 'device_token', 'client_id': 'rAK3FfdieFob2Nn8Am', 'secret_type': 'hmac-sha-1', 'code': 'xivnfn386UYe9qfDxamK9QVhBp8tYHvQAzb9El7M', 'version': '1.0', 'platform': 'unity', 'info': '{"device_id": "147147d6f0b74dbaad3d93079693df19"}'}
[2024-08-13 20:19:07,014] [TapTapLogin-Request][PhiQRCodeLogin] [DEBUG] - Return header£º{'Date': 'Tue, 13 Aug 2024 12:18:42 GMT', 'Content-Type': 'application/json; charset=utf-8', 'Content-Length': '225', 'Connection': 'keep-alive', 'access-control-allow-origin': '*', 'cache-control': 'no-store', 'set-cookie': 'ACCOUNTS_USER_ID=0; Path=/; Domain=tapapis.cn; Max-Age=0; Secure', 'Strict-Transport-Security': 'max-age=31536000'}
[2024-08-13 20:19:07,014] [TapTapLogin-Request][PhiQRCodeLogin] [DEBUG] - Status code£º400
[2024-08-13 20:19:07,014] [TapTapLogin-Request][PhiQRCodeLogin] [DEBUG] - Return data£º{"data":{"code":-1,"msg":"ÇëÇó´íÎó","error":"authorization_pending","error_description":"oauth2.tapapis.com.AUTHORIZATION_PENDING: InvalidArgument: the end-user authorization is pending"},"now":1723551522,"success":false}
[2024-08-13 20:19:07,014] [QRCodeGetToken-get_token][PhiQRCodeLogin] [DEBUG] - ¶þÎ¬ÂëµÇÂ¼Î´ÊÚÈ¨...
[2024-08-13 20:19:09,122] [connectionpool-_make_request][urllib3.connectionpool] [DEBUG] - https://accounts.tapapis.cn:443 "POST /oauth2/v1/token HTTP/11" 400 225
[2024-08-13 20:19:09,122] [TapTapLogin-Request][PhiQRCodeLogin] [DEBUG] - Request type£ºPOST
[2024-08-13 20:19:09,122] [TapTapLogin-Request][PhiQRCodeLogin] [DEBUG] - Request URL£ºhttps://accounts.tapapis.cn/oauth2/v1/token
[2024-08-13 20:19:09,122] [TapTapLogin-Request][PhiQRCodeLogin] [DEBUG] - Request header£º{'X-LC-Sign': 'fda1a62416c06b52514600cb7424dfe2,1723551549015'}
[2024-08-13 20:19:09,122] [TapTapLogin-Request][PhiQRCodeLogin] [DEBUG] - Request data£º{'grant_type': 'device_token', 'client_id': 'rAK3FfdieFob2Nn8Am', 'secret_type': 'hmac-sha-1', 'code': 'xivnfn386UYe9qfDxamK9QVhBp8tYHvQAzb9El7M', 'version': '1.0', 'platform': 'unity', 'info': '{"device_id": "147147d6f0b74dbaad3d93079693df19"}'}
[2024-08-13 20:19:09,122] [TapTapLogin-Request][PhiQRCodeLogin] [DEBUG] - Return header£º{'Date': 'Tue, 13 Aug 2024 12:18:44 GMT', 'Content-Type': 'application/json; charset=utf-8', 'Content-Length': '225', 'Connection': 'keep-alive', 'access-control-allow-origin': '*', 'cache-control': 'no-store', 'set-cookie': 'ACCOUNTS_USER_ID=0; Path=/; Domain=tapapis.cn; Max-Age=0; Secure', 'Strict-Transport-Security': 'max-age=31536000'}
[2024-08-13 20:19:09,123] [TapTapLogin-Request][PhiQRCodeLogin] [DEBUG] - Status code£º400
[2024-08-13 20:19:09,123] [TapTapLogin-Request][PhiQRCodeLogin] [DEBUG] - Return data£º{"data":{"code":-1,"msg":"ÇëÇó´íÎó","error":"authorization_pending","error_description":"oauth2.tapapis.com.AUTHORIZATION_PENDING: InvalidArgument: the end-user authorization is pending"},"now":1723551524,"success":false}
[2024-08-13 20:19:09,123] [QRCodeGetToken-get_token][PhiQRCodeLogin] [DEBUG] - ¶þÎ¬ÂëµÇÂ¼Î´ÊÚÈ¨...
[2024-08-13 20:19:11,233] [connectionpool-_make_request][urllib3.connectionpool] [DEBUG] - https://accounts.tapapis.cn:443 "POST /oauth2/v1/token HTTP/11" 400 225
[2024-08-13 20:19:11,234] [TapTapLogin-Request][PhiQRCodeLogin] [DEBUG] - Request type£ºPOST
[2024-08-13 20:19:11,234] [TapTapLogin-Request][PhiQRCodeLogin] [DEBUG] - Request URL£ºhttps://accounts.tapapis.cn/oauth2/v1/token
[2024-08-13 20:19:11,234] [TapTapLogin-Request][PhiQRCodeLogin] [DEBUG] - Request header£º{'X-LC-Sign': '98a7d85cb6129e6bc73b177733106218,1723551551123'}
[2024-08-13 20:19:11,234] [TapTapLogin-Request][PhiQRCodeLogin] [DEBUG] - Request data£º{'grant_type': 'device_token', 'client_id': 'rAK3FfdieFob2Nn8Am', 'secret_type': 'hmac-sha-1', 'code': 'xivnfn386UYe9qfDxamK9QVhBp8tYHvQAzb9El7M', 'version': '1.0', 'platform': 'unity', 'info': '{"device_id": "147147d6f0b74dbaad3d93079693df19"}'}
[2024-08-13 20:19:11,235] [TapTapLogin-Request][PhiQRCodeLogin] [DEBUG] - Return header£º{'Date': 'Tue, 13 Aug 2024 12:18:46 GMT', 'Content-Type': 'application/json; charset=utf-8', 'Content-Length': '225', 'Connection': 'keep-alive', 'access-control-allow-origin': '*', 'cache-control': 'no-store', 'set-cookie': 'ACCOUNTS_USER_ID=0; Path=/; Domain=tapapis.cn; Max-Age=0; Secure', 'Strict-Transport-Security': 'max-age=31536000'}
[2024-08-13 20:19:11,235] [TapTapLogin-Request][PhiQRCodeLogin] [DEBUG] - Status code£º400
[2024-08-13 20:19:11,235] [TapTapLogin-Request][PhiQRCodeLogin] [DEBUG] - Return data£º{"data":{"code":-1,"msg":"ÇëÇó´íÎó","error":"authorization_pending","error_description":"oauth2.tapapis.com.AUTHORIZATION_PENDING: InvalidArgument: the end-user authorization is pending"},"now":1723551526,"success":false}
[2024-08-13 20:19:11,235] [QRCodeGetToken-get_token][PhiQRCodeLogin] [DEBUG] - ¶þÎ¬ÂëµÇÂ¼Î´ÊÚÈ¨...
